\BOOKMARK [-1][-]{part.1}{\376\377\000I\000\040\000I\000n\000t\000r\000o}{}% 1
\BOOKMARK [0][-]{chapter.1}{\376\377\000I\000n\000t\000r\000o\000d\000u\000k\000t\000i\000o\000n}{part.1}% 2
\BOOKMARK [1][-]{section.1.1}{\376\377\000H\000i\000s\000t\000o\000r\000i\000e}{chapter.1}% 3
\BOOKMARK [2][-]{subsection.1.1.1}{\376\377\000T\000i\000d\000l\000i\000g\000e\000\040\000S\000y\000s\000t\000e\000m\000e\000r}{section.1.1}% 4
\BOOKMARK [2][-]{subsection.1.1.2}{\376\377\000F\000r\000e\000m\000k\000o\000m\000s\000t\000e\000n\000\040\000a\000f\000\040\000P\000L\000C\000'\000e\000r}{section.1.1}% 5
\BOOKMARK [2][-]{subsection.1.1.3}{\376\377\000S\000e\000r\000i\000e\000l\000l\000e\000\040\000P\000r\000o\000t\000o\000k\000o\000l\000l\000e\000r}{section.1.1}% 6
\BOOKMARK [2][-]{subsection.1.1.4}{\376\377\000F\000i\000e\000l\000d\000b\000u\000s\000\040\000T\000e\000k\000n\000o\000l\000o\000g\000i\000e\000r}{section.1.1}% 7
\BOOKMARK [1][-]{section.1.2}{\376\377\000E\000t\000h\000e\000r\000n\000e\000t\000-\000b\000a\000s\000e\000r\000e\000d\000e\000\040\000N\000e\000t\000v\000\346\000r\000k}{chapter.1}% 8
\BOOKMARK [1][-]{section.1.3}{\376\377\000I\000n\000d\000u\000s\000t\000r\000i\000\040\0004\000.\0000\000\040\000o\000g\000\040\000I\000o\000T}{chapter.1}% 9
\BOOKMARK [-1][-]{part.2}{\376\377\000I\000I\000\040\000F\000u\000n\000d\000a\000m\000e\000n\000t\000a\000l\000e\000\040\000I\000T\000-\000N\000e\000t\000v\000\346\000r\000k\000s\000t\000e\000k\000n\000o\000l\000o\000g\000i\000e\000r}{}% 10
\BOOKMARK [0][-]{chapter.2}{\376\377\000I\000n\000t\000r\000o\000d\000u\000k\000t\000i\000o\000n\000\040\000t\000i\000l\000\040\000I\000T\000-\000N\000e\000t\000v\000\346\000r\000k}{part.2}% 11
\BOOKMARK [1][-]{section.2.1}{\376\377\000G\000r\000u\000n\000d\000l\000\346\000g\000g\000e\000n\000d\000e\000\040\000N\000e\000t\000v\000\346\000r\000k\000s\000b\000e\000g\000r\000e\000b\000e\000r}{chapter.2}% 12
\BOOKMARK [1][-]{section.2.2}{\376\377\000H\000v\000a\000d\000\040\000e\000r\000\040\000e\000t\000\040\000n\000e\000t\000v\000\346\000r\000k\000?}{chapter.2}% 13
\BOOKMARK [1][-]{section.2.3}{\376\377\000N\000e\000t\000v\000\346\000r\000k\000s\000t\000y\000p\000e\000r}{chapter.2}% 14
\BOOKMARK [1][-]{section.2.4}{\376\377\000N\000e\000t\000v\000\346\000r\000k\000e\000t\000s\000\040\000b\000e\000t\000y\000d\000n\000i\000n\000g}{chapter.2}% 15
\BOOKMARK [1][-]{section.2.5}{\376\377\000N\000e\000t\000v\000\346\000r\000k\000s\000h\000a\000r\000d\000w\000a\000r\000e}{chapter.2}% 16
\BOOKMARK [2][-]{subsection.2.5.1}{\376\377\000R\000e\000p\000e\000a\000t\000e\000r\000s\000\040\000o\000g\000\040\000H\000u\000b\000s}{section.2.5}% 17
\BOOKMARK [2][-]{subsection.2.5.2}{\376\377\000S\000w\000i\000t\000c\000h\000e\000s}{section.2.5}% 18
\BOOKMARK [2][-]{subsection.2.5.3}{\376\377\000R\000o\000u\000t\000e\000r\000e}{section.2.5}% 19
\BOOKMARK [2][-]{subsection.2.5.4}{\376\377\000M\000o\000d\000e\000m\000s}{section.2.5}% 20
\BOOKMARK [1][-]{section.2.6}{\376\377\000S\000a\000m\000m\000e\000n\000h\000\346\000n\000g\000\040\000m\000e\000l\000l\000e\000m\000\040\000N\000e\000t\000v\000\346\000r\000k\000s\000h\000a\000r\000d\000w\000a\000r\000e}{chapter.2}% 21
\BOOKMARK [1][-]{section.2.7}{\376\377\000C\000i\000r\000c\000u\000i\000t\000\040\000S\000w\000i\000t\000c\000h\000i\000n\000g\000\040\000o\000g\000\040\000P\000a\000c\000k\000e\000t\000\040\000S\000w\000i\000t\000c\000h\000i\000n\000g}{chapter.2}% 22
\BOOKMARK [2][-]{subsection.2.7.1}{\376\377\000C\000i\000r\000c\000u\000i\000t\000\040\000S\000w\000i\000t\000c\000h\000i\000n\000g}{section.2.7}% 23
\BOOKMARK [2][-]{subsection.2.7.2}{\376\377\000P\000a\000c\000k\000e\000t\000\040\000S\000w\000i\000t\000c\000h\000i\000n\000g}{section.2.7}% 24
\BOOKMARK [2][-]{subsection.2.7.3}{\376\377\000F\000o\000r\000b\000i\000n\000d\000e\000l\000s\000e\000s\000o\000r\000i\000e\000n\000t\000e\000r\000e\000t\000\040\000o\000g\000\040\000F\000o\000r\000b\000i\000n\000d\000e\000l\000s\000e\000s\000l\000\370\000s\000\040\000K\000o\000m\000m\000u\000n\000i\000k\000a\000t\000i\000o\000n}{section.2.7}% 25
\BOOKMARK [2][-]{subsection.2.7.4}{\376\377\000P\000r\000a\000k\000t\000i\000s\000k\000\040\000A\000n\000v\000e\000n\000d\000e\000l\000s\000e}{section.2.7}% 26
\BOOKMARK [1][-]{section.2.8}{\376\377\000M\000e\000d\000i\000a\000\040\000A\000c\000c\000e\000s\000s\000\040\000C\000o\000n\000t\000r\000o\000l\000\040\000\050\000M\000A\000C\000\051\000\040\000m\000e\000c\000h\000a\000n\000i\000s\000m\000s}{chapter.2}% 27
\BOOKMARK [2][-]{subsection.2.8.1}{\376\377\000M\000a\000s\000t\000e\000r\000-\000s\000l\000a\000v\000e\000\040\000\050\000e\000l\000l\000e\000r\000\040\000f\000o\000r\000e\000s\000p\000\370\000r\000g\000s\000e\000l\000-\000s\000v\000a\000r\000\051\000\040\000m\000e\000t\000o\000d\000e}{section.2.8}% 28
\BOOKMARK [2][-]{subsection.2.8.2}{\376\377\000T\000o\000k\000e\000n\000-\000p\000a\000s\000s\000i\000n\000g}{section.2.8}% 29
\BOOKMARK [2][-]{subsection.2.8.3}{\376\377\000C\000S\000M\000A\000/\000C\000D\000\040\000\050\000C\000a\000r\000r\000i\000e\000r\000\040\000S\000e\000n\000s\000e\000\040\000M\000u\000l\000t\000i\000p\000l\000e\000\040\000A\000c\000c\000e\000s\000s\000/\000C\000o\000l\000l\000i\000s\000i\000o\000n\000\040\000D\000e\000t\000e\000c\000t\000i\000o\000n\000\051}{section.2.8}% 30
\BOOKMARK [1][-]{section.2.9}{\376\377\000T\000r\000a\000n\000s\000m\000i\000s\000s\000i\000o\000n\000s\000t\000e\000k\000n\000i\000k\000k\000e\000r}{chapter.2}% 31
\BOOKMARK [2][-]{subsection.2.9.1}{\376\377\000B\000a\000s\000e\000b\000a\000n\000d}{section.2.9}% 32
\BOOKMARK [2][-]{subsection.2.9.2}{\376\377\000B\000r\000o\000a\000d\000b\000a\000n\000d}{section.2.9}% 33
\BOOKMARK [1][-]{section.2.10}{\376\377\000O\000S\000I\000-\000m\000o\000d\000e\000l\000l\000e\000n\000\040\000o\000g\000\040\000d\000e\000n\000s\000\040\000a\000n\000v\000e\000n\000d\000e\000l\000s\000e\000\040\000i\000\040\000i\000n\000d\000u\000s\000t\000r\000i\000e\000l\000l\000e\000\040\000n\000e\000t\000v\000\346\000r\000k}{chapter.2}% 34
\BOOKMARK [2][-]{subsection.2.10.1}{\376\377\000L\000a\000g\000\040\0001\000:\000\040\000F\000y\000s\000i\000s\000k\000\040\000L\000a\000g}{section.2.10}% 35
\BOOKMARK [2][-]{subsection.2.10.2}{\376\377\000L\000a\000g\000\040\0002\000:\000\040\000D\000a\000t\000a\000l\000i\000n\000k\000\040\000L\000a\000g}{section.2.10}% 36
\BOOKMARK [2][-]{subsection.2.10.3}{\376\377\000L\000a\000g\000\040\0003\000:\000\040\000N\000e\000t\000v\000\346\000r\000k\000s\000\040\000L\000a\000g}{section.2.10}% 37
\BOOKMARK [2][-]{subsection.2.10.4}{\376\377\000L\000a\000g\000\040\0004\000:\000\040\000T\000r\000a\000n\000s\000p\000o\000r\000t\000\040\000L\000a\000g}{section.2.10}% 38
\BOOKMARK [2][-]{subsection.2.10.5}{\376\377\000L\000a\000g\000\040\0005\000:\000\040\000S\000e\000s\000s\000i\000o\000n\000\040\000L\000a\000g}{section.2.10}% 39
\BOOKMARK [2][-]{subsection.2.10.6}{\376\377\000L\000a\000g\000\040\0006\000:\000\040\000P\000r\000\346\000s\000e\000n\000t\000a\000t\000i\000o\000n\000s\000\040\000L\000a\000g}{section.2.10}% 40
\BOOKMARK [2][-]{subsection.2.10.7}{\376\377\000L\000a\000g\000\040\0007\000:\000\040\000A\000p\000p\000l\000i\000k\000a\000t\000i\000o\000n\000s\000\040\000L\000a\000g}{section.2.10}% 41
\BOOKMARK [2][-]{subsection.2.10.8}{\376\377\000S\000a\000m\000m\000e\000n\000h\000\346\000n\000g\000\040\000m\000e\000l\000l\000e\000m\000\040\000l\000a\000g\000e\000n\000e}{section.2.10}% 42
\BOOKMARK [2][-]{subsection.2.10.9}{\376\377\000A\000n\000v\000e\000n\000d\000e\000l\000s\000e\000\040\000a\000f\000\040\000O\000S\000I\000-\000m\000o\000d\000e\000l\000l\000e\000n\000\040\000i\000\040\000i\000n\000d\000u\000s\000t\000r\000i\000e\000l\000l\000e\000\040\000n\000e\000t\000v\000\346\000r\000k}{section.2.10}% 43
\BOOKMARK [1][-]{section.2.11}{\376\377\000T\000C\000P\000/\000I\000P\000-\000m\000o\000d\000e\000l\000l\000e\000n}{chapter.2}% 44
\BOOKMARK [1][-]{section.2.12}{\376\377\000F\000o\000r\000s\000k\000e\000l\000l\000e\000n\000\040\000m\000e\000l\000l\000e\000m\000\040\000O\000S\000I\000-\000\040\000o\000g\000\040\000T\000C\000P\000/\000I\000P\000-\000m\000o\000d\000e\000l\000l\000e\000n}{chapter.2}% 45
\BOOKMARK [1][-]{section.2.13}{\376\377\000O\000S\000I\000-\000m\000o\000d\000e\000l\000l\000e\000n}{chapter.2}% 46
\BOOKMARK [2][-]{subsection.2.13.1}{\376\377\000S\000t\000r\000u\000k\000t\000u\000r}{section.2.13}% 47
\BOOKMARK [2][-]{subsection.2.13.2}{\376\377\000F\000o\000r\000m\000\345\000l\000\040\000o\000g\000\040\000A\000n\000v\000e\000n\000d\000e\000l\000s\000e}{section.2.13}% 48
\BOOKMARK [1][-]{section.2.14}{\376\377\000T\000C\000P\000/\000I\000P\000-\000m\000o\000d\000e\000l\000l\000e\000n}{chapter.2}% 49
\BOOKMARK [2][-]{subsection.2.14.1}{\376\377\000S\000t\000r\000u\000k\000t\000u\000r}{section.2.14}% 50
\BOOKMARK [2][-]{subsection.2.14.2}{\376\377\000F\000o\000r\000m\000\345\000l\000\040\000o\000g\000\040\000A\000n\000v\000e\000n\000d\000e\000l\000s\000e}{section.2.14}% 51
\BOOKMARK [1][-]{section.2.15}{\376\377\000S\000a\000m\000m\000e\000n\000l\000i\000g\000n\000i\000n\000g\000\040\000m\000e\000l\000l\000e\000m\000\040\000O\000S\000I\000\040\000o\000g\000\040\000T\000C\000P\000/\000I\000P}{chapter.2}% 52
\BOOKMARK [2][-]{subsection.2.15.1}{\376\377\000L\000a\000g\000s\000t\000r\000u\000k\000t\000u\000r}{section.2.15}% 53
\BOOKMARK [2][-]{subsection.2.15.2}{\376\377\000A\000b\000s\000t\000r\000a\000k\000t\000i\000o\000n\000s\000n\000i\000v\000e\000a\000u\000\040\000o\000g\000\040\000B\000r\000u\000g}{section.2.15}% 54
\BOOKMARK [2][-]{subsection.2.15.3}{\376\377\000U\000d\000v\000i\000k\000l\000i\000n\000g\000\040\000o\000g\000\040\000A\000n\000v\000e\000n\000d\000e\000l\000s\000e}{section.2.15}% 55
\BOOKMARK [1][-]{section.2.16}{\376\377\000O\000p\000s\000u\000m\000m\000e\000r\000i\000n\000g\000:\000\040\000O\000S\000I\000\040\000v\000s\000\040\000T\000C\000P\000/\000I\000P}{chapter.2}% 56
\BOOKMARK [0][-]{chapter.3}{\376\377\000\040\000E\000t\000h\000e\000r\000n\000e\000t\000-\000t\000e\000k\000n\000o\000l\000o\000g\000i\000e\000r\000\040\000o\000g\000\040\000P\000r\000o\000t\000o\000k\000o\000l\000l\000e\000r}{part.2}% 57
\BOOKMARK [1][-]{section.3.1}{\376\377\000I\000n\000t\000e\000r\000n\000e\000t\000\040\000P\000r\000o\000t\000o\000c\000o\000l\000\040\000v\000e\000r\000s\000i\000o\000n\000\040\0004\000\040\000\050\000I\000P\000v\0004\000\051}{chapter.3}% 58
\BOOKMARK [2][-]{subsection.3.1.1}{\376\377\000K\000i\000l\000d\000e\000\040\000t\000i\000l\000\040\000I\000P\000-\000a\000d\000r\000e\000s\000s\000e\000r}{section.3.1}% 59
\BOOKMARK [2][-]{subsection.3.1.2}{\376\377\000I\000P\000-\000a\000d\000r\000e\000s\000s\000e\000n\000s\000\040\000r\000o\000l\000l\000e\000\040\000i\000\040\000n\000e\000t\000v\000\346\000r\000k\000s\000k\000o\000m\000m\000u\000n\000i\000k\000a\000t\000i\000o\000n}{section.3.1}% 60
\BOOKMARK [2][-]{subsection.3.1.3}{\376\377\000I\000P\000-\000a\000d\000r\000e\000s\000s\000e\000r\000\040\000v\000s\000.\000\040\000M\000A\000C\000-\000a\000d\000r\000e\000s\000s\000e\000r}{section.3.1}% 61
\BOOKMARK [2][-]{subsection.3.1.4}{\376\377\000N\000e\000t\000v\000\346\000r\000k\000s\000-\000I\000D\000\040\000o\000g\000\040\000H\000o\000s\000t\000-\000I\000D}{section.3.1}% 62
\BOOKMARK [2][-]{subsection.3.1.5}{\376\377\000A\000d\000r\000e\000s\000s\000e\000k\000l\000a\000s\000s\000e\000r}{section.3.1}% 63
\BOOKMARK [2][-]{subsection.3.1.6}{\376\377\000B\000e\000s\000t\000e\000m\000m\000e\000l\000s\000e\000\040\000a\000f\000\040\000a\000d\000r\000e\000s\000s\000e\000k\000l\000a\000s\000s\000e\000\040\000v\000e\000d\000\040\000i\000n\000s\000p\000e\000k\000t\000i\000o\000n}{section.3.1}% 64
\BOOKMARK [2][-]{subsection.3.1.7}{\376\377\000A\000n\000t\000a\000l\000\040\000n\000e\000t\000v\000\346\000r\000k\000\040\000o\000g\000\040\000v\000\346\000r\000t\000e\000r\000\040\000p\000r\000.\000\040\000a\000d\000r\000e\000s\000s\000e\000k\000l\000a\000s\000s\000e}{section.3.1}% 65
\BOOKMARK [1][-]{section.3.2}{\376\377\000S\000u\000b\000n\000e\000t\000m\000a\000s\000k\000e\000r}{chapter.3}% 66
\BOOKMARK [2][-]{subsection.3.2.1}{\376\377\000S\000u\000b\000n\000e\000t\000t\000i\000n\000g}{section.3.2}% 67
\BOOKMARK [2][-]{subsection.3.2.2}{\376\377\000H\000v\000o\000r\000f\000o\000r\000\040\000s\000u\000b\000n\000e\000t\000t\000i\000n\000g\000?}{section.3.2}% 68
\BOOKMARK [2][-]{subsection.3.2.3}{\376\377\000M\000a\000t\000e\000m\000a\000t\000i\000s\000k\000\040\000p\000r\000o\000c\000e\000s\000\040\000f\000o\000r\000\040\000s\000u\000b\000n\000e\000t\000t\000i\000n\000g}{section.3.2}% 69
\BOOKMARK [1][-]{section.3.3}{\376\377\000I\000P\000-\000a\000d\000r\000e\000s\000s\000e\000r\000i\000n\000g\000:\000\040\000K\000l\000a\000s\000s\000e\000b\000a\000s\000e\000r\000e\000t\000\040\000o\000g\000\040\000P\000r\000i\000v\000a\000t\000e\000\040\000v\000s\000\040\000I\000n\000t\000e\000r\000n\000e\000t\000-\000u\000n\000i\000k\000k\000e\000\040\000A\000d\000r\000e\000s\000s\000e\000r}{chapter.3}% 70
\BOOKMARK [2][-]{subsection.3.3.1}{\376\377\000K\000l\000a\000s\000s\000e\000b\000a\000s\000e\000r\000e\000t\000\040\000A\000d\000r\000e\000s\000s\000e\000r\000i\000n\000g}{section.3.3}% 71
\BOOKMARK [2][-]{subsection.3.3.2}{\376\377\000P\000r\000i\000v\000a\000t\000e\000\040\000v\000s\000\040\000I\000n\000t\000e\000r\000n\000e\000t\000-\000u\000n\000i\000k\000k\000e\000\040\000I\000P\000-\000a\000d\000r\000e\000s\000s\000e\000r}{section.3.3}% 72
\BOOKMARK [1][-]{section.3.4}{\376\377\000C\000l\000a\000s\000s\000l\000e\000s\000s\000\040\000I\000n\000t\000e\000r\000-\000D\000o\000m\000a\000i\000n\000\040\000R\000o\000u\000t\000i\000n\000g\000\040\000\050\000C\000I\000D\000R\000\051}{chapter.3}% 73
\BOOKMARK [2][-]{subsection.3.4.1}{\376\377\000R\000e\000d\000e\000g\000\370\000r\000e\000l\000s\000e}{section.3.4}% 74
\BOOKMARK [2][-]{subsection.3.4.2}{\376\377\000A\000n\000v\000e\000n\000d\000e\000l\000s\000e}{section.3.4}% 75
\BOOKMARK [2][-]{subsection.3.4.3}{\376\377\000E\000k\000s\000e\000m\000p\000e\000l}{section.3.4}% 76
\BOOKMARK [2][-]{subsection.3.4.4}{\376\377\000A\000n\000a\000l\000y\000s\000e}{section.3.4}% 77
\BOOKMARK [2][-]{subsection.3.4.5}{\376\377\000P\000e\000r\000s\000p\000e\000k\000t\000i\000v\000e\000r\000i\000n\000g}{section.3.4}% 78
\BOOKMARK [1][-]{section.3.5}{\376\377\000I\000P\000v\0004\000\040\000H\000e\000a\000d\000e\000r\000-\000s\000t\000r\000u\000k\000t\000u\000r}{chapter.3}% 79
\BOOKMARK [2][-]{subsection.3.5.1}{\376\377\000P\000a\000k\000k\000e\000\040\000f\000r\000a\000g\000m\000e\000n\000t\000e\000r\000i\000n\000g}{section.3.5}% 80
\BOOKMARK [1][-]{section.3.6}{\376\377\000D\000H\000C\000P\000\040\000\050\000D\000y\000n\000a\000m\000i\000c\000\040\000H\000o\000s\000t\000\040\000C\000o\000n\000f\000i\000g\000u\000r\000a\000t\000i\000o\000n\000\040\000P\000r\000o\000t\000o\000c\000o\000l\000\051\000\040\000i\000\040\000I\000n\000d\000u\000s\000t\000r\000i\000e\000l\000l\000e\000\040\000N\000e\000t\000v\000\346\000r\000k}{chapter.3}% 81
\BOOKMARK [2][-]{subsection.3.6.1}{\376\377\000P\000r\000a\000k\000t\000i\000s\000k\000e\000\040\000A\000n\000v\000e\000n\000d\000e\000l\000s\000e\000r}{section.3.6}% 82
\BOOKMARK [2][-]{subsection.3.6.2}{\376\377\000K\000o\000n\000f\000i\000g\000u\000r\000a\000t\000i\000o\000n\000s\000i\000n\000f\000o\000r\000m\000a\000t\000i\000o\000n\000\040\000l\000e\000v\000e\000r\000e\000t\000\040\000a\000f\000\040\000D\000H\000C\000P}{section.3.6}% 83
\BOOKMARK [2][-]{subsection.3.6.3}{\376\377\000D\000H\000C\000P\000-\000s\000e\000r\000v\000e\000r\000e}{section.3.6}% 84
\BOOKMARK [2][-]{subsection.3.6.4}{\376\377\000S\000\345\000d\000a\000n\000\040\000k\000o\000n\000f\000i\000g\000u\000r\000e\000r\000e\000s\000\040\000D\000H\000C\000P\000\040\000p\000\345\000\040\000W\000i\000n\000d\000o\000w\000s\000\040\0001\0001}{section.3.6}% 85
\BOOKMARK [2][-]{subsection.3.6.5}{\376\377\000S\000c\000o\000p\000e\000s\000\040\000o\000g\000\040\000L\000e\000j\000e\000v\000a\000r\000i\000g\000h\000e\000d}{section.3.6}% 86
\BOOKMARK [1][-]{section.3.7}{\376\377\000D\000N\000S\000\040\000\050\000D\000o\000m\000a\000i\000n\000\040\000N\000a\000m\000e\000\040\000S\000y\000s\000t\000e\000m\000\051\000\040\000i\000\040\000I\000n\000d\000u\000s\000t\000r\000i\000e\000l\000l\000e\000\040\000N\000e\000t\000v\000\346\000r\000k}{chapter.3}% 87
\BOOKMARK [2][-]{subsection.3.7.1}{\376\377\000P\000r\000a\000k\000t\000i\000s\000k\000e\000\040\000A\000n\000v\000e\000n\000d\000e\000l\000s\000e\000r}{section.3.7}% 88
\BOOKMARK [2][-]{subsection.3.7.2}{\376\377\000S\000\345\000d\000a\000n\000\040\000k\000o\000n\000f\000i\000g\000u\000r\000e\000r\000e\000s\000\040\000D\000N\000S\000\040\000p\000\345\000\040\000W\000i\000n\000d\000o\000w\000s\000\040\0001\0001}{section.3.7}% 89
\BOOKMARK [1][-]{section.3.8}{\376\377\000N\000A\000T\000\040\000\050\000N\000e\000t\000w\000o\000r\000k\000\040\000A\000d\000d\000r\000e\000s\000s\000\040\000T\000r\000a\000n\000s\000l\000a\000t\000i\000o\000n\000\051}{chapter.3}% 90
\BOOKMARK [1][-]{section.3.9}{\376\377\000V\000L\000A\000N\000\040\000\050\000V\000i\000r\000t\000u\000a\000l\000\040\000L\000o\000c\000a\000l\000\040\000A\000r\000e\000a\000\040\000N\000e\000t\000w\000o\000r\000k\000\051}{chapter.3}% 91
\BOOKMARK [2][-]{subsection.3.9.1}{\376\377\000T\000e\000o\000r\000i\000\040\000o\000g\000\040\000F\000u\000n\000k\000t\000i\000o\000n\000e\000r\000\040\000a\000f\000\040\000V\000L\000A\000N}{section.3.9}% 92
\BOOKMARK [2][-]{subsection.3.9.2}{\376\377\000H\000v\000o\000r\000d\000a\000n\000\040\000V\000L\000A\000N\000\040\000v\000i\000r\000k\000e\000r}{section.3.9}% 93
\BOOKMARK [2][-]{subsection.3.9.3}{\376\377\000S\000p\000a\000n\000n\000i\000n\000g\000\040\000T\000r\000e\000e\000\040\000P\000r\000o\000t\000o\000c\000o\000l\000\040\000\050\000S\000T\000P\000\051\000\040\000o\000g\000\040\000D\000e\000t\000s\000\040\000R\000e\000l\000e\000v\000a\000n\000s\000\040\000i\000\040\000V\000L\000A\000N\000-\000m\000i\000l\000j\000\370\000e\000r}{section.3.9}% 94
\BOOKMARK [2][-]{subsection.3.9.4}{\376\377\000I\000m\000p\000l\000e\000m\000e\000n\000t\000e\000r\000i\000n\000g\000\040\000a\000f\000\040\000V\000L\000A\000N\000\040\000f\000o\000r\000\040\000n\000e\000t\000v\000\346\000r\000k\000s\000a\000d\000m\000i\000n\000i\000s\000t\000r\000a\000t\000i\000o\000n}{section.3.9}% 95
\BOOKMARK [2][-]{subsection.3.9.5}{\376\377\000E\000k\000s\000e\000m\000p\000e\000l\000\040\000p\000\345\000\040\000i\000m\000p\000l\000e\000m\000e\000n\000t\000e\000r\000i\000n\000g\000\040\000a\000f\000\040\000V\000L\000A\000N\000\040\000i\000\040\000C\000i\000s\000c\000o\000\040\000P\000a\000c\000k\000e\000t\000\040\000T\000r\000a\000c\000e\000r}{section.3.9}% 96
\BOOKMARK [2][-]{subsection.3.9.6}{\376\377\000P\000r\000a\000k\000t\000i\000s\000k\000e\000\040\000A\000n\000v\000e\000n\000d\000e\000l\000s\000e\000r\000\040\000a\000f\000\040\000V\000L\000A\000N\000\040\000i\000\040\000I\000n\000d\000u\000s\000t\000r\000i\000e\000l\000l\000e\000\040\000N\000e\000t\000v\000\346\000r\000k}{section.3.9}% 97
\BOOKMARK [1][-]{section.3.10}{\376\377\000E\000t\000h\000e\000r\000n\000e\000t\000-\000k\000a\000b\000l\000i\000n\000g}{chapter.3}% 98
\BOOKMARK [2][-]{subsection.3.10.1}{\376\377\000T\000y\000p\000e\000r\000\040\000a\000f\000\040\000E\000t\000h\000e\000r\000n\000e\000t\000-\000k\000a\000b\000l\000e\000r}{section.3.10}% 99
\BOOKMARK [2][-]{subsection.3.10.2}{\376\377\000S\000t\000r\000u\000k\000t\000u\000r\000e\000r\000e\000t\000\040\000K\000a\000b\000e\000l\000f\000\370\000r\000i\000n\000g}{section.3.10}% 100
\BOOKMARK [2][-]{subsection.3.10.3}{\376\377\000E\000t\000h\000e\000r\000n\000e\000t\000-\000k\000a\000b\000l\000e\000r\000\040\000i\000\040\000i\000n\000d\000u\000s\000t\000r\000i\000e\000l\000l\000e\000\040\000m\000i\000l\000j\000\370\000e\000r}{section.3.10}% 101
\BOOKMARK [2][-]{subsection.3.10.4}{\376\377\000H\000v\000o\000r\000d\000a\000n\000\040\000k\000a\000b\000l\000e\000r\000\040\000f\000u\000n\000g\000e\000r\000e\000r\000\040\000s\000o\000m\000\040\000l\000a\000v\000p\000a\000s\000f\000i\000l\000t\000e\000r}{section.3.10}% 102
\BOOKMARK [1][-]{section.3.11}{\376\377\000F\000i\000b\000e\000r\000o\000p\000t\000i\000k}{chapter.3}% 103
\BOOKMARK [2][-]{subsection.3.11.1}{\376\377\000D\000r\000i\000f\000t\000s\000t\000e\000o\000r\000i\000\040\000f\000o\000r\000\040\000f\000i\000b\000e\000r\000o\000p\000t\000i\000k}{section.3.11}% 104
\BOOKMARK [2][-]{subsection.3.11.2}{\376\377\000I\000n\000s\000t\000a\000l\000l\000a\000t\000i\000o\000n\000\040\000o\000g\000\040\000v\000e\000d\000l\000i\000g\000e\000h\000o\000l\000d\000e\000l\000s\000e}{section.3.11}% 105
\BOOKMARK [2][-]{subsection.3.11.3}{\376\377\000F\000o\000r\000b\000i\000n\000d\000e\000l\000s\000e\000s\000t\000y\000p\000e\000r\000\040\000o\000g\000\040\000S\000t\000i\000k}{section.3.11}% 106
\BOOKMARK [2][-]{subsection.3.11.4}{\376\377\000Y\000d\000e\000e\000v\000n\000e\000\040\000o\000g\000\040\000H\000a\000s\000t\000i\000g\000h\000e\000d\000e\000r}{section.3.11}% 107
\BOOKMARK [2][-]{subsection.3.11.5}{\376\377\000S\000t\000a\000n\000d\000a\000r\000d\000e\000r\000\040\000o\000g\000\040\000P\000r\000o\000t\000o\000k\000o\000l\000l\000e\000r}{section.3.11}% 108
\BOOKMARK [2][-]{subsection.3.11.6}{\376\377\000F\000e\000j\000l\000f\000i\000n\000d\000i\000n\000g\000\040\000o\000g\000\040\000V\000e\000d\000l\000i\000g\000e\000h\000o\000l\000d\000e\000l\000s\000e}{section.3.11}% 109
\BOOKMARK [1][-]{section.3.12}{\376\377\000E\000M\000C\000\040\000\050\000E\000l\000e\000k\000t\000r\000o\000m\000a\000g\000n\000e\000t\000i\000s\000k\000\040\000K\000o\000m\000p\000a\000t\000i\000b\000i\000l\000i\000t\000e\000t\000\051}{chapter.3}% 110
\BOOKMARK [2][-]{subsection.3.12.1}{\376\377\000S\000i\000k\000k\000e\000r\000h\000e\000d\000\040\000o\000g\000\040\000y\000d\000e\000e\000v\000n\000e}{section.3.12}% 111
\BOOKMARK [0][-]{chapter.4}{\376\377\000H\000a\000r\000d\000w\000a\000r\000e\000\040\000K\000o\000n\000f\000i\000g\000u\000r\000a\000t\000i\000o\000n\000e\000r}{part.2}% 112
\BOOKMARK [1][-]{section.4.1}{\376\377\000S\000w\000i\000t\000c\000h}{chapter.4}% 113
\BOOKMARK [2][-]{subsection.4.1.1}{\376\377\000I\000n\000i\000t\000i\000a\000l\000\040\000o\000p\000s\000\346\000t\000n\000i\000n\000g\000\040\000a\000f\000\040\000e\000n\000\040\000s\000w\000i\000t\000c\000h}{section.4.1}% 114
\BOOKMARK [2][-]{subsection.4.1.2}{\376\377\000T\000i\000l\000d\000e\000l\000i\000n\000g\000\040\000a\000f\000\040\000I\000P\000-\000a\000d\000r\000e\000s\000s\000e\000\040\000t\000i\000l\000\040\000e\000n\000\040\000s\000w\000i\000t\000c\000h}{section.4.1}% 115
\BOOKMARK [2][-]{subsection.4.1.3}{\376\377\000V\000L\000A\000N\000\040\000\050\000V\000i\000r\000t\000u\000a\000l\000\040\000L\000A\000N\000\051}{section.4.1}% 116
\BOOKMARK [2][-]{subsection.4.1.4}{\376\377\000S\000p\000a\000n\000n\000i\000n\000g\000\040\000T\000r\000e\000e\000\040\000P\000r\000o\000t\000o\000c\000o\000l\000\040\000\050\000S\000T\000P\000\051}{section.4.1}% 117
\BOOKMARK [2][-]{subsection.4.1.5}{\376\377\000P\000o\000r\000t\000\040\000S\000i\000k\000k\000e\000r\000h\000e\000d}{section.4.1}% 118
\BOOKMARK [2][-]{subsection.4.1.6}{\376\377\000E\000t\000h\000e\000r\000C\000h\000a\000n\000n\000e\000l}{section.4.1}% 119
\BOOKMARK [2][-]{subsection.4.1.7}{\376\377\000A\000c\000c\000e\000s\000s\000\040\000C\000o\000n\000t\000r\000o\000l\000\040\000L\000i\000s\000t\000s\000\040\000\050\000A\000C\000L\000\051\000\040\000p\000\345\000\040\000e\000n\000\040\000S\000w\000i\000t\000c\000h}{section.4.1}% 120
\BOOKMARK [2][-]{subsection.4.1.8}{\376\377\000Q\000u\000a\000l\000i\000t\000y\000\040\000o\000f\000\040\000S\000e\000r\000v\000i\000c\000e\000\040\000\050\000Q\000o\000S\000\051}{section.4.1}% 121
\BOOKMARK [2][-]{subsection.4.1.9}{\376\377\000M\000u\000l\000t\000i\000c\000a\000s\000t\000\040\000R\000o\000u\000t\000i\000n\000g}{section.4.1}% 122
\BOOKMARK [2][-]{subsection.4.1.10}{\376\377\000S\000w\000i\000t\000c\000h\000\040\000S\000i\000k\000k\000e\000r\000h\000e\000d}{section.4.1}% 123
\BOOKMARK [2][-]{subsection.4.1.11}{\376\377\000M\000o\000n\000i\000t\000o\000r\000i\000n\000g\000\040\000o\000g\000\040\000F\000e\000j\000l\000f\000i\000n\000d\000i\000n\000g}{section.4.1}% 124
\BOOKMARK [1][-]{section.4.2}{\376\377\000R\000o\000u\000t\000e\000r}{chapter.4}% 125
\BOOKMARK [2][-]{subsection.4.2.1}{\376\377\000V\000P\000N\000\040\000\050\000V\000i\000r\000t\000u\000a\000l\000\040\000P\000r\000i\000v\000a\000t\000e\000\040\000N\000e\000t\000w\000o\000r\000k\000\051}{section.4.2}% 126
\BOOKMARK [-1][-]{part.3}{\376\377\000I\000I\000I\000\040\000I\000n\000d\000u\000s\000t\000r\000i\000e\000l\000t\000\040\000N\000e\000t\000v\000\346\000r\000k}{}% 127
\BOOKMARK [0][-]{chapter.5}{\376\377\000I\000n\000t\000r\000o\000d\000u\000k\000t\000i\000o\000n\000\040\000t\000i\000l\000\040\000I\000n\000d\000u\000s\000t\000r\000i\000e\000l\000l\000e\000\040\000N\000e\000t\000v\000\346\000r\000k}{part.3}% 128
\BOOKMARK [1][-]{section.5.1}{\376\377\000H\000v\000a\000d\000\040\000e\000r\000\040\000I\000n\000d\000u\000s\000t\000r\000i\000e\000l\000t\000\040\000N\000e\000t\000v\000\346\000r\000k\000?}{chapter.5}% 129
\BOOKMARK [2][-]{subsection.5.1.1}{\376\377\000H\000i\000s\000t\000o\000r\000i\000s\000k\000\040\000U\000d\000v\000i\000k\000l\000i\000n\000g\000\040\000a\000f\000\040\000N\000e\000t\000v\000\346\000r\000k\000\040\000i\000\040\000I\000n\000d\000u\000s\000t\000r\000i\000e\000n}{section.5.1}% 130
\BOOKMARK [2][-]{subsection.5.1.2}{\376\377\000T\000i\000d\000l\000i\000g\000e\000\040\000I\000n\000d\000u\000s\000t\000r\000i\000e\000l\000l\000e\000\040\000N\000e\000t\000v\000\346\000r\000k}{section.5.1}% 131
\BOOKMARK [2][-]{subsection.5.1.3}{\376\377\000O\000v\000e\000r\000g\000a\000n\000g\000\040\000t\000i\000l\000\040\000S\000t\000a\000n\000d\000a\000r\000d\000i\000s\000e\000r\000e\000d\000e\000\040\000P\000r\000o\000t\000o\000k\000o\000l\000l\000e\000r}{section.5.1}% 132
\BOOKMARK [2][-]{subsection.5.1.4}{\376\377\000I\000n\000t\000e\000g\000r\000a\000t\000i\000o\000n\000\040\000m\000e\000d\000\040\000E\000t\000h\000e\000r\000n\000e\000t\000\040\000o\000g\000\040\000I\000T\000-\000S\000y\000s\000t\000e\000m\000e\000r}{section.5.1}% 133
\BOOKMARK [2][-]{subsection.5.1.5}{\376\377\000N\000u\000t\000i\000d\000i\000g\000e\000\040\000o\000g\000\040\000F\000r\000e\000m\000t\000i\000d\000i\000g\000e\000\040\000T\000r\000e\000n\000d\000s}{section.5.1}% 134
\BOOKMARK [2][-]{subsection.5.1.6}{\376\377\000B\000e\000t\000y\000d\000n\000i\000n\000g\000e\000n\000\040\000a\000f\000\040\000I\000n\000d\000u\000s\000t\000r\000i\000e\000l\000l\000e\000\040\000N\000e\000t\000v\000\346\000r\000k}{section.5.1}% 135
\BOOKMARK [0][-]{chapter.6}{\376\377\000P\000r\000o\000t\000o\000k\000o\000l\000l\000e\000r\000\040\000o\000g\000\040\000E\000l\000e\000k\000t\000r\000i\000s\000k\000e\000\040\000S\000t\000a\000n\000d\000a\000r\000d\000e\000r}{part.3}% 136
\BOOKMARK [1][-]{section.6.1}{\376\377\000I\000n\000t\000r\000o\000d\000u\000k\000t\000i\000o\000n\000\040\000t\000i\000l\000\040\000P\000r\000o\000t\000o\000k\000o\000l\000l\000e\000r\000\040\000o\000g\000\040\000E\000l\000e\000k\000t\000r\000i\000s\000k\000e\000\040\000S\000t\000a\000n\000d\000a\000r\000d\000e\000r}{chapter.6}% 137
\BOOKMARK [1][-]{section.6.2}{\376\377\000N\000e\000t\000v\000\346\000r\000k\000s\000p\000r\000o\000t\000o\000k\000o\000l\000l\000e\000r\000:\000\040\000R\000e\000g\000l\000e\000r\000n\000e\000\040\000f\000o\000r\000\040\000K\000o\000m\000m\000u\000n\000i\000k\000a\000t\000i\000o\000n}{chapter.6}% 138
\BOOKMARK [2][-]{subsection.6.2.1}{\376\377\000A\000n\000a\000l\000o\000g\000i\000e\000r\000\040\000f\000o\000r\000\040\000a\000t\000\040\000F\000o\000r\000s\000t\000\345\000\040\000N\000e\000t\000v\000\346\000r\000k\000s\000p\000r\000o\000t\000o\000k\000o\000l\000l\000e\000r}{section.6.2}% 139
\BOOKMARK [1][-]{section.6.3}{\376\377\000E\000l\000e\000k\000t\000r\000i\000s\000k\000e\000\040\000S\000t\000a\000n\000d\000a\000r\000d\000e\000r\000:\000\040\000D\000e\000n\000\040\000F\000y\000s\000i\000s\000k\000e\000\040\000I\000n\000f\000r\000a\000s\000t\000r\000u\000k\000t\000u\000r}{chapter.6}% 140
\BOOKMARK [2][-]{subsection.6.3.1}{\376\377\000A\000n\000a\000l\000o\000g\000i\000e\000r\000\040\000f\000o\000r\000\040\000a\000t\000\040\000F\000o\000r\000s\000t\000\345\000\040\000E\000l\000e\000k\000t\000r\000i\000s\000k\000e\000\040\000S\000t\000a\000n\000d\000a\000r\000d\000e\000r}{section.6.3}% 141
\BOOKMARK [1][-]{section.6.4}{\376\377\000E\000k\000s\000e\000m\000p\000e\000l\000\040\000p\000\345\000\040\000S\000a\000m\000s\000p\000i\000l\000\040\000m\000e\000l\000l\000e\000m\000\040\000P\000r\000o\000t\000o\000k\000o\000l\000l\000e\000r\000\040\000o\000g\000\040\000E\000l\000e\000k\000t\000r\000i\000s\000k\000e\000\040\000S\000t\000a\000n\000d\000a\000r\000d\000e\000r}{chapter.6}% 142
\BOOKMARK [1][-]{section.6.5}{\376\377\000O\000p\000s\000u\000m\000m\000e\000r\000i\000n\000g\000:\000\040\000F\000o\000r\000s\000k\000e\000l\000l\000e\000n\000\040\000m\000e\000l\000l\000e\000m\000\040\000P\000r\000o\000t\000o\000k\000o\000l\000l\000e\000r\000\040\000o\000g\000\040\000E\000l\000e\000k\000t\000r\000i\000s\000k\000e\000\040\000S\000t\000a\000n\000d\000a\000r\000d\000e\000r}{chapter.6}% 143
\BOOKMARK [0][-]{chapter.7}{\376\377\000N\000e\000t\000v\000\346\000r\000k\000s\000t\000o\000p\000o\000l\000o\000g\000i}{part.3}% 144
\BOOKMARK [1][-]{section.7.1}{\376\377\000P\000u\000n\000k\000t\000-\000t\000i\000l\000-\000p\000u\000n\000k\000t\000\040\000T\000o\000p\000o\000l\000o\000g\000i}{chapter.7}% 145
\BOOKMARK [1][-]{section.7.2}{\376\377\000B\000u\000s\000t\000o\000p\000o\000l\000o\000g\000i}{chapter.7}% 146
\BOOKMARK [1][-]{section.7.3}{\376\377\000R\000i\000n\000g\000t\000o\000p\000o\000l\000o\000g\000i}{chapter.7}% 147
\BOOKMARK [1][-]{section.7.4}{\376\377\000S\000t\000j\000e\000r\000n\000e\000t\000o\000p\000o\000l\000o\000g\000i}{chapter.7}% 148
\BOOKMARK [1][-]{section.7.5}{\376\377\000T\000r\000\346\000t\000o\000p\000o\000l\000o\000g\000i}{chapter.7}% 149
\BOOKMARK [1][-]{section.7.6}{\376\377\000M\000a\000s\000k\000e\000t\000o\000p\000o\000l\000o\000g\000i}{chapter.7}% 150
\BOOKMARK [1][-]{section.7.7}{\376\377\000H\000y\000b\000r\000i\000d\000t\000o\000p\000o\000l\000o\000g\000i}{chapter.7}% 151
\BOOKMARK [1][-]{section.7.8}{\376\377\000D\000a\000i\000s\000y\000\040\000C\000h\000a\000i\000n\000\040\000T\000o\000p\000o\000l\000o\000g\000i}{chapter.7}% 152
\BOOKMARK [-1][-]{part.4}{\376\377\000I\000V\000\040\000S\000e\000r\000i\000e\000l\000/\000P\000a\000r\000a\000l\000l\000e\000l\000\040\000K\000o\000m\000m\000u\000n\000i\000k\000a\000t\000i\000o\000n}{}% 153
\BOOKMARK [0][-]{chapter.8}{\376\377\000G\000r\000u\000n\000d\000l\000\346\000g\000g\000e\000n\000d\000e\000\040\000S\000e\000r\000i\000e\000l\000\040\000o\000g\000\040\000P\000a\000r\000a\000l\000l\000e\000l\000\040\000K\000o\000m\000m\000u\000n\000i\000k\000a\000t\000i\000o\000n}{part.4}% 154
\BOOKMARK [1][-]{section.8.1}{\376\377\000I\000n\000t\000r\000o\000d\000u\000k\000t\000i\000o\000n\000\040\000t\000i\000l\000\040\000S\000e\000r\000i\000e\000l\000\040\000K\000o\000m\000m\000u\000n\000i\000k\000a\000t\000i\000o\000n}{chapter.8}% 155
\BOOKMARK [1][-]{section.8.2}{\376\377\000B\000i\000t\000s\000,\000\040\000B\000y\000t\000e\000s\000\040\000o\000g\000\040\000T\000e\000g\000n}{chapter.8}% 156
\BOOKMARK [1][-]{section.8.3}{\376\377\000K\000o\000m\000m\000u\000n\000i\000k\000a\000t\000i\000o\000n\000s\000p\000r\000i\000n\000c\000i\000p\000p\000e\000r}{chapter.8}% 157
\BOOKMARK [1][-]{section.8.4}{\376\377\000K\000o\000m\000m\000u\000n\000i\000k\000a\000t\000i\000o\000n\000s\000m\000o\000d\000i}{chapter.8}% 158
\BOOKMARK [1][-]{section.8.5}{\376\377\000A\000s\000y\000n\000k\000r\000o\000n\000e\000\040\000s\000y\000s\000t\000e\000m\000e\000r}{chapter.8}% 159
\BOOKMARK [1][-]{section.8.6}{\376\377\000M\000e\000d\000d\000e\000l\000e\000l\000s\000e\000s\000f\000o\000r\000m\000a\000t}{chapter.8}% 160
\BOOKMARK [1][-]{section.8.7}{\376\377\000S\000y\000n\000k\000r\000o\000n\000e\000\040\000s\000y\000s\000t\000e\000m\000e\000r}{chapter.8}% 161
\BOOKMARK [1][-]{section.8.8}{\376\377\000M\000e\000d\000d\000e\000l\000e\000l\000s\000e\000s\000f\000o\000r\000m\000a\000t}{chapter.8}% 162
\BOOKMARK [0][-]{chapter.9}{\376\377\000I\000n\000d\000u\000s\000t\000r\000i\000e\000l\000\040\000S\000e\000r\000i\000e\000l\000\040\000K\000o\000m\000m\000u\000n\000i\000k\000a\000t\000i\000o\000n\000\040\000o\000g\000\040\000F\000e\000l\000t\000b\000u\000s\000p\000r\000o\000t\000o\000k\000o\000l\000l\000e\000r}{part.4}% 163
\BOOKMARK [1][-]{section.9.1}{\376\377\000R\000S\0002\0003\0002}{chapter.9}% 164
\BOOKMARK [2][-]{subsection.9.1.1}{\376\377\000F\000y\000s\000i\000s\000k\000e\000\040\000L\000a\000g}{section.9.1}% 165
\BOOKMARK [2][-]{subsection.9.1.2}{\376\377\000E\000l\000e\000k\000t\000r\000i\000s\000k\000e\000\040\000S\000i\000g\000n\000a\000l\000e\000r}{section.9.1}% 166
\BOOKMARK [2][-]{subsection.9.1.3}{\376\377\000S\000i\000g\000n\000a\000l\000e\000r\000i\000n\000g\000\040\000o\000g\000\040\000P\000i\000n\000s}{section.9.1}% 167
\BOOKMARK [2][-]{subsection.9.1.4}{\376\377\000D\000a\000t\000a\000o\000v\000e\000r\000f\000\370\000r\000s\000e\000l}{section.9.1}% 168
\BOOKMARK [2][-]{subsection.9.1.5}{\376\377\000B\000a\000u\000d\000r\000a\000t\000e}{section.9.1}% 169
\BOOKMARK [2][-]{subsection.9.1.6}{\376\377\000F\000e\000j\000l\000h\000\345\000n\000d\000t\000e\000r\000i\000n\000g}{section.9.1}% 170
\BOOKMARK [2][-]{subsection.9.1.7}{\376\377\000A\000n\000v\000e\000n\000d\000e\000l\000s\000e\000r}{section.9.1}% 171
\BOOKMARK [2][-]{subsection.9.1.8}{\376\377\000F\000o\000r\000d\000e\000l\000e\000\040\000o\000g\000\040\000U\000l\000e\000m\000p\000e\000r}{section.9.1}% 172
\BOOKMARK [1][-]{section.9.2}{\376\377\000R\000S\0004\0002\0002}{chapter.9}% 173
\BOOKMARK [2][-]{subsection.9.2.1}{\376\377\000F\000y\000s\000i\000s\000k\000e\000\040\000L\000a\000g}{section.9.2}% 174
\BOOKMARK [2][-]{subsection.9.2.2}{\376\377\000E\000l\000e\000k\000t\000r\000i\000s\000k\000e\000\040\000S\000i\000g\000n\000a\000l\000e\000r}{section.9.2}% 175
\BOOKMARK [2][-]{subsection.9.2.3}{\376\377\000S\000i\000g\000n\000a\000l\000e\000r\000i\000n\000g\000\040\000o\000g\000\040\000P\000i\000n\000s}{section.9.2}% 176
\BOOKMARK [2][-]{subsection.9.2.4}{\376\377\000D\000a\000t\000a\000o\000v\000e\000r\000f\000\370\000r\000s\000e\000l}{section.9.2}% 177
\BOOKMARK [2][-]{subsection.9.2.5}{\376\377\000B\000a\000u\000d\000r\000a\000t\000e\000\040\000o\000g\000\040\000A\000f\000s\000t\000a\000n\000d}{section.9.2}% 178
\BOOKMARK [2][-]{subsection.9.2.6}{\376\377\000F\000e\000j\000l\000h\000\345\000n\000d\000t\000e\000r\000i\000n\000g}{section.9.2}% 179
\BOOKMARK [2][-]{subsection.9.2.7}{\376\377\000A\000n\000v\000e\000n\000d\000e\000l\000s\000e\000r}{section.9.2}% 180
\BOOKMARK [2][-]{subsection.9.2.8}{\376\377\000F\000o\000r\000d\000e\000l\000e\000\040\000o\000g\000\040\000U\000l\000e\000m\000p\000e\000r}{section.9.2}% 181
\BOOKMARK [1][-]{section.9.3}{\376\377\000R\000S\0004\0008\0005}{chapter.9}% 182
\BOOKMARK [2][-]{subsection.9.3.1}{\376\377\000F\000y\000s\000i\000s\000k\000e\000\040\000L\000a\000g}{section.9.3}% 183
\BOOKMARK [2][-]{subsection.9.3.2}{\376\377\000E\000l\000e\000k\000t\000r\000i\000s\000k\000e\000\040\000S\000i\000g\000n\000a\000l\000e\000r}{section.9.3}% 184
\BOOKMARK [2][-]{subsection.9.3.3}{\376\377\000S\000i\000g\000n\000a\000l\000e\000r\000i\000n\000g\000\040\000o\000g\000\040\000P\000i\000n\000s}{section.9.3}% 185
\BOOKMARK [2][-]{subsection.9.3.4}{\376\377\000D\000a\000t\000a\000o\000v\000e\000r\000f\000\370\000r\000s\000e\000l}{section.9.3}% 186
\BOOKMARK [2][-]{subsection.9.3.5}{\376\377\000B\000a\000u\000d\000r\000a\000t\000e\000\040\000o\000g\000\040\000A\000f\000s\000t\000a\000n\000d}{section.9.3}% 187
\BOOKMARK [2][-]{subsection.9.3.6}{\376\377\000F\000e\000j\000l\000h\000\345\000n\000d\000t\000e\000r\000i\000n\000g}{section.9.3}% 188
\BOOKMARK [2][-]{subsection.9.3.7}{\376\377\000A\000n\000v\000e\000n\000d\000e\000l\000s\000e\000r}{section.9.3}% 189
\BOOKMARK [2][-]{subsection.9.3.8}{\376\377\000F\000o\000r\000d\000e\000l\000e\000\040\000o\000g\000\040\000U\000l\000e\000m\000p\000e\000r}{section.9.3}% 190
\BOOKMARK [1][-]{section.9.4}{\376\377\000D\000e\000v\000i\000c\000e\000N\000e\000t}{chapter.9}% 191
\BOOKMARK [2][-]{subsection.9.4.1}{\376\377\000I\000n\000t\000r\000o\000d\000u\000k\000t\000i\000o\000n}{section.9.4}% 192
\BOOKMARK [2][-]{subsection.9.4.2}{\376\377\000F\000y\000s\000i\000s\000k\000\040\000L\000a\000g}{section.9.4}% 193
\BOOKMARK [2][-]{subsection.9.4.3}{\376\377\000S\000t\000i\000k\000f\000o\000r\000b\000i\000n\000d\000e\000l\000s\000e\000r}{section.9.4}% 194
\BOOKMARK [2][-]{subsection.9.4.4}{\376\377\000K\000a\000b\000e\000l\000b\000u\000d\000g\000e\000t\000t\000e\000r}{section.9.4}% 195
\BOOKMARK [2][-]{subsection.9.4.5}{\376\377\000E\000n\000h\000e\000d\000s\000t\000a\000p\000s}{section.9.4}% 196
\BOOKMARK [2][-]{subsection.9.4.6}{\376\377\000K\000a\000b\000l\000e\000r}{section.9.4}% 197
\BOOKMARK [2][-]{subsection.9.4.7}{\376\377\000N\000e\000t\000v\000\346\000r\000k\000s\000s\000t\000r\000\370\000m}{section.9.4}% 198
\BOOKMARK [2][-]{subsection.9.4.8}{\376\377\000S\000y\000s\000t\000e\000m\000j\000o\000r\000d}{section.9.4}% 199
\BOOKMARK [2][-]{subsection.9.4.9}{\376\377\000S\000i\000g\000n\000a\000l\000e\000r\000i\000n\000g}{section.9.4}% 200
\BOOKMARK [2][-]{subsection.9.4.10}{\376\377\000D\000a\000t\000a\000\040\000L\000i\000n\000k\000\040\000L\000a\000g}{section.9.4}% 201
\BOOKMARK [2][-]{subsection.9.4.11}{\376\377\000A\000p\000p\000l\000i\000k\000a\000t\000i\000o\000n\000s\000l\000a\000g\000e\000t}{section.9.4}% 202
\BOOKMARK [2][-]{subsection.9.4.12}{\376\377\000F\000e\000j\000l\000f\000i\000n\000d\000i\000n\000g}{section.9.4}% 203
\BOOKMARK [2][-]{subsection.9.4.13}{\376\377\000O\000p\000s\000u\000m\000m\000e\000r\000i\000n\000g}{section.9.4}% 204
\BOOKMARK [1][-]{section.9.5}{\376\377\000P\000r\000o\000f\000i\000B\000u\000s\000\040\000P\000A\000/\000D\000P\000/\000F\000M\000S\000\040\000O\000v\000e\000r\000v\000i\000e\000w}{chapter.9}% 205
\BOOKMARK [2][-]{subsection.9.5.1}{\376\377\000I\000n\000t\000r\000o\000d\000u\000k\000t\000i\000o\000n}{section.9.5}% 206
\BOOKMARK [2][-]{subsection.9.5.2}{\376\377\000P\000r\000o\000f\000i\000B\000u\000s\000\040\000P\000r\000o\000t\000o\000c\000o\000l\000\040\000S\000t\000a\000c\000k}{section.9.5}% 207
\BOOKMARK [2][-]{subsection.9.5.3}{\376\377\000P\000r\000o\000f\000i\000B\000u\000s\000\040\000K\000o\000m\000m\000u\000n\000i\000k\000a\000t\000i\000o\000n\000\040\000M\000o\000d\000e\000l}{section.9.5}% 208
\BOOKMARK [2][-]{subsection.9.5.4}{\376\377\000F\000o\000r\000h\000o\000l\000d\000\040\000m\000e\000l\000l\000e\000m\000\040\000A\000p\000p\000l\000i\000k\000a\000t\000i\000o\000n\000s\000p\000r\000o\000c\000e\000s\000\040\000o\000g\000\040\000K\000o\000m\000m\000u\000n\000i\000k\000a\000t\000i\000o\000n}{section.9.5}% 209
\BOOKMARK [2][-]{subsection.9.5.5}{\376\377\000K\000o\000m\000m\000u\000n\000i\000k\000a\000t\000i\000o\000n\000s\000o\000b\000j\000e\000k\000t\000e\000r}{section.9.5}% 210
\BOOKMARK [2][-]{subsection.9.5.6}{\376\377\000Y\000d\000e\000e\000v\000n\000e}{section.9.5}% 211
\BOOKMARK [2][-]{subsection.9.5.7}{\376\377\000S\000y\000s\000t\000e\000m\000o\000p\000e\000r\000a\000t\000i\000o\000n}{section.9.5}% 212
\BOOKMARK [2][-]{subsection.9.5.8}{\376\377\000F\000e\000j\000l\000f\000i\000n\000d\000i\000n\000g}{section.9.5}% 213
\BOOKMARK [2][-]{subsection.9.5.9}{\376\377\000O\000p\000s\000u\000m\000m\000e\000r\000i\000n\000g}{section.9.5}% 214
\BOOKMARK [-1][-]{part.5}{\376\377\000V\000\040\000E\000t\000h\000e\000r\000n\000e\000t\000-\000b\000a\000s\000e\000r\000e\000t\000\040\000K\000o\000m\000m\000u\000n\000i\000k\000a\000t\000i\000o\000n}{}% 215
\BOOKMARK [0][-]{chapter.10}{\376\377\000I\000n\000d\000u\000s\000t\000r\000i\000e\000l\000\040\000n\000e\000t\000v\000\346\000r\000k\000s\000p\000r\000o\000t\000o\000k\000o\000l\000l\000e\000r\000\040\000o\000g\000\040\000s\000t\000a\000n\000d\000a\000r\000d\000e\000r}{part.5}% 216
\BOOKMARK [1][-]{section.10.1}{\376\377\000M\000o\000d\000b\000u\000s}{chapter.10}% 217
\BOOKMARK [2][-]{subsection.10.1.1}{\376\377\000S\000a\000m\000m\000e\000n\000f\000a\000t\000n\000i\000n\000g}{section.10.1}% 218
\BOOKMARK [2][-]{subsection.10.1.2}{\376\377\000N\000e\000t\000v\000\346\000r\000k\000s\000p\000r\000o\000t\000o\000k\000o\000l\000l\000e\000r}{section.10.1}% 219
\BOOKMARK [2][-]{subsection.10.1.3}{\376\377\000E\000l\000e\000k\000t\000r\000i\000s\000k\000e\000\040\000S\000t\000a\000n\000d\000a\000r\000d\000e\000r}{section.10.1}% 220
\BOOKMARK [1][-]{section.10.2}{\376\377\000E\000t\000h\000e\000r\000N\000e\000t\000/\000I\000P}{chapter.10}% 221
\BOOKMARK [2][-]{subsection.10.2.1}{\376\377\000I\000n\000t\000r\000o\000d\000u\000k\000t\000i\000o\000n}{section.10.2}% 222
\BOOKMARK [2][-]{subsection.10.2.2}{\376\377\000E\000t\000h\000e\000r\000N\000e\000t\000/\000I\000P\000\040\000P\000r\000o\000t\000o\000c\000o\000l\000\040\000S\000t\000a\000c\000k}{section.10.2}% 223
\BOOKMARK [2][-]{subsection.10.2.3}{\376\377\000E\000t\000h\000e\000r\000N\000e\000t\000/\000I\000P\000\040\000K\000o\000m\000m\000u\000n\000i\000k\000a\000t\000i\000o\000n\000s\000m\000o\000d\000e\000l}{section.10.2}% 224
\BOOKMARK [2][-]{subsection.10.2.4}{\376\377\000F\000o\000r\000h\000o\000l\000d\000\040\000m\000e\000l\000l\000e\000m\000\040\000A\000p\000p\000l\000i\000k\000a\000t\000i\000o\000n\000s\000p\000r\000o\000c\000e\000s\000\040\000o\000g\000\040\000K\000o\000m\000m\000u\000n\000i\000k\000a\000t\000i\000o\000n}{section.10.2}% 225
\BOOKMARK [2][-]{subsection.10.2.5}{\376\377\000K\000o\000m\000m\000u\000n\000i\000k\000a\000t\000i\000o\000n\000s\000o\000b\000j\000e\000k\000t\000e\000r}{section.10.2}% 226
\BOOKMARK [2][-]{subsection.10.2.6}{\376\377\000Y\000d\000e\000e\000v\000n\000e}{section.10.2}% 227
\BOOKMARK [2][-]{subsection.10.2.7}{\376\377\000S\000y\000s\000t\000e\000m\000o\000p\000e\000r\000a\000t\000i\000o\000n}{section.10.2}% 228
\BOOKMARK [2][-]{subsection.10.2.8}{\376\377\000F\000e\000j\000l\000f\000i\000n\000d\000i\000n\000g}{section.10.2}% 229
\BOOKMARK [2][-]{subsection.10.2.9}{\376\377\000O\000p\000s\000u\000m\000m\000e\000r\000i\000n\000g}{section.10.2}% 230
\BOOKMARK [1][-]{section.10.3}{\376\377\000P\000R\000O\000F\000I\000N\000E\000T}{chapter.10}% 231
\BOOKMARK [2][-]{subsection.10.3.1}{\376\377\000I\000n\000t\000r\000o\000d\000u\000k\000t\000i\000o\000n}{section.10.3}% 232
\BOOKMARK [2][-]{subsection.10.3.2}{\376\377\000P\000R\000O\000F\000I\000N\000E\000T\000\040\000P\000r\000o\000t\000o\000c\000o\000l\000\040\000S\000t\000a\000c\000k}{section.10.3}% 233
\BOOKMARK [2][-]{subsection.10.3.3}{\376\377\000P\000R\000O\000F\000I\000N\000E\000T\000\040\000K\000o\000m\000m\000u\000n\000i\000k\000a\000t\000i\000o\000n\000s\000m\000o\000d\000e\000l}{section.10.3}% 234
\BOOKMARK [2][-]{subsection.10.3.4}{\376\377\000F\000o\000r\000h\000o\000l\000d\000\040\000m\000e\000l\000l\000e\000m\000\040\000A\000p\000p\000l\000i\000k\000a\000t\000i\000o\000n\000s\000p\000r\000o\000c\000e\000s\000\040\000o\000g\000\040\000K\000o\000m\000m\000u\000n\000i\000k\000a\000t\000i\000o\000n}{section.10.3}% 235
\BOOKMARK [2][-]{subsection.10.3.5}{\376\377\000K\000o\000m\000m\000u\000n\000i\000k\000a\000t\000i\000o\000n\000s\000o\000b\000j\000e\000k\000t\000e\000r}{section.10.3}% 236
\BOOKMARK [2][-]{subsection.10.3.6}{\376\377\000Y\000d\000e\000e\000v\000n\000e}{section.10.3}% 237
\BOOKMARK [2][-]{subsection.10.3.7}{\376\377\000S\000y\000s\000t\000e\000m\000o\000p\000e\000r\000a\000t\000i\000o\000n}{section.10.3}% 238
\BOOKMARK [2][-]{subsection.10.3.8}{\376\377\000F\000e\000j\000l\000f\000i\000n\000d\000i\000n\000g}{section.10.3}% 239
\BOOKMARK [2][-]{subsection.10.3.9}{\376\377\000O\000p\000s\000u\000m\000m\000e\000r\000i\000n\000g}{section.10.3}% 240
\BOOKMARK [1][-]{section.10.4}{\376\377\000A\000S\000-\000I\000n\000t\000e\000r\000f\000a\000c\000e\000\040\000\050\000A\000S\000-\000i\000\051\000\040\000O\000v\000e\000r\000v\000i\000e\000w}{chapter.10}% 241
\BOOKMARK [2][-]{subsection.10.4.1}{\376\377\000I\000n\000t\000r\000o\000d\000u\000k\000t\000i\000o\000n}{section.10.4}% 242
\BOOKMARK [2][-]{subsection.10.4.2}{\376\377\000L\000a\000y\000e\000r\000\040\0001\000\040\040\023\000\040\000T\000h\000e\000\040\000P\000h\000y\000s\000i\000c\000a\000l\000\040\000L\000a\000y\000e\000r}{section.10.4}% 243
\BOOKMARK [2][-]{subsection.10.4.3}{\376\377\000L\000a\000y\000e\000r\000\040\0002\000\040\040\023\000\040\000T\000h\000e\000\040\000D\000a\000t\000a\000\040\000L\000i\000n\000k\000\040\000L\000a\000y\000e\000r}{section.10.4}% 244
\BOOKMARK [2][-]{subsection.10.4.4}{\376\377\000O\000p\000e\000r\000a\000t\000i\000n\000g\000\040\000C\000h\000a\000r\000a\000c\000t\000e\000r\000i\000s\000t\000i\000c\000s}{section.10.4}% 245
\BOOKMARK [2][-]{subsection.10.4.5}{\376\377\000T\000r\000o\000u\000b\000l\000e\000s\000h\000o\000o\000t\000i\000n\000g}{section.10.4}% 246
\BOOKMARK [2][-]{subsection.10.4.6}{\376\377\000O\000p\000s\000u\000m\000m\000e\000r\000i\000n\000g}{section.10.4}% 247
\BOOKMARK [1][-]{section.10.5}{\376\377\000I\000O\000-\000L\000i\000n\000k}{chapter.10}% 248
\BOOKMARK [2][-]{subsection.10.5.1}{\376\377\000P\000u\000r\000p\000o\000s\000e\000\040\000o\000f\000\040\000T\000e\000c\000h\000n\000o\000l\000o\000g\000y}{section.10.5}% 249
\BOOKMARK [2][-]{subsection.10.5.2}{\376\377\000P\000o\000s\000i\000t\000i\000o\000n\000i\000n\000g\000\040\000w\000i\000t\000h\000i\000n\000\040\000t\000h\000e\000\040\000A\000u\000t\000o\000m\000a\000t\000i\000o\000n\000\040\000H\000i\000e\000r\000a\000r\000c\000h\000y}{section.10.5}% 250
\BOOKMARK [2][-]{subsection.10.5.3}{\376\377\000W\000i\000r\000i\000n\000g\000,\000\040\000C\000o\000n\000n\000e\000c\000t\000o\000r\000s\000,\000\040\000a\000n\000d\000\040\000P\000o\000w\000e\000r}{section.10.5}% 251
\BOOKMARK [2][-]{subsection.10.5.4}{\376\377\000C\000o\000m\000m\000u\000n\000i\000c\000a\000t\000i\000o\000n\000\040\000F\000e\000a\000t\000u\000r\000e\000s\000\040\000o\000f\000\040\000I\000O\000-\000L\000i\000n\000k}{section.10.5}% 252
\BOOKMARK [2][-]{subsection.10.5.5}{\376\377\000R\000o\000l\000e\000\040\000o\000f\000\040\000a\000\040\000M\000a\000s\000t\000e\000r}{section.10.5}% 253
\BOOKMARK [2][-]{subsection.10.5.6}{\376\377\000I\000O\000-\000L\000i\000n\000k\000\040\000C\000o\000n\000f\000i\000g\000u\000r\000a\000t\000i\000o\000n}{section.10.5}% 254
\BOOKMARK [2][-]{subsection.10.5.7}{\376\377\000M\000a\000p\000p\000i\000n\000g\000\040\000t\000o\000\040\000F\000i\000e\000l\000d\000b\000u\000s\000e\000s\000\040\000a\000n\000d\000\040\000S\000y\000s\000t\000e\000m\000\040\000I\000n\000t\000e\000g\000r\000a\000t\000i\000o\000n}{section.10.5}% 255
\BOOKMARK [2][-]{subsection.10.5.8}{\376\377\000I\000m\000p\000l\000e\000m\000e\000n\000t\000a\000t\000i\000o\000n\000\040\000a\000n\000d\000\040\000E\000n\000g\000i\000n\000e\000e\000r\000i\000n\000g\000\040\000S\000u\000p\000p\000o\000r\000t}{section.10.5}% 256
\BOOKMARK [2][-]{subsection.10.5.9}{\376\377\000T\000e\000s\000t\000\040\000a\000n\000d\000\040\000C\000e\000r\000t\000i\000f\000i\000c\000a\000t\000i\000o\000n}{section.10.5}% 257
\BOOKMARK [2][-]{subsection.10.5.10}{\376\377\000P\000r\000o\000f\000i\000l\000e\000s}{section.10.5}% 258
\BOOKMARK [2][-]{subsection.10.5.11}{\376\377\000F\000u\000n\000c\000t\000i\000o\000n\000a\000l\000\040\000S\000a\000f\000e\000t\000y}{section.10.5}% 259
\BOOKMARK [1][-]{section.10.6}{\376\377\000K\000e\000p\000S\000e\000r\000v\000e\000r\000E\000X}{chapter.10}% 260
\BOOKMARK [2][-]{subsection.10.6.1}{\376\377\000I\000n\000t\000r\000o\000d\000u\000k\000t\000i\000o\000n\000\040\000t\000i\000l\000\040\000K\000e\000p\000S\000e\000r\000v\000e\000r\000E\000X}{section.10.6}% 261
\BOOKMARK [2][-]{subsection.10.6.2}{\376\377\000H\000v\000a\000d\000\040\000e\000r\000\040\000K\000e\000p\000S\000e\000r\000v\000e\000r\000E\000X\000?}{section.10.6}% 262
\BOOKMARK [2][-]{subsection.10.6.3}{\376\377\000D\000e\000f\000i\000n\000i\000t\000i\000o\000n\000\040\000a\000f\000\040\000K\000e\000p\000S\000e\000r\000v\000e\000r\000E\000X}{section.10.6}% 263
\BOOKMARK [2][-]{subsection.10.6.4}{\376\377\000H\000i\000s\000t\000o\000r\000i\000e\000\040\000o\000g\000\040\000U\000d\000v\000i\000k\000l\000i\000n\000g}{section.10.6}% 264
\BOOKMARK [2][-]{subsection.10.6.5}{\376\377\000M\000a\000r\000k\000e\000d\000e\000t\000s\000\040\000P\000o\000s\000i\000t\000i\000o\000n}{section.10.6}% 265
\BOOKMARK [2][-]{subsection.10.6.6}{\376\377\000F\000u\000n\000k\000t\000i\000o\000n\000e\000r\000\040\000o\000g\000\040\000K\000a\000p\000a\000c\000i\000t\000e\000t\000e\000r\000\040\000i\000\040\000K\000e\000p\000S\000e\000r\000v\000e\000r\000E\000X}{section.10.6}% 266
\BOOKMARK [2][-]{subsection.10.6.7}{\376\377\000G\000r\000u\000n\000d\000l\000\346\000g\000g\000e\000n\000d\000e\000\040\000F\000u\000n\000k\000t\000i\000o\000n\000e\000r}{section.10.6}% 267
\BOOKMARK [2][-]{subsection.10.6.8}{\376\377\000U\000d\000v\000i\000d\000e\000d\000e\000\040\000F\000u\000n\000k\000t\000i\000o\000n\000e\000r}{section.10.6}% 268
\BOOKMARK [2][-]{subsection.10.6.9}{\376\377\000H\000v\000o\000r\000d\000a\000n\000\040\000K\000e\000p\000S\000e\000r\000v\000e\000r\000E\000X\000\040\000A\000n\000v\000e\000n\000d\000e\000s\000\040\000i\000\040\000I\000n\000d\000u\000s\000t\000r\000i\000e\000n}{section.10.6}% 269
\BOOKMARK [2][-]{subsection.10.6.10}{\376\377\000I\000n\000t\000e\000g\000r\000a\000t\000i\000o\000n\000\040\000m\000e\000d\000\040\000K\000o\000n\000t\000r\000o\000l\000s\000y\000s\000t\000e\000m\000e\000r}{section.10.6}% 270
\BOOKMARK [2][-]{subsection.10.6.11}{\376\377\000A\000n\000v\000e\000n\000d\000e\000l\000s\000e\000\040\000i\000\040\000S\000C\000A\000D\000A\000\040\000o\000g\000\040\000M\000E\000S}{section.10.6}% 271
\BOOKMARK [2][-]{subsection.10.6.12}{\376\377\000E\000k\000s\000e\000m\000p\000l\000e\000r\000\040\000f\000r\000a\000\040\000I\000n\000d\000u\000s\000t\000r\000i\000e\000n}{section.10.6}% 272
\BOOKMARK [2][-]{subsection.10.6.13}{\376\377\000O\000p\000s\000\346\000t\000n\000i\000n\000g\000\040\000o\000g\000\040\000K\000o\000n\000f\000i\000g\000u\000r\000a\000t\000i\000o\000n\000\040\000a\000f\000\040\000K\000e\000p\000S\000e\000r\000v\000e\000r\000E\000X}{section.10.6}% 273
\BOOKMARK [2][-]{subsection.10.6.14}{\376\377\000I\000n\000s\000t\000a\000l\000l\000a\000t\000i\000o\000n\000\040\000a\000f\000\040\000K\000e\000p\000S\000e\000r\000v\000e\000r\000E\000X}{section.10.6}% 274
\BOOKMARK [2][-]{subsection.10.6.15}{\376\377\000G\000r\000u\000n\000d\000l\000\346\000g\000g\000e\000n\000d\000e\000\040\000K\000o\000n\000f\000i\000g\000u\000r\000a\000t\000i\000o\000n}{section.10.6}% 275
\BOOKMARK [2][-]{subsection.10.6.16}{\376\377\000I\000n\000t\000e\000g\000r\000a\000t\000i\000o\000n\000\040\000a\000f\000\040\000K\000e\000p\000S\000e\000r\000v\000e\000r\000E\000X\000\040\000m\000e\000d\000\040\000A\000n\000d\000r\000e\000\040\000S\000y\000s\000t\000e\000m\000e\000r}{section.10.6}% 276
\BOOKMARK [2][-]{subsection.10.6.17}{\376\377\000I\000n\000t\000e\000g\000r\000a\000t\000i\000o\000n\000\040\000m\000e\000d\000\040\000P\000L\000C\000'\000e\000r}{section.10.6}% 277
\BOOKMARK [2][-]{subsection.10.6.18}{\376\377\000I\000n\000t\000e\000g\000r\000a\000t\000i\000o\000n\000\040\000m\000e\000d\000\040\000D\000C\000S\000\040\000o\000g\000\040\000S\000C\000A\000D\000A}{section.10.6}% 278
\BOOKMARK [2][-]{subsection.10.6.19}{\376\377\000I\000n\000t\000e\000g\000r\000a\000t\000i\000o\000n\000\040\000m\000e\000d\000\040\000C\000l\000o\000u\000d\000-\000p\000l\000a\000t\000f\000o\000r\000m\000e}{section.10.6}% 279
\BOOKMARK [2][-]{subsection.10.6.20}{\376\377\000F\000o\000r\000d\000e\000l\000e\000\040\000o\000g\000\040\000U\000d\000f\000o\000r\000d\000r\000i\000n\000g\000e\000r\000\040\000v\000e\000d\000\040\000a\000t\000\040\000B\000r\000u\000g\000e\000\040\000K\000e\000p\000S\000e\000r\000v\000e\000r\000E\000X}{section.10.6}% 280
\BOOKMARK [2][-]{subsection.10.6.21}{\376\377\000F\000o\000r\000d\000e\000l\000e}{section.10.6}% 281
\BOOKMARK [2][-]{subsection.10.6.22}{\376\377\000U\000d\000f\000o\000r\000d\000r\000i\000n\000g\000e\000r}{section.10.6}% 282
\BOOKMARK [2][-]{subsection.10.6.23}{\376\377\000E\000k\000s\000e\000m\000p\000l\000e\000r\000\040\000p\000\345\000\040\000A\000n\000v\000e\000n\000d\000e\000l\000s\000e\000\040\000a\000f\000\040\000K\000e\000p\000S\000e\000r\000v\000e\000r\000E\000X\000\040\000i\000\040\000F\000o\000r\000s\000k\000e\000l\000l\000i\000g\000e\000\040\000B\000r\000a\000n\000c\000h\000e\000r}{section.10.6}% 283
\BOOKMARK [2][-]{subsection.10.6.24}{\376\377\000F\000r\000e\000m\000s\000t\000i\000l\000l\000i\000n\000g\000s\000i\000n\000d\000u\000s\000t\000r\000i\000e\000n}{section.10.6}% 284
\BOOKMARK [2][-]{subsection.10.6.25}{\376\377\000E\000n\000e\000r\000g\000i\000s\000e\000k\000t\000o\000r\000e\000n}{section.10.6}% 285
\BOOKMARK [2][-]{subsection.10.6.26}{\376\377\000V\000a\000n\000d\000b\000e\000h\000a\000n\000d\000l\000i\000n\000g}{section.10.6}% 286
\BOOKMARK [2][-]{subsection.10.6.27}{\376\377\000B\000y\000g\000n\000i\000n\000g\000s\000t\000e\000k\000n\000o\000l\000o\000g\000i}{section.10.6}% 287
\BOOKMARK [2][-]{subsection.10.6.28}{\376\377\000A\000v\000a\000n\000c\000e\000r\000e\000d\000e\000\040\000F\000u\000n\000k\000t\000i\000o\000n\000e\000r\000\040\000i\000\040\000K\000e\000p\000S\000e\000r\000v\000e\000r\000E\000X}{section.10.6}% 288
\BOOKMARK [2][-]{subsection.10.6.29}{\376\377\000S\000c\000r\000i\000p\000t\000i\000n\000g\000\040\000o\000g\000\040\000A\000u\000t\000o\000m\000a\000t\000i\000s\000e\000r\000i\000n\000g}{section.10.6}% 289
\BOOKMARK [2][-]{subsection.10.6.30}{\376\377\000S\000k\000a\000l\000e\000r\000b\000a\000r\000h\000e\000d\000\040\000i\000\040\000K\000e\000p\000S\000e\000r\000v\000e\000r\000E\000X}{section.10.6}% 290
\BOOKMARK [2][-]{subsection.10.6.31}{\376\377\000I\000o\000T\000-\000i\000n\000t\000e\000g\000r\000a\000t\000i\000o\000n}{section.10.6}% 291
\BOOKMARK [1][-]{section.10.7}{\376\377\000O\000P\000C}{chapter.10}% 292
\BOOKMARK [-1][-]{part.6}{\376\377\000V\000I\000\040\000A\000v\000a\000n\000c\000e\000r\000e\000d\000e\000\040\000N\000e\000t\000v\000\346\000r\000k\000s\000a\000p\000p\000l\000i\000k\000a\000t\000i\000o\000n\000e\000r}{}% 293
\BOOKMARK [0][-]{chapter.11}{\376\377\000C\000i\000s\000c\000o\000\040\000P\000a\000c\000k\000e\000t\000\040\000T\000r\000a\000c\000e\000r\000\040\000N\000e\000t\000v\000\346\000r\000k\000s\000o\000p\000g\000a\000v\000e\000r}{part.6}% 294
\BOOKMARK [1][-]{section.11.1}{\376\377\000H\000u\000b}{chapter.11}% 295
\BOOKMARK [2][-]{subsection.11.1.1}{\376\377\000S\000i\000m\000p\000e\000l\000\040\000H\000u\000b\000\040\000O\000p\000s\000\346\000t\000n\000i\000n\000g}{section.11.1}% 296
\BOOKMARK [2][-]{subsection.11.1.2}{\376\377\000H\000u\000b\000\040\000K\000o\000m\000m\000u\000n\000i\000k\000a\000t\000i\000o\000n\000\040\000m\000e\000d\000\040\000F\000i\000r\000e\000\040\000C\000o\000m\000p\000u\000t\000e\000r\000e}{section.11.1}% 297
\BOOKMARK [2][-]{subsection.11.1.3}{\376\377\000H\000u\000b\000\040\000o\000g\000\040\000B\000r\000o\000a\000d\000c\000a\000s\000t\000\040\000T\000r\000a\000f\000i\000k}{section.11.1}% 298
\BOOKMARK [1][-]{section.11.2}{\376\377\000S\000w\000i\000t\000c\000h}{chapter.11}% 299
\BOOKMARK [2][-]{subsection.11.2.1}{\376\377\000G\000r\000u\000n\000d\000l\000\346\000g\000g\000e\000n\000d\000e\000\040\000N\000e\000t\000v\000\346\000r\000k\000s\000f\000o\000r\000b\000i\000n\000d\000e\000l\000s\000e\000r}{section.11.2}% 300
\BOOKMARK [2][-]{subsection.11.2.2}{\376\377\000S\000w\000i\000t\000c\000h\000\040\000F\000u\000n\000k\000t\000i\000o\000n\000a\000l\000i\000t\000e\000t\000\040\000o\000g\000\040\000L\000\346\000r\000i\000n\000g}{section.11.2}% 301
\BOOKMARK [2][-]{subsection.11.2.3}{\376\377\000G\000r\000u\000n\000d\000l\000\346\000g\000g\000e\000n\000d\000e\000\040\000S\000w\000i\000t\000c\000h\000\040\000K\000o\000n\000f\000i\000g\000u\000r\000a\000t\000i\000o\000n}{section.11.2}% 302
\BOOKMARK [2][-]{subsection.11.2.4}{\376\377\000U\000d\000v\000i\000d\000e\000t\000\040\000S\000w\000i\000t\000c\000h\000\040\000K\000o\000n\000f\000i\000g\000u\000r\000a\000t\000i\000o\000n}{section.11.2}% 303
\BOOKMARK [2][-]{subsection.11.2.5}{\376\377\000S\000p\000a\000n\000n\000i\000n\000g\000\040\000T\000r\000e\000e\000\040\000P\000r\000o\000t\000o\000c\000o\000l\000\040\000\050\000S\000T\000P\000\051}{section.11.2}% 304
\BOOKMARK [2][-]{subsection.11.2.6}{\376\377\000R\000e\000d\000u\000n\000d\000a\000n\000s\000\040\000o\000g\000\040\000F\000a\000i\000l\000o\000v\000e\000r}{section.11.2}% 305
\BOOKMARK [2][-]{subsection.11.2.7}{\376\377\000E\000t\000h\000e\000r\000C\000h\000a\000n\000n\000e\000l\000\040\000K\000o\000n\000f\000i\000g\000u\000r\000a\000t\000i\000o\000n}{section.11.2}% 306
\BOOKMARK [1][-]{section.11.3}{\376\377\000R\000o\000u\000t\000e\000r}{chapter.11}% 307
\BOOKMARK [2][-]{subsection.11.3.1}{\376\377\000O\000p\000r\000e\000t\000\040\000e\000n\000\040\000G\000r\000u\000n\000d\000l\000\346\000g\000g\000e\000n\000d\000e\000\040\000R\000o\000u\000t\000e\000r\000-\000t\000i\000l\000-\000R\000o\000u\000t\000e\000r\000\040\000F\000o\000r\000b\000i\000n\000d\000e\000l\000s\000e}{section.11.3}% 308
\BOOKMARK [2][-]{subsection.11.3.2}{\376\377\000G\000r\000u\000n\000d\000l\000\346\000g\000g\000e\000n\000d\000e\000\040\000R\000o\000u\000t\000e\000r\000\040\000K\000o\000n\000f\000i\000g\000u\000r\000a\000t\000i\000o\000n}{section.11.3}% 309
\BOOKMARK [2][-]{subsection.11.3.3}{\376\377\000E\000n\000k\000e\000l\000\040\000R\000o\000u\000t\000e\000r\000\040\000R\000o\000u\000t\000i\000n\000g}{section.11.3}% 310
\BOOKMARK [2][-]{subsection.11.3.4}{\376\377\000G\000r\000u\000n\000d\000l\000\346\000g\000g\000e\000n\000d\000e\000\040\000I\000n\000t\000e\000r\000f\000a\000c\000e\000\040\000K\000o\000n\000f\000i\000g\000u\000r\000a\000t\000i\000o\000n}{section.11.3}% 311
\BOOKMARK [2][-]{subsection.11.3.5}{\376\377\000E\000n\000k\000e\000l\000\040\000R\000o\000u\000t\000e\000r\000\040\000S\000i\000k\000k\000e\000r\000h\000e\000d}{section.11.3}% 312
\BOOKMARK [2][-]{subsection.11.3.6}{\376\377\000G\000r\000u\000n\000d\000l\000\346\000g\000g\000e\000n\000d\000e\000\040\000N\000e\000t\000v\000\346\000r\000k\000s\000-\000I\000D\000\040\000o\000g\000\040\000S\000u\000b\000n\000e\000t\000t\000i\000n\000g}{section.11.3}% 313
\BOOKMARK [1][-]{section.11.4}{\376\377\000V\000L\000A\000N}{chapter.11}% 314
\BOOKMARK [2][-]{subsection.11.4.1}{\376\377\000O\000p\000r\000e\000t\000\040\000e\000n\000\040\000G\000r\000u\000n\000d\000l\000\346\000g\000g\000e\000n\000d\000e\000\040\000V\000L\000A\000N}{section.11.4}% 315
\BOOKMARK [2][-]{subsection.11.4.2}{\376\377\000G\000r\000u\000n\000d\000l\000\346\000g\000g\000e\000n\000d\000e\000\040\000V\000L\000A\000N\000\040\000R\000o\000u\000t\000i\000n\000g}{section.11.4}% 316
\BOOKMARK [2][-]{subsection.11.4.3}{\376\377\000S\000i\000k\000k\000e\000r\000h\000e\000d\000\040\000i\000\040\000V\000L\000A\000N}{section.11.4}% 317
\BOOKMARK [1][-]{section.11.5}{\376\377\000N\000A\000T\000\040\000\050\000N\000e\000t\000w\000o\000r\000k\000\040\000A\000d\000d\000r\000e\000s\000s\000\040\000T\000r\000a\000n\000s\000l\000a\000t\000i\000o\000n\000\051}{chapter.11}% 318
\BOOKMARK [2][-]{subsection.11.5.1}{\376\377\000K\000o\000n\000f\000i\000g\000u\000r\000\351\000r\000\040\000S\000t\000a\000t\000i\000s\000k\000\040\000N\000A\000T}{section.11.5}% 319
\BOOKMARK [2][-]{subsection.11.5.2}{\376\377\000K\000o\000n\000f\000i\000g\000u\000r\000\351\000r\000\040\000D\000y\000n\000a\000m\000i\000s\000k\000\040\000N\000A\000T}{section.11.5}% 320
\BOOKMARK [1][-]{section.11.6}{\376\377\000D\000N\000S\000\040\000\050\000D\000o\000m\000a\000i\000n\000\040\000N\000a\000m\000e\000\040\000S\000y\000s\000t\000e\000m\000\051}{chapter.11}% 321
\BOOKMARK [2][-]{subsection.11.6.1}{\376\377\000K\000o\000n\000f\000i\000g\000u\000r\000\351\000r\000\040\000e\000n\000\040\000D\000N\000S\000-\000k\000l\000i\000e\000n\000t}{section.11.6}% 322
\BOOKMARK [2][-]{subsection.11.6.2}{\376\377\000K\000o\000n\000f\000i\000g\000u\000r\000\351\000r\000\040\000e\000n\000\040\000G\000r\000u\000n\000d\000l\000\346\000g\000g\000e\000n\000d\000e\000\040\000D\000N\000S\000\040\000S\000e\000r\000v\000e\000r}{section.11.6}% 323
\BOOKMARK [2][-]{subsection.11.6.3}{\376\377\000K\000o\000n\000f\000i\000g\000u\000r\000\351\000r\000\040\000D\000N\000S\000\040\000F\000o\000r\000w\000a\000r\000d\000i\000n\000g}{section.11.6}% 324
\BOOKMARK [2][-]{subsection.11.6.4}{\376\377\000T\000i\000l\000f\000\370\000j\000\040\000e\000n\000\040\000C\000N\000A\000M\000E\000\040\000R\000e\000c\000o\000r\000d}{section.11.6}% 325
\BOOKMARK [1][-]{section.11.7}{\376\377\000D\000H\000C\000P\000\040\000\050\000D\000y\000n\000a\000m\000i\000c\000\040\000H\000o\000s\000t\000\040\000C\000o\000n\000f\000i\000g\000u\000r\000a\000t\000i\000o\000n\000\040\000P\000r\000o\000t\000o\000c\000o\000l\000\051}{chapter.11}% 326
\BOOKMARK [2][-]{subsection.11.7.1}{\376\377\000K\000o\000n\000f\000i\000g\000u\000r\000\351\000r\000\040\000e\000n\000\040\000G\000r\000u\000n\000d\000l\000\346\000g\000g\000e\000n\000d\000e\000\040\000D\000H\000C\000P\000\040\000S\000e\000r\000v\000e\000r}{section.11.7}% 327
\BOOKMARK [2][-]{subsection.11.7.2}{\376\377\000K\000o\000n\000f\000i\000g\000u\000r\000\351\000r\000\040\000D\000H\000C\000P\000-\000u\000d\000l\000e\000j\000n\000i\000n\000g\000s\000t\000i\000d}{section.11.7}% 328
\BOOKMARK [2][-]{subsection.11.7.3}{\376\377\000K\000o\000n\000f\000i\000g\000u\000r\000\351\000r\000\040\000D\000H\000C\000P\000\040\000R\000e\000s\000e\000r\000v\000a\000t\000i\000o\000n}{section.11.7}% 329
\BOOKMARK [2][-]{subsection.11.7.4}{\376\377\000K\000o\000n\000f\000i\000g\000u\000r\000\351\000r\000\040\000e\000n\000\040\000D\000H\000C\000P\000\040\000R\000e\000l\000a\000y\000\040\000A\000g\000e\000n\000t}{section.11.7}% 330
\BOOKMARK [0][-]{chapter.12}{\376\377\000S\000i\000e\000m\000e\000n\000s}{part.6}% 331
\BOOKMARK [1][-]{section.12.1}{\376\377\000T\000I\000A\000\040\000P\000o\000r\000t\000a\000l\000\040\000N\000e\000t\000v\000\346\000r\000k\000s\000o\000p\000g\000a\000v\000e\000r}{chapter.12}% 332
\BOOKMARK [1][-]{section.12.2}{\376\377\000I\000P\000-\000a\000d\000r\000e\000s\000s\000e\000\040\000g\000u\000i\000d\000e}{chapter.12}% 333
\BOOKMARK [1][-]{section.12.3}{\376\377\000O\000p\000r\000e\000t\000t\000e\000l\000s\000e\000\040\000a\000f\000\040\000P\000R\000O\000F\000I\000N\000E\000T\000\040\000N\000e\000t\000v\000\346\000r\000k}{chapter.12}% 334
\BOOKMARK [1][-]{section.12.4}{\376\377\000F\000e\000j\000l\000f\000i\000n\000d\000i\000n\000g\000\040\000a\000f\000\040\000N\000e\000t\000v\000\346\000r\000k\000\040\000i\000\040\000T\000I\000A\000\040\000P\000o\000r\000t\000a\000l}{chapter.12}% 335
\BOOKMARK [1][-]{section.12.5}{\376\377\000S\0007\000-\000C\000o\000m\000m\000u\000n\000i\000c\000a\000t\000i\000o\000n}{chapter.12}% 336
\BOOKMARK [1][-]{section.12.6}{\376\377\000K\000o\000m\000m\000u\000n\000i\000k\000a\000t\000i\000o\000n\000s\000b\000l\000o\000k\000k\000e\000\040\000o\000g\000\040\000d\000e\000r\000e\000s\000\040\000A\000n\000v\000e\000n\000d\000e\000l\000s\000e}{chapter.12}% 337
\BOOKMARK [1][-]{section.12.7}{\376\377\000S\0007\000-\000C\000o\000m\000m\000u\000n\000i\000c\000a\000t\000i\000o\000n\000\040\000O\000t\000h\000e\000r\000s}{chapter.12}% 338
\BOOKMARK [1][-]{section.12.8}{\376\377\000O\000p\000e\000n\000\040\000U\000s\000e\000r\000\040\000C\000o\000m\000m\000u\000n\000i\000c\000a\000t\000i\000o\000n}{chapter.12}% 339
\BOOKMARK [1][-]{section.12.9}{\376\377\000M\000o\000d\000b\000u\000s\000\040\000T\000C\000P\000\040\000\050\000C\000l\000i\000e\000n\000t\000/\000S\000e\000r\000v\000e\000r\000\051}{chapter.12}% 340
\BOOKMARK [1][-]{section.12.10}{\376\377\000C\000I\000P\000\040\000m\000e\000l\000l\000e\000m\000\040\000S\000i\000e\000m\000e\000n\000s\000\040\000o\000g\000\040\000R\000o\000c\000k\000w\000e\000l\000l}{chapter.12}% 341
\BOOKMARK [1][-]{section.12.11}{\376\377\000M\000Q\000T\000T}{chapter.12}% 342
\BOOKMARK [1][-]{section.12.12}{\376\377\000O\000P\000C\000\040\000U\000A}{chapter.12}% 343
\BOOKMARK [1][-]{section.12.13}{\376\377\000O\000t\000h\000e\000r\000s\000\040\000W\000E\000B\000\040\000S\000e\000r\000v\000e\000r}{chapter.12}% 344
\BOOKMARK [1][-]{section.12.14}{\376\377\000O\000p\000s\000\346\000t\000n\000i\000n\000g\000\040\000a\000f\000\040\000W\000e\000b\000s\000e\000r\000v\000e\000r\000\040\000p\000\345\000\040\000e\000n\000\040\000F\000y\000s\000i\000s\000k\000\040\000o\000g\000\040\000S\000i\000m\000u\000l\000e\000r\000e\000t\000\040\000P\000L\000C}{chapter.12}% 345
\BOOKMARK [1][-]{section.12.15}{\376\377\000P\000r\000o\000f\000i\000n\000e\000t}{chapter.12}% 346
\BOOKMARK [2][-]{subsection.12.15.1}{\376\377\000P\000r\000o\000f\000i\000n\000e\000t\000\040\000t\000i\000l\000\040\000U\000R\000\040\000o\000g\000\040\000D\000i\000m\000e\000n\000s\000i\000o\000n\000e\000r\000i\000n\000g\000\040\000a\000f\000\040\000P\000R\000O\000F\000I\000N\000E\000T\000-\000n\000e\000t\000v\000\346\000r\000k}{section.12.15}% 347
\BOOKMARK [2][-]{subsection.12.15.2}{\376\377\000D\000e\000l\000\040\0001\000:\000\040\000O\000p\000s\000\346\000t\000n\000i\000n\000g\000\040\000a\000f\000\040\000P\000R\000O\000F\000I\000N\000E\000T\000-\000k\000o\000m\000m\000u\000n\000i\000k\000a\000t\000i\000o\000n}{section.12.15}% 348
\BOOKMARK [2][-]{subsection.12.15.3}{\376\377\000D\000e\000l\000\040\0002\000:\000\040\000D\000i\000m\000e\000n\000s\000i\000o\000n\000e\000r\000i\000n\000g\000\040\000a\000f\000\040\000P\000R\000O\000F\000I\000N\000E\000T\000-\000n\000e\000t\000v\000\346\000r\000k\000\040\000f\000o\000r\000\040\000P\000r\000o\000d\000u\000k\000t\000i\000o\000n\000s\000l\000i\000n\000j\000e\000\040\000m\000e\000d\000\040\000R\000o\000b\000o\000t\000c\000e\000l\000l\000e\000r}{section.12.15}% 349
\BOOKMARK [1][-]{section.12.16}{\376\377\000P\000r\000o\000f\000i\000b\000u\000s}{chapter.12}% 350
\BOOKMARK [0][-]{chapter.13}{\376\377\000R\000o\000c\000k\000w\000e\000l\000l}{part.6}% 351
\BOOKMARK [1][-]{section.13.1}{\376\377\000S\000t\000u\000d\000i\000o\000\040\0005\0000\0000\0000\000\040\000N\000e\000t\000v\000\346\000r\000k\000s\000o\000p\000g\000a\000v\000e\000r}{chapter.13}% 352
\BOOKMARK [1][-]{section.13.2}{\376\377\000O\000p\000s\000\346\000t\000n\000i\000n\000g\000\040\000a\000f\000\040\000E\000t\000h\000e\000r\000N\000e\000t\000/\000I\000P\000\040\000N\000e\000t\000v\000\346\000r\000k\000\040\000i\000\040\000S\000t\000u\000d\000i\000o\000\040\0005\0000\0000\0000}{chapter.13}% 353
\BOOKMARK [1][-]{section.13.3}{\376\377\000\306\000n\000d\000r\000i\000n\000g\000\040\000a\000f\000\040\000I\000P\000-\000a\000d\000r\000e\000s\000s\000e\000\040\000m\000e\000d\000\040\000B\000O\000O\000T\000P}{chapter.13}% 354
\BOOKMARK [1][-]{section.13.4}{\376\377\000P\000r\000o\000d\000u\000c\000e\000r\000/\000C\000o\000n\000s\000u\000m\000e\000r\000\040\000T\000a\000g\000s}{chapter.13}% 355
\BOOKMARK [1][-]{section.13.5}{\376\377\000M\000o\000d\000b\000u\000s\000\040\000T\000C\000P}{chapter.13}% 356
\BOOKMARK [1][-]{section.13.6}{\376\377\000O\000P\000C\000\040\000U\000A}{chapter.13}% 357
\BOOKMARK [0][-]{chapter.14}{\376\377\000K\000e\000p\000S\000e\000r\000v\000e\000r\000E\000X}{part.6}% 358
\BOOKMARK [1][-]{section.14.1}{\376\377\000O\000P\000C\000\040\000U\000A}{chapter.14}% 359
\BOOKMARK [1][-]{section.14.2}{\376\377\000M\000o\000d\000b\000u\000s}{chapter.14}% 360
\BOOKMARK [1][-]{section.14.3}{\376\377\000S\0007\000-\000c\000o\000m\000m\000u\000n\000i\000c\000a\000t\000i\000o\000n}{chapter.14}% 361
\BOOKMARK [1][-]{section.14.4}{\376\377\000E\000t\000h\000e\000r\000n\000e\000t\000/\000I\000P}{chapter.14}% 362
\BOOKMARK [1][-]{section.14.5}{\376\377\000M\000Q\000T\000T}{chapter.14}% 363
\BOOKMARK [0][-]{chapter.15}{\376\377\000U\000n\000i\000v\000e\000r\000s\000a\000l\000\040\000R\000o\000b\000o\000t\000s}{part.6}% 364
\BOOKMARK [1][-]{section.15.1}{\376\377\000M\000o\000d\000b\000u\000s\000\040\000U\000n\000i\000v\000e\000r\000s\000a\000l\000\040\000R\000o\000b\000o\000t\000s\000\040\000t\000i\000l\000\040\000S\000i\000e\000m\000e\000n\000s}{chapter.15}% 365
\BOOKMARK [1][-]{section.15.2}{\376\377\000M\000o\000d\000b\000u\000s\000\040\000U\000n\000i\000v\000e\000r\000s\000a\000l\000\040\000R\000o\000b\000o\000t\000s\000\040\000t\000i\000l\000\040\000R\000o\000c\000k\000w\000e\000l\000l}{chapter.15}% 366
\BOOKMARK [1][-]{section.15.3}{\376\377\000M\000o\000d\000b\000u\000s\000\040\000U\000n\000i\000v\000e\000r\000s\000a\000l\000\040\000R\000o\000b\000o\000t\000s\000\040\000t\000i\000l\000\040\000K\000e\000p\000S\000e\000r\000v\000e\000r\000E\000X}{chapter.15}% 367
\BOOKMARK [0][-]{chapter.16}{\376\377\000A\000B\000B\000\040\000R\000o\000b\000o\000t}{part.6}% 368
\BOOKMARK [1][-]{section.16.1}{\376\377\000O\000p\000g\000a\000v\000e\000:\000\040\000K\000o\000n\000f\000i\000g\000u\000r\000a\000t\000i\000o\000n\000\040\000a\000f\000\040\000N\000e\000t\000v\000\346\000r\000k\000s\000k\000o\000m\000m\000u\000n\000i\000k\000a\000t\000i\000o\000n\000\040\000f\000o\000r\000\040\000A\000B\000B\000\040\000R\000o\000b\000o\000t\000e\000r}{chapter.16}% 369
\BOOKMARK [1][-]{section.16.2}{\376\377\000K\000o\000n\000k\000l\000u\000s\000i\000o\000n}{chapter.16}% 370
