\BOOKMARK [0][-]{chapter.1}{\376\377\000P\000a\000t\000h\000\040\000L\000o\000s\000s\000\040\000a\000n\000d\000\040\000S\000h\000a\000d\000o\000w\000i\000n\000g}{}% 1
\BOOKMARK [1][-]{section.1.1}{\376\377\000V\000a\000r\000i\000a\000t\000i\000o\000n\000e\000r\000\040\000i\000\040\000S\000i\000g\000n\000a\000l\000s\000t\000y\000r\000k\000e\000:\000\040\000P\000a\000t\000h\000\040\000L\000o\000s\000s\000,\000\040\000S\000h\000a\000d\000o\000w\000i\000n\000g\000\040\000o\000g\000\040\000M\000u\000l\000t\000i\000p\000a\000t\000h}{chapter.1}% 2
\BOOKMARK [2][-]{subsection.1.1.1}{\376\377\000P\000a\000t\000h\000\040\000L\000o\000s\000s\000\040\000o\000g\000\040\000S\000h\000a\000d\000o\000w\000i\000n\000g}{section.1.1}% 3
\BOOKMARK [2][-]{subsection.1.1.2}{\376\377\000M\000u\000l\000t\000i\000p\000a\000t\000h\000\040\000E\000f\000f\000e\000k\000t\000e\000r}{section.1.1}% 4
\BOOKMARK [1][-]{section.1.2}{\376\377\000R\000a\000d\000i\000o\000\040\000W\000a\000v\000e\000\040\000P\000r\000o\000p\000a\000g\000a\000t\000i\000o\000n}{chapter.1}% 5
\BOOKMARK [1][-]{section.1.3}{\376\377\000T\000r\000a\000n\000s\000m\000i\000t\000t\000e\000r\000e\000d\000e\000\040\000o\000g\000\040\000M\000o\000d\000t\000a\000g\000e\000d\000e\000\040\000S\000i\000g\000n\000a\000l\000e\000r}{chapter.1}% 6
\BOOKMARK [2][-]{subsection.1.3.1}{\376\377\000T\000r\000a\000n\000s\000m\000i\000t\000t\000e\000r\000e\000t\000\040\000S\000i\000g\000n\000a\000l}{section.1.3}% 7
\BOOKMARK [2][-]{subsection.1.3.2}{\376\377\000M\000o\000d\000t\000a\000g\000e\000t\000\040\000S\000i\000g\000n\000a\000l}{section.1.3}% 8
\BOOKMARK [2][-]{subsection.1.3.3}{\376\377\000D\000o\000p\000p\000l\000e\000r\000\040\000E\000f\000f\000e\000k\000t}{section.1.3}% 9
\BOOKMARK [2][-]{subsection.1.3.4}{\376\377\000P\000a\000t\000h\000\040\000L\000o\000s\000s}{section.1.3}% 10
\BOOKMARK [1][-]{section.1.4}{\376\377\000F\000r\000e\000e\000-\000S\000p\000a\000c\000e\000\040\000P\000a\000t\000h\000\040\000L\000o\000s\000s\000\040\000o\000g\000\040\000D\000o\000p\000p\000l\000e\000r\000-\000e\000f\000f\000e\000k\000t}{chapter.1}% 11
\BOOKMARK [2][-]{subsection.1.4.1}{\376\377\000F\000r\000e\000e\000-\000S\000p\000a\000c\000e\000\040\000P\000a\000t\000h\000\040\000L\000o\000s\000s}{section.1.4}% 12
\BOOKMARK [2][-]{subsection.1.4.2}{\376\377\000D\000o\000p\000p\000l\000e\000r\000-\000E\000f\000f\000e\000k\000t\000\040\000o\000g\000\040\000B\000e\000v\000\346\000g\000e\000l\000s\000e}{section.1.4}% 13
\BOOKMARK [2][-]{subsection.1.4.3}{\376\377\000E\000k\000s\000e\000m\000p\000l\000e\000r}{section.1.4}% 14
\BOOKMARK [1][-]{section.1.5}{\376\377\000R\000a\000y\000\040\000T\000r\000a\000c\000i\000n\000g}{chapter.1}% 15
\BOOKMARK [2][-]{subsection.1.5.1}{\376\377\000T\000w\000o\000-\000R\000a\000y\000\040\000M\000o\000d\000e\000l}{section.1.5}% 16
\BOOKMARK [2][-]{subsection.1.5.2}{\376\377\000T\000e\000n\000-\000R\000a\000y\000\040\000M\000o\000d\000e\000l\000\040\000\050\000D\000i\000e\000l\000e\000c\000t\000r\000i\000c\000\040\000C\000a\000n\000y\000o\000n\000\051}{section.1.5}% 17
\BOOKMARK [2][-]{subsection.1.5.3}{\376\377\000G\000e\000n\000e\000r\000a\000l\000\040\000R\000a\000y\000\040\000T\000r\000a\000c\000i\000n\000g\000\040\000\050\000G\000R\000T\000\051}{section.1.5}% 18
\BOOKMARK [2][-]{subsection.1.5.4}{\376\377\000K\000n\000i\000f\000e\000-\000E\000d\000g\000e\000\040\000D\000i\000f\000f\000r\000a\000c\000t\000i\000o\000n}{section.1.5}% 19
\BOOKMARK [2][-]{subsection.1.5.5}{\376\377\000S\000c\000a\000t\000t\000e\000r\000i\000n\000g}{section.1.5}% 20
\BOOKMARK [2][-]{subsection.1.5.6}{\376\377\000L\000o\000c\000a\000l\000\040\000M\000e\000a\000n\000\040\000R\000e\000c\000e\000i\000v\000e\000d\000\040\000P\000o\000w\000e\000r}{section.1.5}% 21
\BOOKMARK [2][-]{subsection.1.5.7}{\376\377\000L\000o\000c\000a\000l\000\040\000M\000e\000a\000n\000\040\000R\000e\000c\000e\000i\000v\000e\000d\000\040\000P\000o\000w\000e\000r}{section.1.5}% 22
\BOOKMARK [1][-]{section.1.6}{\376\377\000E\000m\000p\000i\000r\000i\000s\000k\000e\000\040\000P\000a\000t\000h\000\040\000L\000o\000s\000s\000\040\000M\000o\000d\000e\000l\000l\000e\000r}{chapter.1}% 23
\BOOKMARK [2][-]{subsection.1.6.1}{\376\377\000T\000h\000e\000\040\000O\000k\000u\000m\000u\000r\000a\000\040\000M\000o\000d\000e\000l}{section.1.6}% 24
\BOOKMARK [2][-]{subsection.1.6.2}{\376\377\000T\000h\000e\000\040\000H\000a\000t\000a\000\040\000M\000o\000d\000e\000l}{section.1.6}% 25
\BOOKMARK [2][-]{subsection.1.6.3}{\376\377\000C\000O\000S\000T\000\040\0002\0003\0001\000\040\000U\000d\000v\000i\000d\000e\000l\000s\000e\000\040\000t\000i\000l\000\040\000H\000a\000t\000a\000\040\000M\000o\000d\000e\000l\000l\000e\000n}{section.1.6}% 26
\BOOKMARK [2][-]{subsection.1.6.4}{\376\377\000P\000i\000e\000c\000e\000w\000i\000s\000e\000\040\000L\000i\000n\000e\000a\000r\000\040\000\050\000M\000u\000l\000t\000i\000-\000S\000l\000o\000p\000e\000\051\000\040\000M\000o\000d\000e\000l}{section.1.6}% 27
\BOOKMARK [2][-]{subsection.1.6.5}{\376\377\000I\000n\000d\000e\000n\000d\000\370\000r\000s\000\040\000A\000t\000t\000e\000n\000u\000a\000t\000i\000o\000n\000\040\000F\000a\000k\000t\000o\000r\000e\000r}{section.1.6}% 28
\BOOKMARK [1][-]{section.1.7}{\376\377\000S\000i\000m\000p\000l\000i\000f\000i\000e\000d\000\040\000P\000a\000t\000h\000\040\000L\000o\000s\000s\000\040\000M\000o\000d\000e\000l}{chapter.1}% 29
\BOOKMARK [2][-]{subsection.1.7.1}{\376\377\000E\000k\000s\000e\000m\000p\000e\000l\000\040\0001\000:\000\040\000B\000e\000r\000e\000g\000n\000i\000n\000g\000\040\000a\000f\000\040\000P\000a\000t\000h\000\040\000L\000o\000s\000s\000\040\000E\000k\000s\000p\000o\000n\000e\000n\000t\000\040\000o\000g\000\040\000M\000o\000d\000t\000a\000g\000e\000t\000\040\000E\000f\000f\000e\000k\000t}{section.1.7}% 30
\BOOKMARK [2][-]{subsection.1.7.2}{\376\377\000E\000k\000s\000e\000m\000p\000e\000l\000\040\0002\000:\000\040\000B\000e\000r\000e\000g\000n\000i\000n\000g\000\040\000a\000f\000\040\000M\000o\000d\000t\000a\000g\000e\000t\000\040\000E\000f\000f\000e\000k\000t\000\040\000v\000e\000d\000\040\0002\0000\0000\000\040\000m\000e\000t\000e\000r}{section.1.7}% 31
\BOOKMARK [2][-]{subsection.1.7.3}{\376\377\000E\000k\000s\000e\000m\000p\000e\000l\000\040\0003\000:\000\040\000E\000f\000f\000e\000k\000t\000\040\000a\000f\000\040\000S\000h\000a\000d\000o\000w\000\040\000F\000a\000d\000i\000n\000g}{section.1.7}% 32
\BOOKMARK [2][-]{subsection.1.7.4}{\376\377\000O\000p\000s\000u\000m\000m\000e\000r\000i\000n\000g}{section.1.7}% 33
\BOOKMARK [1][-]{section.1.8}{\376\377\000S\000h\000a\000d\000o\000w\000\040\000F\000a\000d\000i\000n\000g\000\040\000o\000g\000\040\000L\000o\000g\000-\000N\000o\000r\000m\000a\000l\000\040\000S\000k\000j\000u\000l\000t\000e\000\040\000V\000a\000r\000i\000a\000b\000l\000e\000r}{chapter.1}% 34
\BOOKMARK [2][-]{subsection.1.8.1}{\376\377\000L\000o\000g\000-\000N\000o\000r\000m\000a\000l\000\040\000S\000k\000j\000u\000l\000t\000e\000\040\000V\000a\000r\000i\000a\000b\000l\000e\000r}{section.1.8}% 35
\BOOKMARK [2][-]{subsection.1.8.2}{\376\377\000G\000e\000n\000n\000e\000m\000s\000n\000i\000t\000\040\000o\000g\000\040\000V\000a\000r\000i\000a\000n\000s\000\040\000a\000f\000\040\000\040\0001\0000\000\050\000\051\000\040}{section.1.8}% 36
\BOOKMARK [2][-]{subsection.1.8.3}{\376\377\000S\000h\000a\000d\000o\000w\000\040\000F\000a\000d\000i\000n\000g\000\040\000M\000o\000d\000e\000l\000l\000e\000r\000i\000n\000g}{section.1.8}% 37
\BOOKMARK [2][-]{subsection.1.8.4}{\376\377\000E\000k\000s\000e\000m\000p\000l\000e\000r}{section.1.8}% 38
\BOOKMARK [1][-]{section.1.9}{\376\377\000C\000o\000m\000b\000i\000n\000e\000d\000\040\000P\000a\000t\000h\000\040\000L\000o\000s\000s\000\040\000a\000n\000d\000\040\000S\000h\000a\000d\000o\000w\000i\000n\000g}{chapter.1}% 39
\BOOKMARK [2][-]{subsection.1.9.1}{\376\377\000S\000t\000a\000t\000i\000s\000t\000i\000s\000k\000\040\000B\000a\000g\000g\000r\000u\000n\000d\000\040\000f\000o\000r\000\040\000S\000h\000a\000d\000o\000w\000i\000n\000g}{section.1.9}% 40
\BOOKMARK [1][-]{section.1.10}{\376\377\000O\000u\000t\000a\000g\000e\000\040\000P\000r\000o\000b\000a\000b\000i\000l\000i\000t\000y\000\040\000u\000n\000d\000e\000r\000\040\000P\000a\000t\000h\000\040\000L\000o\000s\000s\000\040\000a\000n\000d\000\040\000S\000h\000a\000d\000o\000w\000i\000n\000g}{chapter.1}% 41
\BOOKMARK [2][-]{subsection.1.10.1}{\376\377\000E\000k\000s\000e\000m\000p\000e\000l\000\040\0002\000.\0005\000:\000\040\000B\000e\000r\000e\000g\000n\000i\000n\000g\000\040\000a\000f\000\040\000O\000u\000t\000a\000g\000e\000\040\000P\000r\000o\000b\000a\000b\000i\000l\000i\000t\000y}{section.1.10}% 42
\BOOKMARK [2][-]{subsection.1.10.2}{\376\377\000S\000t\000a\000t\000i\000s\000t\000i\000s\000k\000\040\000B\000a\000g\000g\000r\000u\000n\000d\000:\000\040\000Q\000-\000f\000u\000n\000k\000t\000i\000o\000n\000e\000n\000\040\000o\000g\000\040\000O\000u\000t\000a\000g\000e\000\040\000P\000r\000o\000b\000a\000b\000i\000l\000i\000t\000y}{section.1.10}% 43
\BOOKMARK [1][-]{section.1.11}{\376\377\000C\000e\000l\000l\000\040\000C\000o\000v\000e\000r\000a\000g\000e\000\040\000A\000r\000e\000a}{chapter.1}% 44
\BOOKMARK [2][-]{subsection.1.11.1}{\376\377\000B\000a\000s\000e\000s\000t\000a\000t\000i\000o\000n\000e\000n\000s\000\040\000R\000o\000l\000l\000e\000\040\000i\000\040\000D\000\346\000k\000n\000i\000n\000g}{section.1.11}% 45
\BOOKMARK [2][-]{subsection.1.11.2}{\376\377\000E\000f\000f\000e\000k\000t\000e\000n\000\040\000a\000f\000\040\000P\000a\000t\000h\000\040\000L\000o\000s\000s\000\040\000o\000g\000\040\000S\000h\000a\000d\000o\000w\000i\000n\000g}{section.1.11}% 46
\BOOKMARK [2][-]{subsection.1.11.3}{\376\377\000M\000a\000t\000e\000m\000a\000t\000i\000s\000k\000\040\000M\000o\000d\000e\000l\000l\000e\000r\000i\000n\000g\000\040\000a\000f\000\040\000D\000\346\000k\000n\000i\000n\000g\000e\000n}{section.1.11}% 47
\BOOKMARK [2][-]{subsection.1.11.4}{\376\377\000O\000u\000t\000a\000g\000e\000\040\000P\000r\000o\000b\000a\000b\000i\000l\000i\000t\000y}{section.1.11}% 48
\BOOKMARK [2][-]{subsection.1.11.5}{\376\377\000E\000k\000s\000e\000m\000p\000l\000e\000r}{section.1.11}% 49
\BOOKMARK [0][-]{chapter.2}{\376\377\000O\000p\000g\000a\000v\000e\000r}{}% 50
\BOOKMARK [1][-]{section.2.1}{\376\377\000E\000x\000e\000r\000c\000i\000s\000e\000s\000\040\000w\000e\000e\000k\000\040\0002}{chapter.2}% 51
