\BOOKMARK [0][-]{chapter.1}{\376\377\000P\000a\000t\000h\000\040\000L\000o\000s\000s\000\040\000a\000n\000d\000\040\000S\000h\000a\000d\000o\000w\000i\000n\000g}{}% 1
\BOOKMARK [1][-]{section.1.1}{\376\377\000V\000a\000r\000i\000a\000t\000i\000o\000n\000e\000r\000\040\000i\000\040\000S\000i\000g\000n\000a\000l\000s\000t\000y\000r\000k\000e\000:\000\040\000P\000a\000t\000h\000\040\000L\000o\000s\000s\000,\000\040\000S\000h\000a\000d\000o\000w\000i\000n\000g\000\040\000o\000g\000\040\000M\000u\000l\000t\000i\000p\000a\000t\000h}{chapter.1}% 2
\BOOKMARK [2][-]{subsection.1.1.1}{\376\377\000P\000a\000t\000h\000\040\000L\000o\000s\000s\000\040\000o\000g\000\040\000S\000h\000a\000d\000o\000w\000i\000n\000g}{section.1.1}% 3
\BOOKMARK [2][-]{subsection.1.1.2}{\376\377\000M\000u\000l\000t\000i\000p\000a\000t\000h\000\040\000E\000f\000f\000e\000k\000t\000e\000r}{section.1.1}% 4
\BOOKMARK [1][-]{section.1.2}{\376\377\000R\000a\000d\000i\000o\000\040\000W\000a\000v\000e\000\040\000P\000r\000o\000p\000a\000g\000a\000t\000i\000o\000n}{chapter.1}% 5
\BOOKMARK [1][-]{section.1.3}{\376\377\000T\000r\000a\000n\000s\000m\000i\000t\000t\000e\000r\000e\000d\000e\000\040\000o\000g\000\040\000M\000o\000d\000t\000a\000g\000e\000d\000e\000\040\000S\000i\000g\000n\000a\000l\000e\000r}{chapter.1}% 6
\BOOKMARK [2][-]{subsection.1.3.1}{\376\377\000T\000r\000a\000n\000s\000m\000i\000t\000t\000e\000r\000e\000t\000\040\000S\000i\000g\000n\000a\000l}{section.1.3}% 7
\BOOKMARK [2][-]{subsection.1.3.2}{\376\377\000M\000o\000d\000t\000a\000g\000e\000t\000\040\000S\000i\000g\000n\000a\000l}{section.1.3}% 8
\BOOKMARK [2][-]{subsection.1.3.3}{\376\377\000D\000o\000p\000p\000l\000e\000r\000\040\000E\000f\000f\000e\000k\000t}{section.1.3}% 9
\BOOKMARK [2][-]{subsection.1.3.4}{\376\377\000P\000a\000t\000h\000\040\000L\000o\000s\000s}{section.1.3}% 10
\BOOKMARK [0][-]{chapter.2}{\376\377\000F\000r\000e\000e\000-\000S\000p\000a\000c\000e\000\040\000P\000a\000t\000h\000\040\000L\000o\000s\000s\000\040\000o\000g\000\040\000D\000o\000p\000p\000l\000e\000r\000-\000e\000f\000f\000e\000k\000t}{}% 11
\BOOKMARK [1][-]{section.2.1}{\376\377\000F\000r\000e\000e\000-\000S\000p\000a\000c\000e\000\040\000P\000a\000t\000h\000\040\000L\000o\000s\000s\000\040\000o\000g\000\040\000D\000o\000p\000p\000l\000e\000r\000-\000e\000f\000f\000e\000k\000t}{chapter.2}% 12
\BOOKMARK [2][-]{subsection.2.1.1}{\376\377\000F\000r\000e\000e\000-\000S\000p\000a\000c\000e\000\040\000P\000a\000t\000h\000\040\000L\000o\000s\000s}{section.2.1}% 13
\BOOKMARK [2][-]{subsection.2.1.2}{\376\377\000D\000o\000p\000p\000l\000e\000r\000-\000e\000f\000f\000e\000k\000t}{section.2.1}% 14
\BOOKMARK [2][-]{subsection.2.1.3}{\376\377\000E\000k\000s\000e\000m\000p\000l\000e\000r}{section.2.1}% 15
\BOOKMARK [1][-]{section.2.2}{\376\377\000R\000a\000y\000\040\000T\000r\000a\000c\000i\000n\000g}{chapter.2}% 16
\BOOKMARK [2][-]{subsection.2.2.1}{\376\377\000T\000w\000o\000-\000R\000a\000y\000\040\000M\000o\000d\000e\000l}{section.2.2}% 17
\BOOKMARK [2][-]{subsection.2.2.2}{\376\377\000T\000e\000n\000-\000R\000a\000y\000\040\000M\000o\000d\000e\000l\000\040\000\050\000D\000i\000e\000l\000e\000c\000t\000r\000i\000c\000\040\000C\000a\000n\000y\000o\000n\000\051}{section.2.2}% 18
\BOOKMARK [2][-]{subsection.2.2.3}{\376\377\000G\000e\000n\000e\000r\000a\000l\000\040\000R\000a\000y\000\040\000T\000r\000a\000c\000i\000n\000g\000\040\000\050\000G\000R\000T\000\051}{section.2.2}% 19
\BOOKMARK [2][-]{subsection.2.2.4}{\376\377\000K\000n\000i\000f\000e\000-\000E\000d\000g\000e\000\040\000D\000i\000f\000f\000r\000a\000c\000t\000i\000o\000n}{section.2.2}% 20
\BOOKMARK [2][-]{subsection.2.2.5}{\376\377\000S\000c\000a\000t\000t\000e\000r\000i\000n\000g}{section.2.2}% 21
\BOOKMARK [2][-]{subsection.2.2.6}{\376\377\000L\000o\000c\000a\000l\000\040\000M\000e\000a\000n\000\040\000R\000e\000c\000e\000i\000v\000e\000d\000\040\000P\000o\000w\000e\000r}{section.2.2}% 22
\BOOKMARK [2][-]{subsection.2.2.7}{\376\377\000L\000o\000c\000a\000l\000\040\000M\000e\000a\000n\000\040\000R\000e\000c\000e\000i\000v\000e\000d\000\040\000P\000o\000w\000e\000r}{section.2.2}% 23
\BOOKMARK [1][-]{section.2.3}{\376\377\000E\000m\000p\000i\000r\000i\000s\000k\000e\000\040\000P\000a\000t\000h\000\040\000L\000o\000s\000s\000\040\000M\000o\000d\000e\000l\000l\000e\000r}{chapter.2}% 24
\BOOKMARK [2][-]{subsection.2.3.1}{\376\377\000T\000h\000e\000\040\000O\000k\000u\000m\000u\000r\000a\000\040\000M\000o\000d\000e\000l}{section.2.3}% 25
\BOOKMARK [2][-]{subsection.2.3.2}{\376\377\000T\000h\000e\000\040\000H\000a\000t\000a\000\040\000M\000o\000d\000e\000l}{section.2.3}% 26
\BOOKMARK [2][-]{subsection.2.3.3}{\376\377\000C\000O\000S\000T\000\040\0002\0003\0001\000\040\000U\000d\000v\000i\000d\000e\000l\000s\000e\000\040\000t\000i\000l\000\040\000H\000a\000t\000a\000\040\000M\000o\000d\000e\000l\000l\000e\000n}{section.2.3}% 27
\BOOKMARK [2][-]{subsection.2.3.4}{\376\377\000P\000i\000e\000c\000e\000w\000i\000s\000e\000\040\000L\000i\000n\000e\000a\000r\000\040\000\050\000M\000u\000l\000t\000i\000-\000S\000l\000o\000p\000e\000\051\000\040\000M\000o\000d\000e\000l}{section.2.3}% 28
\BOOKMARK [2][-]{subsection.2.3.5}{\376\377\000I\000n\000d\000e\000n\000d\000\370\000r\000s\000\040\000A\000t\000t\000e\000n\000u\000a\000t\000i\000o\000n\000\040\000F\000a\000k\000t\000o\000r\000e\000r}{section.2.3}% 29
\BOOKMARK [1][-]{section.2.4}{\376\377\000S\000i\000m\000p\000l\000i\000f\000i\000e\000d\000\040\000P\000a\000t\000h\000\040\000L\000o\000s\000s\000\040\000M\000o\000d\000e\000l}{chapter.2}% 30
\BOOKMARK [2][-]{subsection.2.4.1}{\376\377\000E\000k\000s\000e\000m\000p\000e\000l\000\040\0001\000:\000\040\000B\000e\000r\000e\000g\000n\000i\000n\000g\000\040\000a\000f\000\040\000P\000a\000t\000h\000\040\000L\000o\000s\000s\000\040\000E\000k\000s\000p\000o\000n\000e\000n\000t\000\040\000o\000g\000\040\000M\000o\000d\000t\000a\000g\000e\000t\000\040\000E\000f\000f\000e\000k\000t}{section.2.4}% 31
\BOOKMARK [2][-]{subsection.2.4.2}{\376\377\000E\000k\000s\000e\000m\000p\000e\000l\000\040\0002\000:\000\040\000B\000e\000r\000e\000g\000n\000i\000n\000g\000\040\000a\000f\000\040\000M\000o\000d\000t\000a\000g\000e\000t\000\040\000E\000f\000f\000e\000k\000t\000\040\000v\000e\000d\000\040\0002\0000\0000\000\040\000m\000e\000t\000e\000r}{section.2.4}% 32
\BOOKMARK [2][-]{subsection.2.4.3}{\376\377\000E\000k\000s\000e\000m\000p\000e\000l\000\040\0003\000:\000\040\000E\000f\000f\000e\000k\000t\000\040\000a\000f\000\040\000S\000h\000a\000d\000o\000w\000\040\000F\000a\000d\000i\000n\000g}{section.2.4}% 33
\BOOKMARK [2][-]{subsection.2.4.4}{\376\377\000O\000p\000s\000u\000m\000m\000e\000r\000i\000n\000g}{section.2.4}% 34
\BOOKMARK [1][-]{section.2.5}{\376\377\000S\000h\000a\000d\000o\000w\000\040\000F\000a\000d\000i\000n\000g\000\040\000o\000g\000\040\000L\000o\000g\000-\000N\000o\000r\000m\000a\000l\000\040\000S\000k\000j\000u\000l\000t\000e\000\040\000V\000a\000r\000i\000a\000b\000l\000e\000r}{chapter.2}% 35
\BOOKMARK [2][-]{subsection.2.5.1}{\376\377\000L\000o\000g\000-\000N\000o\000r\000m\000a\000l\000\040\000S\000k\000j\000u\000l\000t\000e\000\040\000V\000a\000r\000i\000a\000b\000l\000e\000r}{section.2.5}% 36
\BOOKMARK [2][-]{subsection.2.5.2}{\376\377\000G\000e\000n\000n\000e\000m\000s\000n\000i\000t\000\040\000o\000g\000\040\000V\000a\000r\000i\000a\000n\000s\000\040\000a\000f\000\040\000\040\0001\0000\000\050\000\051\000\040}{section.2.5}% 37
\BOOKMARK [2][-]{subsection.2.5.3}{\376\377\000S\000h\000a\000d\000o\000w\000\040\000F\000a\000d\000i\000n\000g\000\040\000M\000o\000d\000e\000l\000l\000e\000r\000i\000n\000g}{section.2.5}% 38
\BOOKMARK [2][-]{subsection.2.5.4}{\376\377\000E\000k\000s\000e\000m\000p\000l\000e\000r}{section.2.5}% 39
\BOOKMARK [1][-]{section.2.6}{\376\377\000C\000o\000m\000b\000i\000n\000e\000d\000\040\000P\000a\000t\000h\000\040\000L\000o\000s\000s\000\040\000a\000n\000d\000\040\000S\000h\000a\000d\000o\000w\000i\000n\000g}{chapter.2}% 40
\BOOKMARK [2][-]{subsection.2.6.1}{\376\377\000S\000t\000a\000t\000i\000s\000t\000i\000s\000k\000\040\000B\000a\000g\000g\000r\000u\000n\000d\000\040\000f\000o\000r\000\040\000S\000h\000a\000d\000o\000w\000i\000n\000g}{section.2.6}% 41
\BOOKMARK [1][-]{section.2.7}{\376\377\000O\000u\000t\000a\000g\000e\000\040\000P\000r\000o\000b\000a\000b\000i\000l\000i\000t\000y\000\040\000u\000n\000d\000e\000r\000\040\000P\000a\000t\000h\000\040\000L\000o\000s\000s\000\040\000a\000n\000d\000\040\000S\000h\000a\000d\000o\000w\000i\000n\000g}{chapter.2}% 42
\BOOKMARK [2][-]{subsection.2.7.1}{\376\377\000E\000k\000s\000e\000m\000p\000e\000l\000\040\0002\000.\0005\000:\000\040\000B\000e\000r\000e\000g\000n\000i\000n\000g\000\040\000a\000f\000\040\000O\000u\000t\000a\000g\000e\000\040\000P\000r\000o\000b\000a\000b\000i\000l\000i\000t\000y}{section.2.7}% 43
\BOOKMARK [2][-]{subsection.2.7.2}{\376\377\000S\000t\000a\000t\000i\000s\000t\000i\000s\000k\000\040\000B\000a\000g\000g\000r\000u\000n\000d\000:\000\040\000Q\000-\000f\000u\000n\000k\000t\000i\000o\000n\000e\000n\000\040\000o\000g\000\040\000O\000u\000t\000a\000g\000e\000\040\000P\000r\000o\000b\000a\000b\000i\000l\000i\000t\000y}{section.2.7}% 44
\BOOKMARK [1][-]{section.2.8}{\376\377\000C\000e\000l\000l\000\040\000C\000o\000v\000e\000r\000a\000g\000e\000\040\000A\000r\000e\000a}{chapter.2}% 45
\BOOKMARK [2][-]{subsection.2.8.1}{\376\377\000B\000a\000s\000e\000s\000t\000a\000t\000i\000o\000n\000e\000n\000s\000\040\000R\000o\000l\000l\000e\000\040\000i\000\040\000D\000\346\000k\000n\000i\000n\000g}{section.2.8}% 46
\BOOKMARK [2][-]{subsection.2.8.2}{\376\377\000E\000f\000f\000e\000k\000t\000e\000n\000\040\000a\000f\000\040\000P\000a\000t\000h\000\040\000L\000o\000s\000s\000\040\000o\000g\000\040\000S\000h\000a\000d\000o\000w\000i\000n\000g}{section.2.8}% 47
\BOOKMARK [2][-]{subsection.2.8.3}{\376\377\000M\000a\000t\000e\000m\000a\000t\000i\000s\000k\000\040\000M\000o\000d\000e\000l\000l\000e\000r\000i\000n\000g\000\040\000a\000f\000\040\000D\000\346\000k\000n\000i\000n\000g\000e\000n}{section.2.8}% 48
\BOOKMARK [2][-]{subsection.2.8.4}{\376\377\000O\000u\000t\000a\000g\000e\000\040\000P\000r\000o\000b\000a\000b\000i\000l\000i\000t\000y}{section.2.8}% 49
\BOOKMARK [2][-]{subsection.2.8.5}{\376\377\000E\000k\000s\000e\000m\000p\000l\000e\000r}{section.2.8}% 50
\BOOKMARK [0][-]{chapter.3}{\376\377\000S\000t\000a\000t\000i\000s\000t\000i\000c\000a\000l\000\040\000M\000u\000l\000t\000i\000p\000a\000t\000h\000\040\000C\000h\000a\000n\000n\000e\000l\000\040\000M\000o\000d\000e\000l\000s}{}% 51
\BOOKMARK [1][-]{section.3.1}{\376\377\000T\000i\000m\000e\000-\000V\000a\000r\000y\000i\000n\000g\000\040\000C\000h\000a\000n\000n\000e\000l\000\040\000I\000m\000p\000u\000l\000s\000e\000\040\000R\000e\000s\000p\000o\000n\000s\000e}{chapter.3}% 52
\BOOKMARK [1][-]{section.3.2}{\376\377\000N\000a\000r\000r\000o\000w\000b\000a\000n\000d\000\040\000F\000a\000d\000i\000n\000g\000\040\000M\000o\000d\000e\000l\000s}{chapter.3}% 53
\BOOKMARK [2][-]{subsection.3.2.1}{\376\377\000A\000u\000t\000o\000c\000o\000r\000r\000e\000l\000a\000t\000i\000o\000n\000,\000\040\000C\000r\000o\000s\000s\000\040\000C\000o\000r\000r\000e\000l\000a\000t\000i\000o\000n\000,\000\040\000a\000n\000d\000\040\000P\000o\000w\000e\000r\000\040\000S\000p\000e\000c\000t\000r\000a\000l\000\040\000D\000e\000n\000s\000i\000t\000y}{section.3.2}% 54
\BOOKMARK [2][-]{subsection.3.2.2}{\376\377\000E\000n\000v\000e\000l\000o\000p\000e\000\040\000a\000n\000d\000\040\000P\000o\000w\000e\000r\000\040\000D\000i\000s\000t\000r\000i\000b\000u\000t\000i\000o\000n\000s}{section.3.2}% 55
\BOOKMARK [2][-]{subsection.3.2.3}{\376\377\000L\000e\000v\000e\000l\000\040\000C\000r\000o\000s\000s\000i\000n\000g\000\040\000R\000a\000t\000e\000\040\000a\000n\000d\000\040\000A\000v\000e\000r\000a\000g\000e\000\040\000F\000a\000d\000e\000\040\000D\000u\000r\000a\000t\000i\000o\000n}{section.3.2}% 56
\BOOKMARK [2][-]{subsection.3.2.4}{\376\377\000F\000i\000n\000i\000t\000e\000\040\000S\000t\000a\000t\000e\000\040\000M\000a\000r\000k\000o\000v\000\040\000C\000h\000a\000n\000n\000e\000l\000s}{section.3.2}% 57
\BOOKMARK [1][-]{section.3.3}{\376\377\000W\000i\000d\000e\000b\000a\000n\000d\000\040\000F\000a\000d\000i\000n\000g\000\040\000M\000o\000d\000e\000l\000s}{chapter.3}% 58
\BOOKMARK [2][-]{subsection.3.3.1}{\376\377\000P\000o\000w\000e\000r\000\040\000D\000e\000l\000a\000y\000\040\000P\000r\000o\000f\000i\000l\000e}{section.3.3}% 59
\BOOKMARK [2][-]{subsection.3.3.2}{\376\377\000C\000o\000h\000e\000r\000e\000n\000c\000e\000\040\000B\000a\000n\000d\000w\000i\000d\000t\000h}{section.3.3}% 60
\BOOKMARK [2][-]{subsection.3.3.3}{\376\377\000D\000o\000p\000p\000l\000e\000r\000\040\000P\000o\000w\000e\000r\000\040\000S\000p\000e\000c\000t\000r\000u\000m\000\040\000a\000n\000d\000\040\000C\000h\000a\000n\000n\000e\000l\000\040\000C\000o\000h\000e\000r\000e\000n\000c\000e\000\040\000T\000i\000m\000e}{section.3.3}% 61
\BOOKMARK [2][-]{subsection.3.3.4}{\376\377\000T\000r\000a\000n\000s\000f\000o\000r\000m\000s\000\040\000f\000o\000r\000\040\000A\000u\000t\000o\000c\000o\000r\000r\000e\000l\000a\000t\000i\000o\000n\000\040\000a\000n\000d\000\040\000S\000c\000a\000t\000t\000e\000r\000i\000n\000g\000\040\000F\000u\000n\000c\000t\000i\000o\000n\000s}{section.3.3}% 62
\BOOKMARK [1][-]{section.3.4}{\376\377\000D\000i\000s\000c\000r\000e\000t\000e\000-\000T\000i\000m\000e\000\040\000M\000o\000d\000e\000l}{chapter.3}% 63
\BOOKMARK [1][-]{section.3.5}{\376\377\000S\000p\000a\000c\000e\000-\000T\000i\000m\000e\000\040\000C\000h\000a\000n\000n\000e\000l\000\040\000M\000o\000d\000e\000l\000s}{chapter.3}% 64
\BOOKMARK [0][-]{chapter.4}{\376\377\000O\000p\000g\000a\000v\000e\000r}{}% 65
\BOOKMARK [1][-]{section.4.1}{\376\377\000E\000x\000e\000r\000c\000i\000s\000e\000s\000\040\000w\000e\000e\000k\000\040\0002}{chapter.4}% 66
\BOOKMARK [0][-]{chapter.5}{\376\377\000F\000o\000r\000m\000u\000l\000a\000\040\000c\000o\000l\000l\000e\000c\000t\000i\000o\000n}{}% 67
\BOOKMARK [1][-]{section.5.1}{\376\377\000P\000a\000t\000h\000\040\000L\000o\000s\000s\000\040\000M\000o\000d\000e\000l\000s}{chapter.5}% 68
\BOOKMARK [2][-]{subsection.5.1.1}{\376\377\000F\000r\000e\000e\000-\000S\000p\000a\000c\000e\000\040\000P\000a\000t\000h\000\040\000L\000o\000s\000s\000\040\000\050\000F\000S\000P\000L\000\051}{section.5.1}% 69
\BOOKMARK [2][-]{subsection.5.1.2}{\376\377\000H\000a\000t\000a\000\040\000M\000o\000d\000e\000l\000\040\000f\000o\000r\000\040\000U\000r\000b\000a\000n\000\040\000A\000r\000e\000a\000s}{section.5.1}% 70
\BOOKMARK [2][-]{subsection.5.1.3}{\376\377\000S\000i\000n\000g\000l\000e\000-\000S\000l\000o\000p\000e\000\040\000P\000a\000t\000h\000\040\000L\000o\000s\000s\000\040\000M\000o\000d\000e\000l}{section.5.1}% 71
\BOOKMARK [2][-]{subsection.5.1.4}{\376\377\000R\000e\000c\000e\000i\000v\000e\000d\000\040\000P\000o\000w\000e\000r\000\040\000i\000n\000\040\000F\000r\000e\000e\000\040\000S\000p\000a\000c\000e}{section.5.1}% 72
\BOOKMARK [2][-]{subsection.5.1.5}{\376\377\000S\000i\000g\000n\000a\000l\000-\000t\000o\000-\000N\000o\000i\000s\000e\000\040\000R\000a\000t\000i\000o\000\040\000\050\000S\000N\000R\000\051}{section.5.1}% 73
\BOOKMARK [2][-]{subsection.5.1.6}{\376\377\000M\000a\000x\000i\000m\000u\000m\000\040\000D\000i\000s\000t\000a\000n\000c\000e\000\040\000f\000o\000r\000\040\000G\000i\000v\000e\000n\000\040\000S\000N\000R}{section.5.1}% 74
\BOOKMARK [2][-]{subsection.5.1.7}{\376\377\000C\000O\000S\000T\000\040\0002\0003\0001\000\040\000M\000o\000d\000e\000l\000\040\000\050\000E\000x\000t\000e\000n\000s\000i\000o\000n\000\040\000o\000f\000\040\000H\000a\000t\000a\000\040\000M\000o\000d\000e\000l\000\051}{section.5.1}% 75
\BOOKMARK [2][-]{subsection.5.1.8}{\376\377\000T\000w\000o\000-\000R\000a\000y\000\040\000G\000r\000o\000u\000n\000d\000\040\000R\000e\000f\000l\000e\000c\000t\000i\000o\000n\000\040\000M\000o\000d\000e\000l}{section.5.1}% 76
\BOOKMARK [2][-]{subsection.5.1.9}{\376\377\000C\000r\000i\000t\000i\000c\000a\000l\000\040\000D\000i\000s\000t\000a\000n\000c\000e\000\040\000i\000n\000\040\000T\000w\000o\000-\000R\000a\000y\000\040\000M\000o\000d\000e\000l}{section.5.1}% 77
\BOOKMARK [2][-]{subsection.5.1.10}{\376\377\000D\000e\000l\000a\000y\000\040\000S\000p\000r\000e\000a\000d\000\040\000i\000n\000\040\000T\000w\000o\000-\000R\000a\000y\000\040\000M\000o\000d\000e\000l}{section.5.1}% 78
\BOOKMARK [1][-]{section.5.2}{\376\377\000O\000u\000t\000a\000g\000e\000\040\000P\000r\000o\000b\000a\000b\000i\000l\000i\000t\000y}{chapter.5}% 79
\BOOKMARK [2][-]{subsection.5.2.1}{\376\377\000O\000u\000t\000a\000g\000e\000\040\000P\000r\000o\000b\000a\000b\000i\000l\000i\000t\000y\000\040\000u\000n\000d\000e\000r\000\040\000P\000a\000t\000h\000\040\000L\000o\000s\000s\000\040\000a\000n\000d\000\040\000S\000h\000a\000d\000o\000w\000i\000n\000g}{section.5.2}% 80
\BOOKMARK [1][-]{section.5.3}{\376\377\000L\000i\000n\000k\000\040\000B\000u\000d\000g\000e\000t\000\040\000E\000q\000u\000a\000t\000i\000o\000n}{chapter.5}% 81
\BOOKMARK [1][-]{section.5.4}{\376\377\000D\000o\000p\000p\000l\000e\000r\000\040\000S\000h\000i\000f\000t}{chapter.5}% 82
\BOOKMARK [1][-]{section.5.5}{\376\377\000P\000r\000o\000b\000a\000b\000i\000l\000i\000t\000y\000\040\000a\000n\000d\000\040\000F\000a\000d\000i\000n\000g}{chapter.5}% 83
\BOOKMARK [2][-]{subsection.5.5.1}{\376\377\000R\000a\000y\000l\000e\000i\000g\000h\000\040\000F\000a\000d\000i\000n\000g}{section.5.5}% 84
\BOOKMARK [2][-]{subsection.5.5.2}{\376\377\000R\000i\000c\000i\000a\000n\000\040\000F\000a\000d\000i\000n\000g}{section.5.5}% 85
\BOOKMARK [2][-]{subsection.5.5.3}{\376\377\000S\000i\000m\000p\000l\000i\000f\000i\000e\000d\000\040\000P\000a\000t\000h\000\040\000L\000o\000s\000s\000\040\000M\000o\000d\000e\000l\000\040\000f\000o\000r\000\040\000S\000N\000R}{section.5.5}% 86
