This is pdfTeX, Version 3.141592653-2.6-1.40.26 (MiKTeX 24.3) (preloaded format=pdflatex 2024.3.16)  8 SEP 2024 12:21
entering extended mode
 restricted \write18 enabled.
 %&-line parsing enabled.
**./master.tex
(master.tex
LaTeX2e <2023-11-01> patch level 1
L3 programming layer <2024-02-20>
(C:\Users\aso\AppData\Local\Programs\MiKTeX\tex/latex/base\book.cls
Document Class: book 2023/05/17 v1.4n Standard LaTeX document class
(C:\Users\aso\AppData\Local\Programs\MiKTeX\tex/latex/base\bk12.clo
File: bk12.clo 2023/05/17 v1.4n Standard LaTeX file (size option)
)
\c@part=\count188
\c@chapter=\count189
\c@section=\count190
\c@subsection=\count191
\c@subsubsection=\count192
\c@paragraph=\count193
\c@subparagraph=\count194
\c@figure=\count195
\c@table=\count196
\abovecaptionskip=\skip48
\belowcaptionskip=\skip49
\bibindent=\dimen140
)
(C:\Users\aso\AppData\Local\Programs\MiKTeX\tex/latex/base\inputenc.sty
Package: inputenc 2021/02/14 v1.3d Input encoding file
\inpenc@prehook=\toks17
\inpenc@posthook=\toks18
)
(C:\Users\aso\AppData\Local\Programs\MiKTeX\tex/latex/base\fontenc.sty
Package: fontenc 2021/04/29 v2.0v Standard LaTeX package
)
(C:\Users\aso\AppData\Local\Programs\MiKTeX\tex/generic/babel\babel.sty
Package: babel 2024/02/07 v24.2 The Babel package
\babel@savecnt=\count197
\U@D=\dimen141
\l@unhyphenated=\language79

(C:\Users\aso\AppData\Local\Programs\MiKTeX\tex/generic/babel\txtbabel.def)
\bbl@readstream=\read2
\bbl@dirlevel=\count198

*************************************
* Local config file bblopts.cfg used
*
(C:\Users\aso\AppData\Local\Programs\MiKTeX\tex/latex/arabi\bblopts.cfg
File: bblopts.cfg 2005/09/08 v0.1 add Arabic and Farsi to "declared" options of
 babel
)
(C:\Users\aso\AppData\Local\Programs\MiKTeX\tex/latex/babel-danish\danish.ldf
Language: danish 2021/02/06 v1.3s Danish support from the babel system
Package babel Info: Making " an active character on input line 82.
))
(C:\Users\aso\AppData\Local\Programs\MiKTeX\tex/generic/babel/locale/da\babel-d
anish.tex
Package babel Info: Importing font and identification data for danish
(babel)             from babel-da.ini. Reported on input line 11.
)
(C:\Users\aso\AppData\Local\Programs\MiKTeX\tex/latex/graphics\graphicx.sty
Package: graphicx 2021/09/16 v1.2d Enhanced LaTeX Graphics (DPC,SPQR)

(C:\Users\aso\AppData\Local\Programs\MiKTeX\tex/latex/graphics\keyval.sty
Package: keyval 2022/05/29 v1.15 key=value parser (DPC)
\KV@toks@=\toks19
)
(C:\Users\aso\AppData\Local\Programs\MiKTeX\tex/latex/graphics\graphics.sty
Package: graphics 2022/03/10 v1.4e Standard LaTeX Graphics (DPC,SPQR)

(C:\Users\aso\AppData\Local\Programs\MiKTeX\tex/latex/graphics\trig.sty
Package: trig 2021/08/11 v1.11 sin cos tan (DPC)
)
(C:\Users\aso\AppData\Local\Programs\MiKTeX\tex/latex/graphics-cfg\graphics.cfg
File: graphics.cfg 2016/06/04 v1.11 sample graphics configuration
)
Package graphics Info: Driver file: pdftex.def on input line 107.
 (C:\Users\aso\AppData\Local\Programs\MiKTeX\tex/latex/graphics-def\pdftex.def
File: pdftex.def 2022/09/22 v1.2b Graphics/color driver for pdftex
))
\Gin@req@height=\dimen142
\Gin@req@width=\dimen143
) (C:\Users\aso\AppData\Local\Programs\MiKTeX\tex/latex/amsmath\amsmath.sty
Package: amsmath 2023/05/13 v2.17o AMS math features
\@mathmargin=\skip50

For additional information on amsmath, use the `?' option.
(C:\Users\aso\AppData\Local\Programs\MiKTeX\tex/latex/amsmath\amstext.sty
Package: amstext 2021/08/26 v2.01 AMS text

(C:\Users\aso\AppData\Local\Programs\MiKTeX\tex/latex/amsmath\amsgen.sty
File: amsgen.sty 1999/11/30 v2.0 generic functions
\@emptytoks=\toks20
\ex@=\dimen144
))
(C:\Users\aso\AppData\Local\Programs\MiKTeX\tex/latex/amsmath\amsbsy.sty
Package: amsbsy 1999/11/29 v1.2d Bold Symbols
\pmbraise@=\dimen145
)
(C:\Users\aso\AppData\Local\Programs\MiKTeX\tex/latex/amsmath\amsopn.sty
Package: amsopn 2022/04/08 v2.04 operator names
)
\inf@bad=\count199
LaTeX Info: Redefining \frac on input line 234.
\uproot@=\count266
\leftroot@=\count267
LaTeX Info: Redefining \overline on input line 399.
LaTeX Info: Redefining \colon on input line 410.
\classnum@=\count268
\DOTSCASE@=\count269
LaTeX Info: Redefining \ldots on input line 496.
LaTeX Info: Redefining \dots on input line 499.
LaTeX Info: Redefining \cdots on input line 620.
\Mathstrutbox@=\box51
\strutbox@=\box52
LaTeX Info: Redefining \big on input line 722.
LaTeX Info: Redefining \Big on input line 723.
LaTeX Info: Redefining \bigg on input line 724.
LaTeX Info: Redefining \Bigg on input line 725.
\big@size=\dimen146
LaTeX Font Info:    Redeclaring font encoding OML on input line 743.
LaTeX Font Info:    Redeclaring font encoding OMS on input line 744.
\macc@depth=\count270
LaTeX Info: Redefining \bmod on input line 905.
LaTeX Info: Redefining \pmod on input line 910.
LaTeX Info: Redefining \smash on input line 940.
LaTeX Info: Redefining \relbar on input line 970.
LaTeX Info: Redefining \Relbar on input line 971.
\c@MaxMatrixCols=\count271
\dotsspace@=\muskip16
\c@parentequation=\count272
\dspbrk@lvl=\count273
\tag@help=\toks21
\row@=\count274
\column@=\count275
\maxfields@=\count276
\andhelp@=\toks22
\eqnshift@=\dimen147
\alignsep@=\dimen148
\tagshift@=\dimen149
\tagwidth@=\dimen150
\totwidth@=\dimen151
\lineht@=\dimen152
\@envbody=\toks23
\multlinegap=\skip51
\multlinetaggap=\skip52
\mathdisplay@stack=\toks24
LaTeX Info: Redefining \[ on input line 2953.
LaTeX Info: Redefining \] on input line 2954.
)
(C:\Users\aso\AppData\Local\Programs\MiKTeX\tex/latex/amsfonts\amssymb.sty
Package: amssymb 2013/01/14 v3.01 AMS font symbols

(C:\Users\aso\AppData\Local\Programs\MiKTeX\tex/latex/amsfonts\amsfonts.sty
Package: amsfonts 2013/01/14 v3.01 Basic AMSFonts support
\symAMSa=\mathgroup4
\symAMSb=\mathgroup5
LaTeX Font Info:    Redeclaring math symbol \hbar on input line 98.
LaTeX Font Info:    Overwriting math alphabet `\mathfrak' in version `bold'
(Font)                  U/euf/m/n --> U/euf/b/n on input line 106.
))
(C:\Users\aso\AppData\Local\Programs\MiKTeX\tex/latex/hyperref\hyperref.sty
Package: hyperref 2024-01-20 v7.01h Hypertext links for LaTeX

(C:\Users\aso\AppData\Local\Programs\MiKTeX\tex/generic/iftex\iftex.sty
Package: iftex 2022/02/03 v1.0f TeX engine tests
)
(C:\Users\aso\AppData\Local\Programs\MiKTeX\tex/latex/kvsetkeys\kvsetkeys.sty
Package: kvsetkeys 2022-10-05 v1.19 Key value parser (HO)
)
(C:\Users\aso\AppData\Local\Programs\MiKTeX\tex/generic/kvdefinekeys\kvdefineke
ys.sty
Package: kvdefinekeys 2019-12-19 v1.6 Define keys (HO)
)
(C:\Users\aso\AppData\Local\Programs\MiKTeX\tex/generic/pdfescape\pdfescape.sty
Package: pdfescape 2019/12/09 v1.15 Implements pdfTeX's escape features (HO)
(C:\Users\aso\AppData\Local\Programs\MiKTeX\tex/generic/ltxcmds\ltxcmds.sty
Package: ltxcmds 2023-12-04 v1.26 LaTeX kernel commands for general use (HO)
)
(C:\Users\aso\AppData\Local\Programs\MiKTeX\tex/generic/pdftexcmds\pdftexcmds.s
ty
Package: pdftexcmds 2020-06-27 v0.33 Utility functions of pdfTeX for LuaTeX (HO
)

(C:\Users\aso\AppData\Local\Programs\MiKTeX\tex/generic/infwarerr\infwarerr.sty
Package: infwarerr 2019/12/03 v1.5 Providing info/warning/error messages (HO)
)
Package pdftexcmds Info: \pdf@primitive is available.
Package pdftexcmds Info: \pdf@ifprimitive is available.
Package pdftexcmds Info: \pdfdraftmode found.
)) (C:\Users\aso\AppData\Local\Programs\MiKTeX\tex/latex/hycolor\hycolor.sty
Package: hycolor 2020-01-27 v1.10 Color options for hyperref/bookmark (HO)
)
(C:\Users\aso\AppData\Local\Programs\MiKTeX\tex/latex/auxhook\auxhook.sty
Package: auxhook 2019-12-17 v1.6 Hooks for auxiliary files (HO)
)
(C:\Users\aso\AppData\Local\Programs\MiKTeX\tex/latex/hyperref\nameref.sty
Package: nameref 2023-11-26 v2.56 Cross-referencing by name of section

(C:\Users\aso\AppData\Local\Programs\MiKTeX\tex/latex/refcount\refcount.sty
Package: refcount 2019/12/15 v3.6 Data extraction from label references (HO)
)
(C:\Users\aso\AppData\Local\Programs\MiKTeX\tex/generic/gettitlestring\gettitle
string.sty
Package: gettitlestring 2019/12/15 v1.6 Cleanup title references (HO)

(C:\Users\aso\AppData\Local\Programs\MiKTeX\tex/latex/kvoptions\kvoptions.sty
Package: kvoptions 2022-06-15 v3.15 Key value format for package options (HO)
))
\c@section@level=\count277
) (C:\Users\aso\AppData\Local\Programs\MiKTeX\tex/latex/etoolbox\etoolbox.sty
Package: etoolbox 2020/10/05 v2.5k e-TeX tools for LaTeX (JAW)
\etb@tempcnta=\count278
)
\@linkdim=\dimen153
\Hy@linkcounter=\count279
\Hy@pagecounter=\count280

(C:\Users\aso\AppData\Local\Programs\MiKTeX\tex/latex/hyperref\pd1enc.def
File: pd1enc.def 2024-01-20 v7.01h Hyperref: PDFDocEncoding definition (HO)
Now handling font encoding PD1 ...
... no UTF-8 mapping file for font encoding PD1
)
(C:\Users\aso\AppData\Local\Programs\MiKTeX\tex/generic/intcalc\intcalc.sty
Package: intcalc 2019/12/15 v1.3 Expandable calculations with integers (HO)
)
\Hy@SavedSpaceFactor=\count281

(C:\Users\aso\AppData\Local\Programs\MiKTeX\tex/latex/hyperref\puenc.def
File: puenc.def 2024-01-20 v7.01h Hyperref: PDF Unicode definition (HO)
Now handling font encoding PU ...
... no UTF-8 mapping file for font encoding PU
)
Package hyperref Info: Hyper figures OFF on input line 4179.
Package hyperref Info: Link nesting OFF on input line 4184.
Package hyperref Info: Hyper index ON on input line 4187.
Package hyperref Info: Plain pages OFF on input line 4194.
Package hyperref Info: Backreferencing OFF on input line 4199.
Package hyperref Info: Implicit mode ON; LaTeX internals redefined.
Package hyperref Info: Bookmarks ON on input line 4446.
\c@Hy@tempcnt=\count282

(C:\Users\aso\AppData\Local\Programs\MiKTeX\tex/latex/url\url.sty
\Urlmuskip=\muskip17
Package: url 2013/09/16  ver 3.4  Verb mode for urls, etc.
)
LaTeX Info: Redefining \url on input line 4784.
\XeTeXLinkMargin=\dimen154

(C:\Users\aso\AppData\Local\Programs\MiKTeX\tex/generic/bitset\bitset.sty
Package: bitset 2019/12/09 v1.3 Handle bit-vector datatype (HO)

(C:\Users\aso\AppData\Local\Programs\MiKTeX\tex/generic/bigintcalc\bigintcalc.s
ty
Package: bigintcalc 2019/12/15 v1.5 Expandable calculations on big integers (HO
)
))
\Fld@menulength=\count283
\Field@Width=\dimen155
\Fld@charsize=\dimen156
Package hyperref Info: Hyper figures OFF on input line 6063.
Package hyperref Info: Link nesting OFF on input line 6068.
Package hyperref Info: Hyper index ON on input line 6071.
Package hyperref Info: backreferencing OFF on input line 6078.
Package hyperref Info: Link coloring OFF on input line 6083.
Package hyperref Info: Link coloring with OCG OFF on input line 6088.
Package hyperref Info: PDF/A mode OFF on input line 6093.

(C:\Users\aso\AppData\Local\Programs\MiKTeX\tex/latex/base\atbegshi-ltx.sty
Package: atbegshi-ltx 2021/01/10 v1.0c Emulation of the original atbegshi
package with kernel methods
)
\Hy@abspage=\count284
\c@Item=\count285
\c@Hfootnote=\count286
)
Package hyperref Info: Driver (autodetected): hpdftex.

(C:\Users\aso\AppData\Local\Programs\MiKTeX\tex/latex/hyperref\hpdftex.def
File: hpdftex.def 2024-01-20 v7.01h Hyperref driver for pdfTeX

(C:\Users\aso\AppData\Local\Programs\MiKTeX\tex/latex/base\atveryend-ltx.sty
Package: atveryend-ltx 2020/08/19 v1.0a Emulation of the original atveryend pac
kage
with kernel methods
)
\Fld@listcount=\count287
\c@bookmark@seq@number=\count288

(C:\Users\aso\AppData\Local\Programs\MiKTeX\tex/latex/rerunfilecheck\rerunfilec
heck.sty
Package: rerunfilecheck 2022-07-10 v1.10 Rerun checks for auxiliary files (HO)

(C:\Users\aso\AppData\Local\Programs\MiKTeX\tex/generic/uniquecounter\uniquecou
nter.sty
Package: uniquecounter 2019/12/15 v1.4 Provide unlimited unique counter (HO)
)
Package uniquecounter Info: New unique counter `rerunfilecheck' on input line 2
85.
)
\Hy@SectionHShift=\skip53
)
(C:\Users\aso\AppData\Local\Programs\MiKTeX\tex/latex/lipsum\lipsum.sty
(C:\Users\aso\AppData\Local\Programs\MiKTeX\tex/latex/l3packages/l3keys2e\l3key
s2e.sty
(C:\Users\aso\AppData\Local\Programs\MiKTeX\tex/latex/l3kernel\expl3.sty
Package: expl3 2024-02-20 L3 programming layer (loader) 

(C:\Users\aso\AppData\Local\Programs\MiKTeX\tex/latex/l3backend\l3backend-pdfte
x.def
File: l3backend-pdftex.def 2024-02-20 L3 backend support: PDF output (pdfTeX)
\l__color_backend_stack_int=\count289
\l__pdf_internal_box=\box53
))
Package: l3keys2e 2024-02-18 LaTeX2e option processing using LaTeX3 keys
)
Package: lipsum 2021-09-20 v2.7 150 paragraphs of Lorem Ipsum dummy text
\g__lipsum_par_int=\count290
\l__lipsum_a_int=\count291
\l__lipsum_b_int=\count292

(C:\Users\aso\AppData\Local\Programs\MiKTeX\tex/latex/lipsum\lipsum.ltd.tex))
(C:\Users\aso\AppData\Local\Programs\MiKTeX\tex/latex/caption\caption.sty
Package: caption 2023/08/05 v3.6o Customizing captions (AR)

(C:\Users\aso\AppData\Local\Programs\MiKTeX\tex/latex/caption\caption3.sty
Package: caption3 2023/07/31 v2.4d caption3 kernel (AR)
\caption@tempdima=\dimen157
\captionmargin=\dimen158
\caption@leftmargin=\dimen159
\caption@rightmargin=\dimen160
\caption@width=\dimen161
\caption@indent=\dimen162
\caption@parindent=\dimen163
\caption@hangindent=\dimen164
Package caption Info: Standard document class detected.
)
\c@caption@flags=\count293
\c@continuedfloat=\count294
Package caption Info: hyperref package is loaded.
)
(C:\Users\aso\AppData\Local\Programs\MiKTeX\tex/latex/fancyhdr\fancyhdr.sty
Package: fancyhdr 2022/11/09 v4.1 Extensive control of page headers and footers

\f@nch@headwidth=\skip54
\f@nch@O@elh=\skip55
\f@nch@O@erh=\skip56
\f@nch@O@olh=\skip57
\f@nch@O@orh=\skip58
\f@nch@O@elf=\skip59
\f@nch@O@erf=\skip60
\f@nch@O@olf=\skip61
\f@nch@O@orf=\skip62
)
(master.aux)
\openout1 = `master.aux'.

LaTeX Font Info:    Checking defaults for OML/cmm/m/it on input line 21.
LaTeX Font Info:    ... okay on input line 21.
LaTeX Font Info:    Checking defaults for OMS/cmsy/m/n on input line 21.
LaTeX Font Info:    ... okay on input line 21.
LaTeX Font Info:    Checking defaults for OT1/cmr/m/n on input line 21.
LaTeX Font Info:    ... okay on input line 21.
LaTeX Font Info:    Checking defaults for T1/cmr/m/n on input line 21.
LaTeX Font Info:    ... okay on input line 21.
LaTeX Font Info:    Checking defaults for TS1/cmr/m/n on input line 21.
LaTeX Font Info:    ... okay on input line 21.
LaTeX Font Info:    Checking defaults for OMX/cmex/m/n on input line 21.
LaTeX Font Info:    ... okay on input line 21.
LaTeX Font Info:    Checking defaults for U/cmr/m/n on input line 21.
LaTeX Font Info:    ... okay on input line 21.
LaTeX Font Info:    Checking defaults for PD1/pdf/m/n on input line 21.
LaTeX Font Info:    ... okay on input line 21.
LaTeX Font Info:    Checking defaults for PU/pdf/m/n on input line 21.
LaTeX Font Info:    ... okay on input line 21.

(C:\Users\aso\AppData\Local\Programs\MiKTeX\tex/context/base/mkii\supp-pdf.mkii
[Loading MPS to PDF converter (version 2006.09.02).]
\scratchcounter=\count295
\scratchdimen=\dimen165
\scratchbox=\box54
\nofMPsegments=\count296
\nofMParguments=\count297
\everyMPshowfont=\toks25
\MPscratchCnt=\count298
\MPscratchDim=\dimen166
\MPnumerator=\count299
\makeMPintoPDFobject=\count300
\everyMPtoPDFconversion=\toks26
)
(C:\Users\aso\AppData\Local\Programs\MiKTeX\tex/latex/epstopdf-pkg\epstopdf-bas
e.sty
Package: epstopdf-base 2020-01-24 v2.11 Base part for package epstopdf
Package epstopdf-base Info: Redefining graphics rule for `.eps' on input line 4
85.

(C:\Users\aso\AppData\Local\Programs\MiKTeX\tex/latex/00miktex\epstopdf-sys.cfg
File: epstopdf-sys.cfg 2021/03/18 v2.0 Configuration of epstopdf for MiKTeX
))
Package hyperref Info: Link coloring OFF on input line 21.
 (master.out) (master.out)
\@outlinefile=\write3
\openout3 = `master.out'.

Package caption Info: Begin \AtBeginDocument code.
Package caption Info: End \AtBeginDocument code.
LaTeX Font Info:    Trying to load font information for U+msa on input line 25.


(C:\Users\aso\AppData\Local\Programs\MiKTeX\tex/latex/amsfonts\umsa.fd
File: umsa.fd 2013/01/14 v3.01 AMS symbols A
)
LaTeX Font Info:    Trying to load font information for U+msb on input line 25.


(C:\Users\aso\AppData\Local\Programs\MiKTeX\tex/latex/amsfonts\umsb.fd
File: umsb.fd 2013/01/14 v3.01 AMS symbols B
)
[1


{C:/Users/aso/AppData/Local/MiKTeX/fonts/map/pdftex/pdftex.map}] [2

]
(master.toc
Overfull \hbox (2.57196pt too wide) in paragraph at lines 52--52
 [][] [][]\T1/cmr/m/n/12 Eksempel 1: Be-reg-ning af Path Loss Eks-po-nent og Mo
d- 
 []

[3] [4] [5] [6])
\tf@toc=\write4
\openout4 = `master.toc'.

 [7] [8


]
Kapitel 1.

Underfull \hbox (badness 10000) in paragraph at lines 29--34

 []


Underfull \hbox (badness 10000) in paragraph at lines 29--34

 []


Underfull \hbox (badness 10000) in paragraph at lines 39--44

 []


Underfull \hbox (badness 10000) in paragraph at lines 39--44

 []

[9]
<fig/fig1.png, id=803, 268.6035pt x 159.59625pt>
File: fig/fig1.png Graphic file (type png)
<use fig/fig1.png>
Package pdftex.def Info: fig/fig1.png  used on input line 50.
(pdftex.def)             Requested size: 234.00238pt x 139.03998pt.
 [10 <./fig/fig1.png>]
Underfull \hbox (badness 10000) in paragraph at lines 58--65

 []


Underfull \hbox (badness 10000) in paragraph at lines 58--65

 []


Underfull \hbox (badness 10000) in paragraph at lines 58--65

 []

[11] [12]
Overfull \hbox (21.24255pt too wide) in paragraph at lines 104--105
\T1/cmr/m/n/12 Når mod-ta-ge-ren be-væ-ger sig i for-hold til sen-de-ren, op-st
år en Doppler-forskydning,
 []

[13] [14]
Kapitel 2.
[15

]
Underfull \hbox (badness 10000) in paragraph at lines 160--164

 []


Underfull \hbox (badness 10000) in paragraph at lines 179--183

 []


Underfull \hbox (badness 10000) in paragraph at lines 186--190

 []

[16]
Underfull \hbox (badness 10000) in paragraph at lines 220--224

 []

[17]
Underfull \hbox (badness 10000) in paragraph at lines 244--248

 []

<fig/fig3.png, id=848, 135.50626pt x 119.54663pt>
File: fig/fig3.png Graphic file (type png)
<use fig/fig3.png>
Package pdftex.def Info: fig/fig3.png  used on input line 269.
(pdftex.def)             Requested size: 234.00238pt x 206.4498pt.

Underfull \hbox (badness 10000) in paragraph at lines 264--273

 []


LaTeX Warning: `h' float specifier changed to `ht'.


Underfull \hbox (badness 10000) in paragraph at lines 274--288

 []


Underfull \hbox (badness 10000) in paragraph at lines 274--288

 []


Underfull \hbox (badness 10000) in paragraph at lines 274--288

 []


Underfull \hbox (badness 10000) in paragraph at lines 274--288

 []


Underfull \hbox (badness 10000) in paragraph at lines 274--288

 []


Underfull \hbox (badness 10000) in paragraph at lines 274--288

 []

[18]
Underfull \vbox (badness 10000) has occurred while \output is active []

 [19 <./fig/fig3.png>]
<fig/fig4.png, id=862, 218.31563pt x 78.2925pt>
File: fig/fig4.png Graphic file (type png)
<use fig/fig4.png>
Package pdftex.def Info: fig/fig4.png  used on input line 301.
(pdftex.def)             Requested size: 312.00119pt x 111.8905pt.


LaTeX Warning: `h' float specifier changed to `ht'.

[20] [21 <./fig/fig4.png>]
<fig/fig5.png, id=876, 209.88412pt x 174.6525pt>
File: fig/fig5.png Graphic file (type png)
<use fig/fig5.png>
Package pdftex.def Info: fig/fig5.png  used on input line 362.
(pdftex.def)             Requested size: 312.00119pt x 259.63824pt.
 [22 <./fig/fig5.png>]
Underfull \hbox (badness 10000) in paragraph at lines 388--391

 []


Underfull \hbox (badness 10000) in paragraph at lines 406--409

 []

[23]
Underfull \hbox (badness 10000) in paragraph at lines 418--421

 []


Underfull \hbox (badness 10000) in paragraph at lines 425--430

 []


Underfull \hbox (badness 10000) in paragraph at lines 425--430

 []

[24]
<fig/fig6.png, id=898, 252.945pt x 78.89474pt>
File: fig/fig6.png Graphic file (type png)
<use fig/fig6.png>
Package pdftex.def Info: fig/fig6.png  used on input line 445.
(pdftex.def)             Requested size: 312.00119pt x 97.31682pt.

Overfull \hbox (5.04526pt too wide) detected at line 454
\OML/cmm/m/it/12 r[]\OT1/cmr/m/n/12 (\OML/cmm/m/it/12 t\OT1/cmr/m/n/12 ) = \OMS
/cmsy/m/n/12 < []
 []


Underfull \hbox (badness 10000) in paragraph at lines 456--459

 []

[25 <./fig/fig6.png>]
Underfull \hbox (badness 10000) in paragraph at lines 473--476

 []


Underfull \hbox (badness 10000) in paragraph at lines 481--484

 []


Underfull \hbox (badness 10000) in paragraph at lines 487--490

 []

[26]
Underfull \hbox (badness 10000) in paragraph at lines 511--514

 []


Underfull \hbox (badness 10000) in paragraph at lines 528--531

 []

[27]
Underfull \hbox (badness 10000) in paragraph at lines 541--543

 []


Underfull \hbox (badness 10000) in paragraph at lines 544--547

 []

[28]
Underfull \hbox (badness 10000) in paragraph at lines 558--561

 []


Underfull \hbox (badness 10000) in paragraph at lines 578--581

 []


Underfull \hbox (badness 10000) in paragraph at lines 586--588

 []

[29]
<fig/fig7.png, id=942, 203.25937pt x 63.8385pt>
File: fig/fig7.png Graphic file (type png)
<use fig/fig7.png>
Package pdftex.def Info: fig/fig7.png  used on input line 622.
(pdftex.def)             Requested size: 312.00119pt x 97.995pt.
 [30]
Underfull \hbox (badness 10000) in paragraph at lines 627--630

 []


Underfull \hbox (badness 10000) in paragraph at lines 647--650

 []

[31 <./fig/fig7.png>]
Underfull \hbox (badness 10000) in paragraph at lines 659--662

 []


Underfull \hbox (badness 10000) in paragraph at lines 675--677

 []

<fig/fig8.png, id=961, 163.20975pt x 95.45662pt>
File: fig/fig8.png Graphic file (type png)
<use fig/fig8.png>
Package pdftex.def Info: fig/fig8.png  used on input line 685.
(pdftex.def)             Requested size: 234.00238pt x 136.86604pt.

LaTeX Warning: `!h' float specifier changed to `!ht'.

[32] [33 <./fig/fig8.png>]
Underfull \hbox (badness 10000) in paragraph at lines 752--758

 []


Underfull \hbox (badness 10000) in paragraph at lines 752--758

 []

[34] [35]
Overfull \hbox (42.37268pt too wide) detected at line 794
\OML/cmm/m/it/12 P[]\OT1/cmr/m/n/12 (\OML/cmm/m/it/12 d\OT1/cmr/m/n/12 ) = 69\O
ML/cmm/m/it/12 :\OT1/cmr/m/n/12 55 + 26\OML/cmm/m/it/12 :\OT1/cmr/m/n/12 16 [][
](\OML/cmm/m/it/12 f[]\OT1/cmr/m/n/12 ) \OMS/cmsy/m/n/12 ^^@ \OT1/cmr/m/n/12 13
\OML/cmm/m/it/12 :\OT1/cmr/m/n/12 82 [][](\OML/cmm/m/it/12 h[]\OT1/cmr/m/n/12 )
 \OMS/cmsy/m/n/12 ^^@ \OML/cmm/m/it/12 a\OT1/cmr/m/n/12 (\OML/cmm/m/it/12 h[]\O
T1/cmr/m/n/12 ) + [] [][](\OML/cmm/m/it/12 d\OT1/cmr/m/n/12 )
 []


Overfull \hbox (82.41542pt too wide) detected at line 805
\OML/cmm/m/it/12 a\OT1/cmr/m/n/12 (\OML/cmm/m/it/12 h[]\OT1/cmr/m/n/12 ) = []
 []


Overfull \hbox (57.68343pt too wide) detected at line 812
\OML/cmm/m/it/12 P[]\OT1/cmr/m/n/12 (\OML/cmm/m/it/12 d\OT1/cmr/m/n/12 ) = 46\O
ML/cmm/m/it/12 :\OT1/cmr/m/n/12 3 + 33\OML/cmm/m/it/12 :\OT1/cmr/m/n/12 9 [][](
\OML/cmm/m/it/12 f[]\OT1/cmr/m/n/12 ) \OMS/cmsy/m/n/12 ^^@ \OT1/cmr/m/n/12 13\O
ML/cmm/m/it/12 :\OT1/cmr/m/n/12 82 [][](\OML/cmm/m/it/12 h[]\OT1/cmr/m/n/12 ) \
OMS/cmsy/m/n/12 ^^@ \OML/cmm/m/it/12 a\OT1/cmr/m/n/12 (\OML/cmm/m/it/12 h[]\OT1
/cmr/m/n/12 ) + [] [][](\OML/cmm/m/it/12 d\OT1/cmr/m/n/12 ) + \OML/cmm/m/it/12 
C[]
 []

[36]
<fig/fig9.png, id=1002, 502.87875pt x 303.23288pt>
File: fig/fig9.png Graphic file (type png)
<use fig/fig9.png>
Package pdftex.def Info: fig/fig9.png  used on input line 822.
(pdftex.def)             Requested size: 312.00119pt x 188.13197pt.

Overfull \hbox (0.76117pt too wide) detected at line 835
\OML/cmm/m/it/12 P[]\OT1/cmr/m/n/12 (\OML/cmm/m/it/12 d\OT1/cmr/m/n/12 ) [] = [
]
 []


Underfull \hbox (badness 10000) in paragraph at lines 837--840

 []

[37 <./fig/fig9.png>]
Underfull \hbox (badness 10000) in paragraph at lines 851--854

 []

[38]
Underfull \hbox (badness 10000) in paragraph at lines 893--896

 []


Underfull \hbox (badness 10000) in paragraph at lines 903--911

 []

[39]
Overfull \hbox (41.83228pt too wide) detected at line 947
\OML/cmm/m/it/12 F\OT1/cmr/m/n/12 (\OML/cmm/m/it/12 ^^M\OT1/cmr/m/n/12 ) = (\OM
S/cmsy/m/n/12 ^^@\OT1/cmr/m/n/12 70 + 31\OML/cmm/m/it/12 :\OT1/cmr/m/n/12 54 + 
10\OML/cmm/m/it/12 ^^M [][]\OT1/cmr/m/n/12 (10))[] + (\OMS/cmsy/m/n/12 ^^@\OT1/
cmr/m/n/12 75 + 31\OML/cmm/m/it/12 :\OT1/cmr/m/n/12 54 + 13\OML/cmm/m/it/12 :\O
T1/cmr/m/n/12 01\OML/cmm/m/it/12 ^^M\OT1/cmr/m/n/12 )[] + (\OMS/cmsy/m/n/12 ^^@
\OT1/cmr/m/n/12 90 + 31\OML/cmm/m/it/12 :\OT1/cmr/m/n/12 54 + 16\OML/cmm/m/it/1
2 :\OT1/cmr/m/n/12 99\OML/cmm/m/it/12 ^^M\OT1/cmr/m/n/12 )[]
 []

[40]
Underfull \hbox (badness 10000) in paragraph at lines 973--976

 []


Underfull \hbox (badness 10000) in paragraph at lines 993--996

 []

[41]

Package hyperref Warning: Token not allowed in a PDF string (Unicode):
(hyperref)                removing `math shift' on input line 1032.


Package hyperref Warning: Token not allowed in a PDF string (Unicode):
(hyperref)                removing `\log' on input line 1032.


Package hyperref Warning: Token not allowed in a PDF string (Unicode):
(hyperref)                removing `subscript' on input line 1032.


Package hyperref Warning: Token not allowed in a PDF string (Unicode):
(hyperref)                removing `\psi' on input line 1032.

[42] [43] [44]
Underfull \hbox (badness 10000) in paragraph at lines 1124--1127

 []

[45] [46]
Overfull \hbox (0.45705pt too wide) in paragraph at lines 1190--1190
[]\T1/cmr/bx/n/14.4 Statistisk Bag-grund: Q-funktionen og Ou-ta-ge Pro-
 []


Underfull \hbox (badness 10000) in paragraph at lines 1191--1194

 []

[47]
<fig/fig10.png, id=1073, 257.46187pt x 266.49562pt>
File: fig/fig10.png Graphic file (type png)
<use fig/fig10.png>
Package pdftex.def Info: fig/fig10.png  used on input line 1208.
(pdftex.def)             Requested size: 155.99762pt x 161.47229pt.
 [48 <./fig/fig10.png>] [49

] [50]
Kapitel 3.
<fig/fig11.png, id=1093, 292.6935pt x 70.76437pt>
File: fig/fig11.png Graphic file (type png)
<use fig/fig11.png>
Package pdftex.def Info: fig/fig11.png  used on input line 1278.
(pdftex.def)             Requested size: 234.00238pt x 56.57484pt.

Underfull \hbox (badness 10000) in paragraph at lines 1287--1291

 []

[51

 <./fig/fig11.png>]
Underfull \hbox (badness 10000) in paragraph at lines 1323--1326

 []

[52] [53] [54

]
Kapitel 4.
[55] [56] [57] [58] [59] [60]
Kapitel 5.

Underfull \hbox (badness 10000) in paragraph at lines 1491--1495

 []


Underfull \hbox (badness 10000) in paragraph at lines 1499--1504

 []


Underfull \hbox (badness 10000) in paragraph at lines 1499--1504

 []

[61

] [62] [63] [64] [65] [66

]
Kapitel 6.
[67] [68

]
Kapitel 7.

Underfull \hbox (badness 10000) in paragraph at lines 1649--1658

 []


Underfull \hbox (badness 10000) in paragraph at lines 1649--1658

 []


Underfull \hbox (badness 10000) in paragraph at lines 1649--1658

 []

[69]
Underfull \hbox (badness 10000) in paragraph at lines 1661--1664

 []

[70]
<fig/fig14.png, id=1189, 185.19188pt x 144.54pt>
File: fig/fig14.png Graphic file (type png)
<use fig/fig14.png>
Package pdftex.def Info: fig/fig14.png  used on input line 1689.
(pdftex.def)             Requested size: 272.99881pt x 213.07552pt.
 [71 <./fig/fig14.png>]
<fig/fig15.png, id=1197, 176.76038pt x 162.6075pt>
File: fig/fig15.png Graphic file (type png)
<use fig/fig15.png>
Package pdftex.def Info: fig/fig15.png  used on input line 1703.
(pdftex.def)             Requested size: 272.99881pt x 251.15323pt.
<fig/fig16.png, id=1199, 218.91788pt x 155.07938pt>
File: fig/fig16.png Graphic file (type png)
<use fig/fig16.png>
Package pdftex.def Info: fig/fig16.png  used on input line 1716.
(pdftex.def)             Requested size: 272.99881pt x 193.39911pt.


LaTeX Warning: `!h' float specifier changed to `!ht'.

[72 <./fig/fig15.png>] [73 <./fig/fig16.png>]
<fig/fig17.png, id=1214, 364.9635pt x 254.45062pt>
File: fig/fig17.png Graphic file (type png)
<use fig/fig17.png>
Package pdftex.def Info: fig/fig17.png  used on input line 1745.
(pdftex.def)             Requested size: 272.99881pt x 190.3444pt.
 [74

 <./fig/fig17.png>]
Overfull \hbox (15.81873pt too wide) in paragraph at lines 1774--1775
[]\T1/cmr/m/n/12 Når $\OML/cmm/m/it/12 t \OMS/cmsy/m/n/12 6\OT1/cmr/m/n/12 = \O
ML/cmm/m/it/12 nT[]$\T1/cmr/m/n/12 , mod-ta-ges kun LOS-signalet med im-puls-re
-spon-sen $\OML/cmm/m/it/12 []e[]^^N\OT1/cmr/m/n/12 (\OML/cmm/m/it/12 ^^\ \OMS
/cmsy/m/n/12 ^^@
 []


Overfull \hbox (7.16454pt too wide) in paragraph at lines 1775--1776
\T1/cmr/m/n/12 den sam-le-de im-puls-re-spons in-de-hol-der bå-de $\OML/cmm/m/i
t/12 []e[]^^N\OT1/cmr/m/n/12 (\OML/cmm/m/it/12 ^^\ \OMS/cmsy/m/n/12 ^^@ \OML/c
mm/m/it/12 ^^\[]\OT1/cmr/m/n/12 )$ \T1/cmr/m/n/12 og $\OML/cmm/m/it/12 []e[]^^
N\OT1/cmr/m/n/12 (\OML/cmm/m/it/12 ^^\ \OMS/cmsy/m/n/12 ^^@
 []

[75]
Underfull \hbox (badness 10000) in paragraph at lines 1789--1792

 []


Underfull \hbox (badness 10000) in paragraph at lines 1798--1803

 []


Overfull \hbox (2.59872pt too wide) detected at line 1806
\OML/cmm/m/it/12 r\OT1/cmr/m/n/12 (\OML/cmm/m/it/12 t\OT1/cmr/m/n/12 ) = \OMS/c
msy/m/n/12 < [] \OT1/cmr/m/n/12 = \OML/cmm/m/it/12 r[]\OT1/cmr/m/n/12 (\OML/cmm
/m/it/12 t\OT1/cmr/m/n/12 ) [] [] + \OML/cmm/m/it/12 r[]\OT1/cmr/m/n/12 (\OML/c
mm/m/it/12 t\OT1/cmr/m/n/12 ) [] [] \OML/cmm/m/it/12 ;
 []

[76

] [77]
Overfull \hbox (18.92442pt too wide) in paragraph at lines 1830--1831
[]\T1/cmr/m/n/12 For at be-reg-ne au-tokor-re-la-tio-nen af $\OML/cmm/m/it/12 r
[]\OT1/cmr/m/n/12 (\OML/cmm/m/it/12 t\OT1/cmr/m/n/12 )$ \T1/cmr/m/n/12 an-ta-ge
r vi, at Doppler-forskydningen
 []


Underfull \hbox (badness 10000) in paragraph at lines 1836--1839

 []

<fig/fig18.png, id=1239, 343.2825pt x 337.26pt>
File: fig/fig18.png Graphic file (type png)
<use fig/fig18.png>
Package pdftex.def Info: fig/fig18.png  used on input line 1842.
(pdftex.def)             Requested size: 234.00238pt x 229.89468pt.
<fig/fig19.png, id=1241, 346.896pt x 293.59688pt>
File: fig/fig19.png Graphic file (type png)
<use fig/fig19.png>
Package pdftex.def Info: fig/fig19.png  used on input line 1855.
(pdftex.def)             Requested size: 195.0pt x 165.04031pt.
[78

 <./fig/fig18.png>]
Overfull \hbox (0.11127pt too wide) in paragraph at lines 1873--1874
\T1/cmr/m/n/12 For at be-reg-ne spek-traltæt-he-den $\OML/cmm/m/it/12 S[]\OT1/c
mr/m/n/12 (\OML/cmm/m/it/12 f\OT1/cmr/m/n/12 )$ \T1/cmr/m/n/12 an-ven-der vi Fo
urier-transformationen
 []

<fig/fig21.png, id=1249, 424.58624pt x 399.59288pt>
File: fig/fig21.png Graphic file (type png)
<use fig/fig21.png>
Package pdftex.def Info: fig/fig21.png  used on input line 1882.
(pdftex.def)             Requested size: 155.99762pt x 146.8166pt.

LaTeX Warning: `!h' float specifier changed to `!ht'.

[79 <./fig/fig19.png>]
<fig/fig22.png, id=1261, 614.295pt x 434.22224pt>
File: fig/fig22.png Graphic file (type png)
<use fig/fig22.png>
Package pdftex.def Info: fig/fig22.png  used on input line 1900.
(pdftex.def)             Requested size: 155.99762pt x 110.26471pt.

Underfull \vbox (badness 1902) has occurred while \output is active []

 [80 <./fig/fig21.png> <./fig/fig22.png>] [81]
<fig/fig23.png, id=1274, 500.46976pt x 299.61937pt>
File: fig/fig23.png Graphic file (type png)
<use fig/fig23.png>
Package pdftex.def Info: fig/fig23.png  used on input line 1970.
(pdftex.def)             Requested size: 234.00238pt x 140.0942pt.
<fig/fig24.png, id=1275, 432.71663pt x 284.56313pt>
File: fig/fig24.png Graphic file (type png)
<use fig/fig24.png>
Package pdftex.def Info: fig/fig24.png  used on input line 1976.
(pdftex.def)             Requested size: 234.00238pt x 153.88757pt.


LaTeX Warning: `!h' float specifier changed to `!ht'.

[82 <./fig/fig23.png>]
<fig/fig25.png, id=1283, 252.945pt x 119.54663pt>
File: fig/fig25.png Graphic file (type png)
<use fig/fig25.png>
Package pdftex.def Info: fig/fig25.png  used on input line 1998.
(pdftex.def)             Requested size: 195.0pt x 92.16245pt.


LaTeX Warning: `h' float specifier changed to `ht'.

[83 <./fig/fig24.png>] [84 <./fig/fig25.png>]
Overfull \hbox (10.59889pt too wide) in paragraph at lines 2046--2047
\T1/cmr/m/n/12 an-ven-des of-te en Fi-ni-te Sta-te Markov Chan-nel (FSMC)-model
. FSMC-modellen
 []

[85] [86]
<fig/fig26.png, id=1311, 182.18062pt x 103.88812pt>
File: fig/fig26.png Graphic file (type png)
<use fig/fig26.png>
Package pdftex.def Info: fig/fig26.png  used on input line 2082.
(pdftex.def)             Requested size: 272.99881pt x 155.69705pt.

Underfull \hbox (badness 10000) in paragraph at lines 2086--2089

 []

<fig/fig27.png, id=1312, 172.2435pt x 120.45pt>
File: fig/fig27.png Graphic file (type png)
<use fig/fig27.png>
Package pdftex.def Info: fig/fig27.png  used on input line 2092.
(pdftex.def)             Requested size: 272.99881pt x 190.93378pt.

LaTeX Warning: `h' float specifier changed to `ht'.


Underfull \hbox (badness 10000) in paragraph at lines 2102--2105

 []

[87 <./fig/fig26.png>]
Underfull \hbox (badness 10000) in paragraph at lines 2119--2122

 []

[88 <./fig/fig27.png>] [89]
Underfull \hbox (badness 10000) in paragraph at lines 2167--2170

 []


Underfull \hbox (badness 10000) in paragraph at lines 2194--2197

 []

[90]
Underfull \hbox (badness 10000) in paragraph at lines 2212--2215

 []

[91]
<fig/fig28.png, id=1340, 252.945pt x 81.30376pt>
File: fig/fig28.png Graphic file (type png)
<use fig/fig28.png>
Package pdftex.def Info: fig/fig28.png  used on input line 2241.
(pdftex.def)             Requested size: 390.0pt x 125.3595pt.

Underfull \hbox (badness 1184) in paragraph at lines 2242--2242
[]\T1/cmr/m/n/12 Figur 7.14: |Po-wer Delay Pro-fi-le, RMS Delay Spre-ad, and Co
-he-ren-ce
 []


Underfull \hbox (badness 10000) in paragraph at lines 2245--2250

 []


Underfull \hbox (badness 10000) in paragraph at lines 2245--2250

 []


Underfull \hbox (badness 10000) in paragraph at lines 2258--2261

 []


Underfull \vbox (badness 1472) has occurred while \output is active []

 [92 <./fig/fig28.png>]
Underfull \hbox (badness 10000) in paragraph at lines 2264--2267

 []


Overfull \hbox (42.53319pt too wide) in paragraph at lines 2272--2273
\T1/cmr/m/n/12 og au-tokor-re-la-tions-funk-tio-nen $\OML/cmm/m/it/12 A[]\OT1/c
mr/m/n/12 (^^A\OML/cmm/m/it/12 f; \OT1/cmr/m/n/12 ^^A\OML/cmm/m/it/12 t\OT1/cmr
/m/n/12 )$ \T1/cmr/m/n/12 gen-nem en dob-belt Fourier-transformation. 
 []

<fig/fig29.png, id=1347, 184.2885pt x 130.98938pt>
File: fig/fig29.png Graphic file (type png)
<use fig/fig29.png>
Package pdftex.def Info: fig/fig29.png  used on input line 2289.
(pdftex.def)             Requested size: 390.0pt x 277.21443pt.

LaTeX Warning: `!h' float specifier changed to `!ht'.

[93] [94 <./fig/fig29.png>]
<fig/fig30.png, id=1360, 137.61412pt x 96.36pt>
File: fig/fig30.png Graphic file (type png)
<use fig/fig30.png>
Package pdftex.def Info: fig/fig30.png  used on input line 2308.
(pdftex.def)             Requested size: 390.0pt x 273.12463pt.
<fig/fig31.png, id=1361, 185.79413pt x 53.29912pt>
File: fig/fig31.png Graphic file (type png)
<use fig/fig31.png>
Package pdftex.def Info: fig/fig31.png  used on input line 2316.
(pdftex.def)             Requested size: 390.0pt x 111.88667pt.


LaTeX Warning: `!h' float specifier changed to `!ht'.


Underfull \hbox (badness 10000) in paragraph at lines 2320--2323

 []

[95 <./fig/fig30.png>]
Underfull \hbox (badness 10000) in paragraph at lines 2325--2328

 []

[96 <./fig/fig31.png>]
Underfull \hbox (badness 10000) in paragraph at lines 2364--2367

 []

[97] [98

]
Kapitel 8.

Underfull \hbox (badness 10000) in paragraph at lines 2372--2375

 []

[99]
Underfull \hbox (badness 10000) in paragraph at lines 2400--2402

 []


Underfull \hbox (badness 10000) in paragraph at lines 2400--2402

 []


Underfull \hbox (badness 10000) in paragraph at lines 2412--2414

 []


Underfull \hbox (badness 10000) in paragraph at lines 2431--2434

 []

[100]
Underfull \hbox (badness 10000) in paragraph at lines 2439--2442

 []


Underfull \hbox (badness 10000) in paragraph at lines 2453--2454

 []


Underfull \hbox (badness 10000) in paragraph at lines 2464--2465

 []

[101]
Underfull \hbox (badness 10000) in paragraph at lines 2485--2486

 []

[102]

LaTeX Warning: `!h' float specifier changed to `!ht'.

[103]
Underfull \hbox (badness 10000) in paragraph at lines 2602--2605

 []

[104]
Underfull \hbox (badness 10000) in paragraph at lines 2627--2632

 []

[105] [106] [107

] [108]
Kapitel 9.
[109

] [110]
Overfull \hbox (51.11217pt too wide) detected at line 2778
\OML/cmm/m/it/12 P[]\OT1/cmr/m/n/12 ([]) = 69\OML/cmm/m/it/12 :\OT1/cmr/m/n/12 
55 + 26\OML/cmm/m/it/12 :\OT1/cmr/m/n/12 16 [][](\OML/cmm/m/it/12 f[]\OT1/cmr/m
/n/12 ) \OMS/cmsy/m/n/12 ^^@ \OT1/cmr/m/n/12 13\OML/cmm/m/it/12 :\OT1/cmr/m/n/1
2 82 [][](\OML/cmm/m/it/12 h[]\OT1/cmr/m/n/12 ) \OMS/cmsy/m/n/12 ^^@ \OML/cmm/m
/it/12 a\OT1/cmr/m/n/12 (\OML/cmm/m/it/12 h[]\OT1/cmr/m/n/12 ) + [] [][](\OML/c
mm/m/it/12 d\OT1/cmr/m/n/12 )
 []

[111] [112] [113]
Overfull \hbox (66.42291pt too wide) detected at line 2859
\OML/cmm/m/it/12 P[]\OT1/cmr/m/n/12 ([]) = 46\OML/cmm/m/it/12 :\OT1/cmr/m/n/12 
3 + 33\OML/cmm/m/it/12 :\OT1/cmr/m/n/12 9 [][](\OML/cmm/m/it/12 f[]\OT1/cmr/m/n
/12 ) \OMS/cmsy/m/n/12 ^^@ \OT1/cmr/m/n/12 13\OML/cmm/m/it/12 :\OT1/cmr/m/n/12 
82 [][](\OML/cmm/m/it/12 h[]\OT1/cmr/m/n/12 ) \OMS/cmsy/m/n/12 ^^@ \OML/cmm/m/i
t/12 a\OT1/cmr/m/n/12 (\OML/cmm/m/it/12 h[]\OT1/cmr/m/n/12 ) + [] [][](\OML/cmm
/m/it/12 d\OT1/cmr/m/n/12 ) + \OML/cmm/m/it/12 C[]
 []

[114]
Overfull \hbox (10.38835pt too wide) in paragraph at lines 2909--2909
[]\T1/cmr/bx/n/14.4 Outage Pro-ba-bi-li-ty un-der Path Loss and Sha-dowing 
 []

[115] [116] [117] [118

]
Kapitel 10.

Overfull \hbox (33.89883pt too wide) in paragraph at lines 2988--2988
[]\T1/cmr/bx/n/17.28 Formelsamling for Sta-ti-sti-cal Mul-ti-path Chan-
 []


Overfull \hbox (11.31555pt too wide) in paragraph at lines 2993--2994
\T1/cmr/m/n/12 Kanalimpulsresponsen kan ud-tryk-kes som en sum af $\OML/cmm/m/i
t/12 N$ \T1/cmr/m/n/12 multipath-komponenter: 
 []

[119]
Overfull \hbox (17.85176pt too wide) in paragraph at lines 3061--3062
\T1/cmr/m/n/12 Rayleigh-fordelingen bru-ges til at be-skri-ve fa-ding i mil-jø-
er med man-ge multipath-
 []

[120] [121]
Overfull \hbox (22.68108pt too wide) in paragraph at lines 3130--3131
\T1/cmr/m/n/12 Forsinkelsesspredning er et mål for va-ri-a-tio-nen i an-komst-t
ids-punk-ter af multipath-
 []

[122] [123] (master.aux)
 ***********
LaTeX2e <2023-11-01> patch level 1
L3 programming layer <2024-02-20>
 ***********
Package rerunfilecheck Info: File `master.out' has not changed.
(rerunfilecheck)             Checksum: B4685C0BC28407E1E8FCF486EC2E2A25;30784.
 ) 
Here is how much of TeX's memory you used:
 13620 strings out of 474436
 219329 string characters out of 5742898
 1941190 words of memory out of 5000000
 35357 multiletter control sequences out of 15000+600000
 576816 words of font info for 83 fonts, out of 8000000 for 9000
 1141 hyphenation exceptions out of 8191
 79i,11n,93p,1341b,613s stack positions out of 10000i,1000n,20000p,200000b,200000s
 <C:\Users\aso\AppData\Local\MiKTeX\fonts/pk/ljfour/jknappen/ec/dpi600\ecrm06
00.pk> <C:\Users\aso\AppData\Local\MiKTeX\fonts/pk/ljfour/jknappen/ec/dpi600\ec
bi1440.pk> <C:\Users\aso\AppData\Local\MiKTeX\fonts/pk/ljfour/jknappen/ec/dpi60
0\ecrm0800.pk> <C:\Users\aso\AppData\Local\MiKTeX\fonts/pk/ljfour/jknappen/ec/d
pi600\tcti1200.pk> <C:\Users\aso\AppData\Local\MiKTeX\fonts/pk/ljfour/jknappen/
ec/dpi600\tcrm1200.pk> <C:\Users\aso\AppData\Local\MiKTeX\fonts/pk/ljfour/jknap
pen/ec/dpi600\ecbx1728.pk> <C:\Users\aso\AppData\Local\MiKTeX\fonts/pk/ljfour/j
knappen/ec/dpi600\ecbx1440.pk> <C:\Users\aso\AppData\Local\MiKTeX\fonts/pk/ljfo
ur/jknappen/ec/dpi600\ecti1200.pk> <C:\Users\aso\AppData\Local\MiKTeX\fonts/pk/
ljfour/jknappen/ec/dpi600\ecrm1200.pk> <C:\Users\aso\AppData\Local\MiKTeX\fonts
/pk/ljfour/jknappen/ec/dpi600\ecbx1200.pk> <C:\Users\aso\AppData\Local\MiKTeX\f
onts/pk/ljfour/jknappen/ec/dpi600\ecbx2488.pk> <C:\Users\aso\AppData\Local\MiKT
eX\fonts/pk/ljfour/jknappen/ec/dpi600\ecrm1440.pk> <C:\Users\aso\AppData\Local\
MiKTeX\fonts/pk/ljfour/jknappen/ec/dpi600\ecrm2074.pk><C:/Users/aso/AppData/Loc
al/Programs/MiKTeX/fonts/type1/public/amsfonts/cm/cmbx12.pfb><C:/Users/aso/AppD
ata/Local/Programs/MiKTeX/fonts/type1/public/amsfonts/cm/cmbx6.pfb><C:/Users/as
o/AppData/Local/Programs/MiKTeX/fonts/type1/public/amsfonts/cm/cmbx8.pfb><C:/Us
ers/aso/AppData/Local/Programs/MiKTeX/fonts/type1/public/amsfonts/cm/cmex10.pfb
><C:/Users/aso/AppData/Local/Programs/MiKTeX/fonts/type1/public/amsfonts/cmextr
a/cmex8.pfb><C:/Users/aso/AppData/Local/Programs/MiKTeX/fonts/type1/public/amsf
onts/cm/cmmi12.pfb><C:/Users/aso/AppData/Local/Programs/MiKTeX/fonts/type1/publ
ic/amsfonts/cm/cmmi6.pfb><C:/Users/aso/AppData/Local/Programs/MiKTeX/fonts/type
1/public/amsfonts/cm/cmmi8.pfb><C:/Users/aso/AppData/Local/Programs/MiKTeX/font
s/type1/public/amsfonts/cm/cmr10.pfb><C:/Users/aso/AppData/Local/Programs/MiKTe
X/fonts/type1/public/amsfonts/cm/cmr12.pfb><C:/Users/aso/AppData/Local/Programs
/MiKTeX/fonts/type1/public/amsfonts/cm/cmr6.pfb><C:/Users/aso/AppData/Local/Pro
grams/MiKTeX/fonts/type1/public/amsfonts/cm/cmr8.pfb><C:/Users/aso/AppData/Loca
l/Programs/MiKTeX/fonts/type1/public/amsfonts/cm/cmsy10.pfb><C:/Users/aso/AppDa
ta/Local/Programs/MiKTeX/fonts/type1/public/amsfonts/cm/cmsy6.pfb><C:/Users/aso
/AppData/Local/Programs/MiKTeX/fonts/type1/public/amsfonts/cm/cmsy8.pfb><C:/Use
rs/aso/AppData/Local/Programs/MiKTeX/fonts/type1/public/amsfonts/symbols/msam10
.pfb><C:/Users/aso/AppData/Local/Programs/MiKTeX/fonts/type1/public/amsfonts/sy
mbols/msbm10.pfb>
Output written on master.pdf (123 pages, 1841087 bytes).
PDF statistics:
 2203 PDF objects out of 2487 (max. 8388607)
 430 named destinations out of 1000 (max. 500000)
 1328 words of extra memory for PDF output out of 10000 (max. 10000000)

