\BOOKMARK [-1][-]{part.1}{\376\377\000I\000\040\000A\000r\000d\000u\000i\000n\000o}{}% 1
\BOOKMARK [0][-]{chapter.1}{\376\377\000H\000a\000r\000d\000w\000a\000r\000e}{part.1}% 2
\BOOKMARK [1][-]{section.1.1}{\376\377\000B\000e\000s\000k\000r\000i\000v\000e\000l\000s\000e}{chapter.1}% 3
\BOOKMARK [1][-]{section.1.2}{\376\377\000S\000p\000e\000c\000i\000f\000i\000c\000a\000t\000i\000o\000n}{chapter.1}% 4
\BOOKMARK [1][-]{section.1.3}{\376\377\000E\000P\000S\0003\0002\000\040\000P\000l\000u\000s\000\040\000P\000i\000n\000s}{chapter.1}% 5
\BOOKMARK [1][-]{section.1.4}{\376\377\000A\000r\000d\000u\000i\000n\000o\000\040\000I\000D\000E}{chapter.1}% 6
\BOOKMARK [2][-]{subsection.1.4.1}{\376\377\000I\000n\000t\000r\000o\000d\000u\000k\000t\000i\000o\000n}{section.1.4}% 7
\BOOKMARK [2][-]{subsection.1.4.2}{\376\377\000I\000n\000s\000t\000a\000l\000l\000a\000t\000i\000o\000n\000s\000t\000r\000i\000n}{section.1.4}% 8
\BOOKMARK [2][-]{subsection.1.4.3}{\376\377\000O\000p\000r\000e\000t\000t\000e\000l\000s\000e\000\040\000a\000f\000\040\000e\000t\000\040\000n\000y\000t\000\040\000p\000r\000o\000j\000e\000k\000t}{section.1.4}% 9
\BOOKMARK [-1][-]{part.2}{\376\377\000I\000I\000\040\000C\000+\000+\000\040\000B\000a\000s\000i\000c\000s}{}% 10
\BOOKMARK [0][-]{chapter.2}{\376\377\000C\000+\000+}{part.2}% 11
\BOOKMARK [1][-]{section.2.1}{\376\377\000C\000+\000+\000\040}{chapter.2}% 12
\BOOKMARK [1][-]{section.2.2}{\376\377\000C\000+\000+\000\040\000S\000y\000n\000t\000a\000x}{chapter.2}% 13
\BOOKMARK [1][-]{section.2.3}{\376\377\000C\000+\000+\000\040\000O\000u\000t\000p\000u\000t}{chapter.2}% 14
\BOOKMARK [1][-]{section.2.4}{\376\377\000C\000+\000+\000\040\000C\000o\000m\000m\000e\000n\000t\000s}{chapter.2}% 15
\BOOKMARK [1][-]{section.2.5}{\376\377\000C\000+\000+\000\040\000V\000a\000r\000i\000a\000b\000l\000e\000s}{chapter.2}% 16
\BOOKMARK [1][-]{section.2.6}{\376\377\000C\000+\000+\000\040\000U\000s\000e\000r\000\040\000I\000n\000p\000u\000t}{chapter.2}% 17
\BOOKMARK [1][-]{section.2.7}{\376\377\000C\000+\000+\000\040\000D\000a\000t\000a\000\040\000T\000y\000p\000e\000s}{chapter.2}% 18
\BOOKMARK [1][-]{section.2.8}{\376\377\000C\000+\000+\000\040\000O\000p\000e\000r\000a\000t\000o\000r\000s}{chapter.2}% 19
\BOOKMARK [1][-]{section.2.9}{\376\377\000C\000+\000+\000\040\000S\000t\000r\000i\000n\000g\000s}{chapter.2}% 20
\BOOKMARK [1][-]{section.2.10}{\376\377\000C\000+\000+\000\040\000C\000o\000n\000d\000i\000t\000i\000o\000n\000s}{chapter.2}% 21
\BOOKMARK [1][-]{section.2.11}{\376\377\000C\000+\000+\000\040\000L\000o\000o\000p\000s}{chapter.2}% 22
\BOOKMARK [1][-]{section.2.12}{\376\377\000C\000+\000+\000\040\000F\000u\000n\000c\000t\000i\000o\000n\000s}{chapter.2}% 23
\BOOKMARK [2][-]{subsection.2.12.1}{\376\377\000C\000+\000+\000\040\000F\000u\000n\000c\000t\000i\000o\000n\000s}{section.2.12}% 24
\BOOKMARK [2][-]{subsection.2.12.2}{\376\377\000C\000+\000+\000\040\000F\000u\000n\000c\000t\000i\000o\000n\000\040\000P\000a\000r\000a\000m\000e\000t\000e\000r\000s}{section.2.12}% 25
\BOOKMARK [0][-]{chapter.3}{\376\377\000A\000r\000d\000u\000i\000n\000o\000\040\000p\000i\000n\000s\000\040\000o\000g\000\040\000s\000p\000e\000c\000i\000a\000l\000\040\000f\000u\000n\000k\000t\000i\000o\000n\000e\000r}{part.2}% 26
\BOOKMARK [1][-]{section.3.1}{\376\377\000p\000i\000n\000M\000o\000d\000e\000\040\000i\000\040\000A\000r\000d\000u\000i\000n\000o}{chapter.3}% 27
\BOOKMARK [1][-]{section.3.2}{\376\377\000d\000i\000g\000i\000t\000a\000l\000R\000e\000a\000d\000\040\000o\000g\000\040\000d\000i\000g\000i\000t\000a\000l\000W\000r\000i\000t\000e\000\040\000i\000\040\000A\000r\000d\000u\000i\000n\000o}{chapter.3}% 28
\BOOKMARK [2][-]{subsection.3.2.1}{\376\377\000d\000i\000g\000i\000t\000a\000l\000R\000e\000a\000d\000\050\000\051}{section.3.2}% 29
\BOOKMARK [2][-]{subsection.3.2.2}{\376\377\000d\000i\000g\000i\000t\000a\000l\000W\000r\000i\000t\000e\000\050\000\051}{section.3.2}% 30
\BOOKMARK [1][-]{section.3.3}{\376\377\000a\000n\000a\000l\000o\000g\000R\000e\000a\000d\000\040\000o\000g\000\040\000a\000n\000a\000l\000o\000g\000W\000r\000i\000t\000e\000\040\000i\000\040\000A\000r\000d\000u\000i\000n\000o}{chapter.3}% 31
\BOOKMARK [2][-]{subsection.3.3.1}{\376\377\000a\000n\000a\000l\000o\000g\000R\000e\000a\000d\000\050\000\051}{section.3.3}% 32
\BOOKMARK [2][-]{subsection.3.3.2}{\376\377\000a\000n\000a\000l\000o\000g\000W\000r\000i\000t\000e\000\050\000\051}{section.3.3}% 33
\BOOKMARK [1][-]{section.3.4}{\376\377\000d\000e\000l\000a\000y\000\040\000o\000g\000\040\000m\000i\000l\000l\000i\000s\000\040\000i\000\040\000A\000r\000d\000u\000i\000n\000o}{chapter.3}% 34
\BOOKMARK [2][-]{subsection.3.4.1}{\376\377\000d\000e\000l\000a\000y\000\050\000\051}{section.3.4}% 35
\BOOKMARK [2][-]{subsection.3.4.2}{\376\377\000m\000i\000l\000l\000i\000s\000\050\000\051}{section.3.4}% 36
\BOOKMARK [-1][-]{part.3}{\376\377\000I\000I\000I\000\040\000C\000+\000+\000\040\000a\000d\000v\000a\000n\000c\000e\000d}{}% 37
\BOOKMARK [0][-]{chapter.4}{\376\377\000C\000+\000+\000\040\000A\000d\000v\000a\000n\000c\000e\000d}{part.3}% 38
\BOOKMARK [1][-]{section.4.1}{\376\377\000C\000+\000+\000\040\000C\000l\000a\000s\000s\000e\000s}{chapter.4}% 39
\BOOKMARK [2][-]{subsection.4.1.1}{\376\377\000C\000+\000+\000\040\000C\000l\000a\000s\000s\000e\000s\000/\000O\000b\000j\000e\000c\000t\000s}{section.4.1}% 40
\BOOKMARK [2][-]{subsection.4.1.2}{\376\377\000C\000+\000+\000\040\000C\000l\000a\000s\000s\000\040\000M\000e\000t\000h\000o\000d\000s}{section.4.1}% 41
\BOOKMARK [2][-]{subsection.4.1.3}{\376\377\000C\000+\000+\000\040\000C\000o\000n\000s\000t\000r\000u\000c\000t\000o\000r\000s}{section.4.1}% 42
\BOOKMARK [2][-]{subsection.4.1.4}{\376\377\000C\000+\000+\000\040\000A\000c\000c\000e\000s\000s\000\040\000S\000p\000e\000c\000i\000f\000i\000e\000r\000s}{section.4.1}% 43
\BOOKMARK [2][-]{subsection.4.1.5}{\376\377\000C\000+\000+\000\040\000E\000n\000c\000a\000p\000s\000u\000l\000a\000t\000i\000o\000n}{section.4.1}% 44
\BOOKMARK [2][-]{subsection.4.1.6}{\376\377\000C\000+\000+\000\040\000I\000n\000h\000e\000r\000i\000t\000a\000n\000c\000e}{section.4.1}% 45
\BOOKMARK [2][-]{subsection.4.1.7}{\376\377\000C\000+\000+\000\040\000P\000o\000l\000y\000m\000o\000r\000p\000h\000i\000s\000m}{section.4.1}% 46
\BOOKMARK [0][-]{chapter.5}{\376\377\000O\000p\000g\000a\000v\000e}{part.3}% 47
\BOOKMARK [-1][-]{part.4}{\376\377\000I\000V\000\040\000N\000e\000t\000v\000\346\000r\000k\000\040\000b\000a\000s\000i\000c}{}% 48
\BOOKMARK [0][-]{chapter.6}{\376\377\000G\000r\000u\000n\000d\000l\000\346\000g\000g\000e\000n\000d\000e\000\040\000n\000e\000t\000v\000\346\000r\000k\000s\000k\000o\000m\000m\000u\000n\000i\000k\000a\000t\000i\000o\000n\000\040\000i\000\040\000I\000o\000T}{part.4}% 49
\BOOKMARK [1][-]{subsection.6.0.1}{\376\377\000H\000v\000a\000d\000\040\000e\000r\000\040\000e\000t\000\040\000n\000e\000t\000v\000\346\000r\000k\000?}{chapter.6}% 50
\BOOKMARK [2][-]{subsection.6.0.2}{\376\377\000L\000A\000N\000\040\000o\000g\000\040\000W\000A\000N}{subsection.6.0.1}% 51
\BOOKMARK [2][-]{subsection.6.0.3}{\376\377\000P\000r\000o\000t\000o\000k\000o\000l\000l\000e\000r}{subsection.6.0.1}% 52
\BOOKMARK [2][-]{subsection.6.0.4}{\376\377\000I\000P\000-\000a\000d\000r\000e\000s\000s\000e\000r\000\040\000o\000g\000\040\000M\000A\000C\000-\000a\000d\000r\000e\000s\000s\000e\000r}{subsection.6.0.1}% 53
\BOOKMARK [2][-]{subsection.6.0.5}{\376\377\000C\000l\000i\000e\000n\000t\000-\000S\000e\000r\000v\000e\000r\000\040\000K\000o\000m\000m\000u\000n\000i\000k\000a\000t\000i\000o\000n}{subsection.6.0.1}% 54
\BOOKMARK [2][-]{subsection.6.0.6}{\376\377\000P\000u\000b\000l\000i\000k\000u\000m\000-\000A\000b\000o\000n\000n\000e\000m\000e\000n\000t\000s\000\040\000\050\000P\000u\000b\000/\000S\000u\000b\000\051\000\040\000M\000o\000d\000e\000l\000l\000e\000n}{subsection.6.0.1}% 55
\BOOKMARK [2][-]{subsection.6.0.7}{\376\377\000M\000e\000s\000s\000a\000g\000e\000\040\000Q\000u\000e\000u\000i\000n\000g\000\040\000P\000r\000o\000t\000o\000k\000o\000l\000l\000e\000r}{subsection.6.0.1}% 56
\BOOKMARK [2][-]{subsection.6.0.8}{\376\377\000R\000e\000a\000l\000-\000t\000i\000m\000e\000\040\000P\000r\000o\000t\000o\000k\000o\000l\000l\000e\000r}{subsection.6.0.1}% 57
\BOOKMARK [2][-]{subsection.6.0.9}{\376\377\000L\000o\000w\000-\000P\000o\000w\000e\000r\000\040\000W\000i\000d\000e\000-\000A\000r\000e\000a\000\040\000N\000e\000t\000w\000o\000r\000k\000\040\000P\000r\000o\000t\000o\000k\000o\000l\000l\000e\000r}{subsection.6.0.1}% 58
\BOOKMARK [2][-]{subsection.6.0.10}{\376\377\000M\000e\000s\000h\000\040\000N\000e\000t\000w\000o\000r\000k\000\040\000P\000r\000o\000t\000o\000k\000o\000l\000l\000e\000r}{subsection.6.0.1}% 59
\BOOKMARK [2][-]{subsection.6.0.11}{\376\377\000R\000o\000u\000t\000i\000n\000g\000\040\000o\000g\000\040\000S\000w\000i\000t\000c\000h\000i\000n\000g}{subsection.6.0.1}% 60
\BOOKMARK [2][-]{subsection.6.0.12}{\376\377\000Q\000o\000S\000\040\000\050\000Q\000u\000a\000l\000i\000t\000y\000\040\000o\000f\000\040\000S\000e\000r\000v\000i\000c\000e\000\051}{subsection.6.0.1}% 61
\BOOKMARK [-1][-]{part.5}{\376\377\000V\000\040\000I\000o\000T\000\040\000p\000l\000a\000t\000f\000o\000r\000m}{}% 62
\BOOKMARK [0][-]{chapter.7}{\376\377\000N\000o\000d\000e\000-\000R\000E\000D}{part.5}% 63
\BOOKMARK [1][-]{section.7.1}{\376\377\000N\000o\000d\000e\000-\000R\000E\000D\000:\000\040\000E\000n\000\040\000T\000e\000k\000n\000i\000s\000k\000\040\000G\000e\000n\000n\000e\000m\000g\000a\000n\000g}{chapter.7}% 64
\BOOKMARK [2][-]{subsection.7.1.1}{\376\377\000I\000n\000t\000r\000o\000d\000u\000k\000t\000i\000o\000n\000\040\000t\000i\000l\000\040\000N\000o\000d\000e\000-\000R\000E\000D}{section.7.1}% 65
\BOOKMARK [2][-]{subsection.7.1.2}{\376\377\000A\000r\000k\000i\000t\000e\000k\000t\000u\000r\000\040\000o\000g\000\040\000K\000e\000r\000n\000e\000k\000o\000m\000p\000o\000n\000e\000n\000t\000e\000r}{section.7.1}% 66
\BOOKMARK [2][-]{subsection.7.1.3}{\376\377\000F\000l\000o\000w\000-\000b\000a\000s\000e\000r\000e\000t\000\040\000P\000r\000o\000g\000r\000a\000m\000m\000e\000r\000i\000n\000g\000s\000p\000a\000r\000a\000d\000i\000g\000m\000e}{section.7.1}% 67
\BOOKMARK [2][-]{subsection.7.1.4}{\376\377\000I\000m\000p\000l\000e\000m\000e\000n\000t\000e\000r\000i\000n\000g\000\040\000o\000g\000\040\000S\000k\000a\000l\000e\000r\000b\000a\000r\000h\000e\000d}{section.7.1}% 68
\BOOKMARK [2][-]{subsection.7.1.5}{\376\377\000I\000n\000t\000e\000g\000r\000a\000t\000i\000o\000n\000\040\000m\000e\000d\000\040\000I\000o\000T\000\040\000P\000r\000o\000t\000o\000k\000o\000l\000l\000e\000r\000\040\000o\000g\000\040\000T\000j\000e\000n\000e\000s\000t\000e\000r}{section.7.1}% 69
\BOOKMARK [2][-]{subsection.7.1.6}{\376\377\000S\000i\000k\000k\000e\000r\000h\000e\000d\000\040\000o\000g\000\040\000G\000o\000d\000k\000e\000n\000d\000e\000l\000s\000e}{section.7.1}% 70
\BOOKMARK [2][-]{subsection.7.1.7}{\376\377\000U\000d\000v\000i\000d\000e\000l\000s\000e\000s\000m\000u\000l\000i\000g\000h\000e\000d\000e\000r\000\040\000o\000g\000\040\000C\000u\000s\000t\000o\000m\000\040\000N\000o\000d\000e\000r}{section.7.1}% 71
\BOOKMARK [0][-]{chapter.8}{\376\377\000O\000p\000g\000a\000v\000e\000r}{part.5}% 72
\BOOKMARK [1][-]{section.8.1}{\376\377\000M\000o\000d\000t\000a\000g\000e\000l\000s\000e\000\040\000a\000f\000\040\000S\000e\000r\000i\000e\000l\000\040\000D\000a\000t\000a\000\040\000f\000r\000a\000\040\000E\000S\000P\0003\0002\000\040\000i\000\040\000N\000o\000d\000e\000-\000R\000E\000D}{chapter.8}% 73
\BOOKMARK [2][-]{subsection.8.1.1}{\376\377\000O\000p\000s\000\346\000t\000n\000i\000n\000g\000\040\000a\000f\000\040\000S\000e\000r\000i\000e\000l\000\040\000K\000o\000m\000m\000u\000n\000i\000k\000a\000t\000i\000o\000n}{section.8.1}% 74
\BOOKMARK [2][-]{subsection.8.1.2}{\376\377\000O\000p\000g\000a\000v\000e\000:\000\040\000M\000o\000d\000t\000a\000g\000e\000l\000s\000e\000\040\000o\000g\000\040\000V\000i\000s\000u\000a\000l\000i\000s\000e\000r\000i\000n\000g\000\040\000a\000f\000\040\000T\000e\000m\000p\000e\000r\000a\000t\000u\000r\000d\000a\000t\000a\000\040\000f\000r\000a\000\040\000E\000S\000P\0003\0002\000\040\000i\000\040\000N\000o\000d\000e\000-\000R\000E\000D}{section.8.1}% 75
\BOOKMARK [-1][-]{part.6}{\376\377\000V\000I\000\040\000O\000p\000g\000a\000v\000e\000r}{}% 76
\BOOKMARK [0][-]{chapter.9}{\376\377\000C\000+\000+\000\040\000B\000a\000s\000i\000c}{part.6}% 77
\BOOKMARK [1][-]{section.9.1}{\376\377\000D\000e\000l\000a\000y\000\050\000\051\000\040\000i\000\040\000A\000r\000d\000u\000i\000n\000o}{chapter.9}% 78
\BOOKMARK [1][-]{section.9.2}{\376\377\000T\000r\000y\000k\000k\000n\000a\000p\000p\000e\000r}{chapter.9}% 79
\BOOKMARK [1][-]{section.9.3}{\376\377\000D\000H\000T\0001\0001\000\040\000S\000e\000n\000s\000o\000r}{chapter.9}% 80
\BOOKMARK [1][-]{section.9.4}{\376\377\000P\000I\000R\000\040\000S\000e\000n\000s\000o\000r\000s}{chapter.9}% 81
\BOOKMARK [1][-]{section.9.5}{\376\377\000R\000F\000I\000D\000\040\000T\000e\000k\000n\000o\000l\000o\000g\000i}{chapter.9}% 82
\BOOKMARK [1][-]{section.9.6}{\376\377\000S\000e\000r\000v\000o\000\040\000M\000o\000t\000o\000r\000\040\000T\000e\000k\000n\000o\000l\000o\000g\000i}{chapter.9}% 83
\BOOKMARK [1][-]{section.9.7}{\376\377\000I\000n\000t\000r\000o\000d\000u\000k\000t\000i\000o\000n\000\040\000f\000o\000r\000\040\000E\000S\000P\0003\0002\000\040\000o\000g\000\040\000F\000u\000n\000c\000t\000i\000o\000n\000s\000\040\000i\000\040\000P\000r\000o\000g\000r\000a\000m\000m\000e\000r\000i\000n\000g}{chapter.9}% 84
\BOOKMARK [0][-]{chapter.10}{\376\377\000N\000o\000d\000e\000-\000R\000E\000D}{part.6}% 85
\BOOKMARK [1][-]{section.10.1}{\376\377\000N\000o\000d\000e\000-\000R\000E\000D\000\040\000O\000p\000g\000a\000v\000e\000r\000\040\000m\000e\000d\000\040\000E\000S\000P\0003\0002\000\040\000P\000l\000u\000s\000\040\000o\000g\000\040\000S\000e\000r\000i\000e\000l\000\040\000K\000o\000m\000m\000u\000n\000i\000k\000a\000t\000i\000o\000n}{chapter.10}% 86
\BOOKMARK [2][-]{subsection.10.1.1}{\376\377\000F\000o\000r\000m\000\345\000l}{section.10.1}% 87
\BOOKMARK [2][-]{subsection.10.1.2}{\376\377\000O\000p\000g\000a\000v\000e\000\040\0001\000:\000\040\000A\000f\000l\000\346\000s\000n\000i\000n\000g\000\040\000a\000f\000\040\000D\000a\000t\000a\000\040\000f\000r\000a\000\040\000E\000S\000P\0003\0002\000\040\000P\000l\000u\000s}{section.10.1}% 88
\BOOKMARK [2][-]{subsection.10.1.3}{\376\377\000O\000p\000g\000a\000v\000e\000\040\0002\000:\000\040\000A\000f\000s\000e\000n\000d\000e\000l\000s\000e\000\040\000a\000f\000\040\000D\000a\000t\000a\000\040\000t\000i\000l\000\040\000E\000S\000P\0003\0002\000\040\000P\000l\000u\000s}{section.10.1}% 89
\BOOKMARK [2][-]{subsection.10.1.4}{\376\377\000O\000p\000g\000a\000v\000e\000\040\0003\000:\000\040\000T\000e\000m\000p\000e\000r\000a\000t\000u\000r\000-\000\040\000o\000g\000\040\000F\000u\000g\000t\000i\000g\000h\000e\000d\000s\000o\000v\000e\000r\000v\000\345\000g\000n\000i\000n\000g\000\040\000m\000e\000d\000\040\000D\000H\000T\0001\0001}{section.10.1}% 90
\BOOKMARK [2][-]{subsection.10.1.5}{\376\377\000M\000a\000t\000e\000r\000i\000a\000l\000e\000r}{section.10.1}% 91
\BOOKMARK [2][-]{subsection.10.1.6}{\376\377\000I\000n\000s\000t\000r\000u\000k\000t\000i\000o\000n\000e\000r}{section.10.1}% 92
\BOOKMARK [2][-]{subsection.10.1.7}{\376\377\000O\000p\000g\000a\000v\000e\000\040\0004\000:\000\040\000T\000\346\000n\000d\000/\000S\000l\000u\000k\000\040\000a\000f\000\040\000e\000n\000\040\000F\000a\000n}{section.10.1}% 93
\BOOKMARK [2][-]{subsection.10.1.8}{\376\377\000M\000a\000t\000e\000r\000i\000a\000l\000e\000r}{section.10.1}% 94
\BOOKMARK [2][-]{subsection.10.1.9}{\376\377\000I\000n\000s\000t\000r\000u\000k\000t\000i\000o\000n\000e\000r}{section.10.1}% 95
\BOOKMARK [2][-]{subsection.10.1.10}{\376\377\000O\000p\000g\000a\000v\000e\000\040\0005\000:\000\040\000T\000e\000m\000p\000e\000r\000a\000t\000u\000r\000\040\000A\000l\000a\000r\000m\000\040\000m\000e\000d\000\040\000D\000H\000T\0001\0001}{section.10.1}% 96
\BOOKMARK [2][-]{subsection.10.1.11}{\376\377\000O\000p\000g\000a\000v\000e\000\040\0006\000:\000\040\000S\000e\000r\000v\000o\000\040\000M\000o\000t\000o\000r\000\040\000P\000o\000s\000i\000t\000i\000o\000n\000\040\000C\000o\000n\000t\000r\000o\000l}{section.10.1}% 97
\BOOKMARK [2][-]{subsection.10.1.12}{\376\377\000O\000p\000g\000a\000v\000e\000\040\0007\000:\000\040\000R\000F\000I\000D\000-\000l\000\346\000s\000e\000r\000\040\000t\000i\000l\000\040\000L\000E\000D\000\040\000k\000o\000n\000t\000r\000o\000l}{section.10.1}% 98
\BOOKMARK [2][-]{subsection.10.1.13}{\376\377\000O\000p\000g\000a\000v\000e\000\040\0008\000:\000\040\000T\000e\000m\000p\000e\000r\000a\000t\000u\000r\000s\000t\000y\000r\000e\000t\000\040\000F\000a\000n}{section.10.1}% 99
\BOOKMARK [2][-]{subsection.10.1.14}{\376\377\000O\000p\000g\000a\000v\000e\000\040\0009\000:\000\040\000T\000e\000m\000p\000e\000r\000a\000t\000u\000r\000s\000t\000y\000r\000e\000t\000\040\000R\000G\000B\000\040\000L\000E\000D}{section.10.1}% 100
\BOOKMARK [2][-]{subsection.10.1.15}{\376\377\000O\000p\000g\000a\000v\000e\000\040\0001\0000\000:\000\040\000R\000F\000I\000D\000-\000b\000a\000s\000e\000r\000e\000t\000\040\000F\000a\000n\000-\000\040\000o\000g\000\040\000L\000E\000D\000-\000k\000o\000n\000t\000r\000o\000l}{section.10.1}% 101
